25-04-17.20:15:14.841 [main            ] INFO  Application            - Starting Application using Java 1.8.0_441 on DESKTOP-0PS42FC with PID 17284 (D:\javaproject\AOA_monitor\target\classes started by wuzhichen in D:\javaproject\AOA_monitor)
25-04-17.20:15:14.843 [main            ] INFO  Application            - The following 1 profile is active: "dev"
25-04-17.20:15:15.304 [main            ] INFO  TomcatWebServer        - Tomcat initialized with port(s): 8080 (http)
25-04-17.20:15:15.307 [main            ] INFO  Http11NioProtocol      - Initializing ProtocolHandler ["http-nio-8080"]
25-04-17.20:15:15.308 [main            ] INFO  StandardService        - Starting service [Tomcat]
25-04-17.20:15:15.308 [main            ] INFO  StandardEngine         - Starting Servlet engine: [Apache Tomcat/9.0.83]
25-04-17.20:15:15.408 [main            ] INFO  [/]                    - Initializing Spring embedded WebApplicationContext
25-04-17.20:15:15.408 [main            ] INFO  ServletWebServerApplicationContext - Root WebApplicationContext: initialization completed in 542 ms
25-04-17.20:15:15.782 [main            ] INFO  Http11NioProtocol      - Starting ProtocolHandler ["http-nio-8080"]
25-04-17.20:15:15.795 [main            ] INFO  TomcatWebServer        - Tomcat started on port(s): 8080 (http) with context path ''
25-04-17.20:15:15.796 [main            ] INFO  SimpleBrokerMessageHandler - Starting...
25-04-17.20:15:15.796 [main            ] INFO  SimpleBrokerMessageHandler - BrokerAvailabilityEvent[available=true, SimpleBrokerMessageHandler [org.springframework.messaging.simp.broker.DefaultSubscriptionRegistry@1c046c92]]
25-04-17.20:15:15.796 [main            ] INFO  SimpleBrokerMessageHandler - Started.
25-04-17.20:15:15.799 [main            ] INFO  Application            - Started Application in 1.254 seconds (JVM running for 1.785)
25-04-17.20:16:15.697 [MessageBroker-2 ] INFO  WebSocketMessageBrokerStats - WebSocketSession[0 current WS(0)-HttpStream(0)-HttpPoll(0), 0 total, 0 closed abnormally (0 connect failure, 0 send limit, 0 transport error)], stompSubProtocol[processed CONNECT(0)-CONNECTED(0)-DISCONNECT(0)], stompBrokerRelay[null], inboundChannel[pool size = 0, active threads = 0, queued tasks = 0, completed tasks = 0], outboundChannel[pool size = 0, active threads = 0, queued tasks = 0, completed tasks = 0], sockJsScheduler[pool size = 16, active threads = 1, queued tasks = 1, completed tasks = 60]
25-04-17.20:17:15.931 [http-nio-8080-exec-1] INFO  [/]                    - Initializing Spring DispatcherServlet 'dispatcherServlet'
25-04-17.20:17:15.931 [http-nio-8080-exec-1] INFO  DispatcherServlet      - Initializing Servlet 'dispatcherServlet'
25-04-17.20:17:15.932 [http-nio-8080-exec-1] INFO  DispatcherServlet      - Completed initialization in 1 ms
25-04-17.20:17:15.973 [http-nio-8080-exec-2] INFO  HikariDataSource       - HikariPool-1 - Starting...
25-04-17.20:17:16.283 [http-nio-8080-exec-2] INFO  HikariDataSource       - HikariPool-1 - Start completed.
25-04-17.20:20:59.000 [SpringApplicationShutdownHook] INFO  SimpleBrokerMessageHandler - Stopping...
25-04-17.20:20:59.000 [SpringApplicationShutdownHook] INFO  SimpleBrokerMessageHandler - BrokerAvailabilityEvent[available=false, SimpleBrokerMessageHandler [org.springframework.messaging.simp.broker.DefaultSubscriptionRegistry@1c046c92]]
25-04-17.20:20:59.000 [SpringApplicationShutdownHook] INFO  SimpleBrokerMessageHandler - Stopped.
25-04-17.20:20:59.084 [SpringApplicationShutdownHook] INFO  HikariDataSource       - HikariPool-1 - Shutdown initiated...
25-04-17.20:20:59.090 [SpringApplicationShutdownHook] INFO  HikariDataSource       - HikariPool-1 - Shutdown completed.
25-04-17.20:23:49.362 [main            ] INFO  Application            - Starting Application using Java 1.8.0_441 on DESKTOP-0PS42FC with PID 20648 (D:\javaproject\AOA_monitor\target\classes started by wuzhichen in D:\javaproject\AOA_monitor)
25-04-17.20:23:49.364 [main            ] INFO  Application            - The following 1 profile is active: "dev"
25-04-17.20:23:49.676 [main            ] INFO  TomcatWebServer        - Tomcat initialized with port(s): 8080 (http)
25-04-17.20:23:49.678 [main            ] INFO  Http11NioProtocol      - Initializing ProtocolHandler ["http-nio-8080"]
25-04-17.20:23:49.678 [main            ] INFO  StandardService        - Starting service [Tomcat]
25-04-17.20:23:49.678 [main            ] INFO  StandardEngine         - Starting Servlet engine: [Apache Tomcat/9.0.83]
25-04-17.20:23:49.737 [main            ] INFO  [/]                    - Initializing Spring embedded WebApplicationContext
25-04-17.20:23:49.737 [main            ] INFO  ServletWebServerApplicationContext - Root WebApplicationContext: initialization completed in 358 ms
25-04-17.20:23:50.002 [main            ] INFO  Http11NioProtocol      - Starting ProtocolHandler ["http-nio-8080"]
25-04-17.20:23:50.007 [main            ] INFO  TomcatWebServer        - Tomcat started on port(s): 8080 (http) with context path ''
25-04-17.20:23:50.008 [main            ] INFO  SimpleBrokerMessageHandler - Starting...
25-04-17.20:23:50.008 [main            ] INFO  SimpleBrokerMessageHandler - BrokerAvailabilityEvent[available=true, SimpleBrokerMessageHandler [org.springframework.messaging.simp.broker.DefaultSubscriptionRegistry@7a83ccd2]]
25-04-17.20:23:50.008 [main            ] INFO  SimpleBrokerMessageHandler - Started.
25-04-17.20:23:50.011 [main            ] INFO  Application            - Started Application in 0.86 seconds (JVM running for 1.171)
25-04-17.20:23:50.116 [http-nio-8080-exec-1] INFO  [/]                    - Initializing Spring DispatcherServlet 'dispatcherServlet'
25-04-17.20:23:50.117 [http-nio-8080-exec-1] INFO  DispatcherServlet      - Initializing Servlet 'dispatcherServlet'
25-04-17.20:23:50.117 [http-nio-8080-exec-1] INFO  DispatcherServlet      - Completed initialization in 0 ms
25-04-17.20:24:06.625 [http-nio-8080-exec-6] INFO  HikariDataSource       - HikariPool-1 - Starting...
25-04-17.20:24:06.838 [http-nio-8080-exec-6] INFO  HikariDataSource       - HikariPool-1 - Start completed.
25-04-17.20:24:49.919 [MessageBroker-4 ] INFO  WebSocketMessageBrokerStats - WebSocketSession[2 current WS(2)-HttpStream(0)-HttpPoll(0), 2 total, 0 closed abnormally (0 connect failure, 0 send limit, 0 transport error)], stompSubProtocol[processed CONNECT(2)-CONNECTED(2)-DISCONNECT(0)], stompBrokerRelay[null], inboundChannel[pool size = 12, active threads = 0, queued tasks = 0, completed tasks = 12], outboundChannel[pool size = 32, active threads = 0, queued tasks = 0, completed tasks = 116], sockJsScheduler[pool size = 16, active threads = 1, queued tasks = 1, completed tasks = 60]
25-04-17.20:29:59.032 [SpringApplicationShutdownHook] INFO  SimpleBrokerMessageHandler - Stopping...
25-04-17.20:29:59.032 [SpringApplicationShutdownHook] INFO  SimpleBrokerMessageHandler - BrokerAvailabilityEvent[available=false, SimpleBrokerMessageHandler [org.springframework.messaging.simp.broker.DefaultSubscriptionRegistry@7a83ccd2]]
25-04-17.20:29:59.032 [SpringApplicationShutdownHook] INFO  SimpleBrokerMessageHandler - Stopped.
25-04-17.20:29:59.116 [SpringApplicationShutdownHook] INFO  HikariDataSource       - HikariPool-1 - Shutdown initiated...
25-04-17.20:29:59.122 [SpringApplicationShutdownHook] INFO  HikariDataSource       - HikariPool-1 - Shutdown completed.
25-04-17.20:30:07.535 [main            ] INFO  Application            - Starting Application using Java 1.8.0_441 on DESKTOP-0PS42FC with PID 4240 (D:\javaproject\AOA_monitor\target\classes started by wuzhichen in D:\javaproject\AOA_monitor)
25-04-17.20:30:07.536 [main            ] INFO  Application            - The following 1 profile is active: "dev"
25-04-17.20:30:07.862 [main            ] INFO  TomcatWebServer        - Tomcat initialized with port(s): 8080 (http)
25-04-17.20:30:07.864 [main            ] INFO  Http11NioProtocol      - Initializing ProtocolHandler ["http-nio-8080"]
25-04-17.20:30:07.864 [main            ] INFO  StandardService        - Starting service [Tomcat]
25-04-17.20:30:07.864 [main            ] INFO  StandardEngine         - Starting Servlet engine: [Apache Tomcat/9.0.83]
25-04-17.20:30:07.919 [main            ] INFO  [/]                    - Initializing Spring embedded WebApplicationContext
25-04-17.20:30:07.919 [main            ] INFO  ServletWebServerApplicationContext - Root WebApplicationContext: initialization completed in 367 ms
25-04-17.20:30:08.212 [main            ] INFO  Http11NioProtocol      - Starting ProtocolHandler ["http-nio-8080"]
25-04-17.20:30:08.218 [main            ] INFO  TomcatWebServer        - Tomcat started on port(s): 8080 (http) with context path ''
25-04-17.20:30:08.219 [main            ] INFO  SimpleBrokerMessageHandler - Starting...
25-04-17.20:30:08.219 [main            ] INFO  SimpleBrokerMessageHandler - BrokerAvailabilityEvent[available=true, SimpleBrokerMessageHandler [org.springframework.messaging.simp.broker.DefaultSubscriptionRegistry@46a795de]]
25-04-17.20:30:08.219 [main            ] INFO  SimpleBrokerMessageHandler - Started.
25-04-17.20:30:08.224 [main            ] INFO  Application            - Started Application in 0.872 seconds (JVM running for 1.172)
25-04-17.20:30:08.478 [http-nio-8080-exec-1] INFO  [/]                    - Initializing Spring DispatcherServlet 'dispatcherServlet'
25-04-17.20:30:08.479 [http-nio-8080-exec-1] INFO  DispatcherServlet      - Initializing Servlet 'dispatcherServlet'
25-04-17.20:30:08.479 [http-nio-8080-exec-1] INFO  DispatcherServlet      - Completed initialization in 0 ms
25-04-17.20:30:10.850 [http-nio-8080-exec-2] INFO  HikariDataSource       - HikariPool-1 - Starting...
25-04-17.20:30:11.032 [http-nio-8080-exec-2] INFO  HikariDataSource       - HikariPool-1 - Start completed.
25-04-17.20:30:59.323 [SpringApplicationShutdownHook] INFO  SimpleBrokerMessageHandler - Stopping...
25-04-17.20:30:59.323 [SpringApplicationShutdownHook] INFO  SimpleBrokerMessageHandler - BrokerAvailabilityEvent[available=false, SimpleBrokerMessageHandler [org.springframework.messaging.simp.broker.DefaultSubscriptionRegistry@46a795de]]
25-04-17.20:30:59.323 [SpringApplicationShutdownHook] INFO  SimpleBrokerMessageHandler - Stopped.
25-04-17.20:30:59.413 [SpringApplicationShutdownHook] INFO  HikariDataSource       - HikariPool-1 - Shutdown initiated...
25-04-17.20:30:59.415 [SpringApplicationShutdownHook] INFO  HikariDataSource       - HikariPool-1 - Shutdown completed.
25-04-17.20:31:00.752 [main            ] INFO  Application            - Starting Application using Java 1.8.0_441 on DESKTOP-0PS42FC with PID 13228 (D:\javaproject\AOA_monitor\target\classes started by wuzhichen in D:\javaproject\AOA_monitor)
25-04-17.20:31:00.753 [main            ] INFO  Application            - The following 1 profile is active: "dev"
25-04-17.20:31:01.116 [main            ] INFO  TomcatWebServer        - Tomcat initialized with port(s): 8080 (http)
25-04-17.20:31:01.119 [main            ] INFO  Http11NioProtocol      - Initializing ProtocolHandler ["http-nio-8080"]
25-04-17.20:31:01.119 [main            ] INFO  StandardService        - Starting service [Tomcat]
25-04-17.20:31:01.119 [main            ] INFO  StandardEngine         - Starting Servlet engine: [Apache Tomcat/9.0.83]
25-04-17.20:31:01.177 [main            ] INFO  [/]                    - Initializing Spring embedded WebApplicationContext
25-04-17.20:31:01.177 [main            ] INFO  ServletWebServerApplicationContext - Root WebApplicationContext: initialization completed in 407 ms
25-04-17.20:31:01.455 [main            ] INFO  Http11NioProtocol      - Starting ProtocolHandler ["http-nio-8080"]
25-04-17.20:31:01.460 [main            ] INFO  TomcatWebServer        - Tomcat started on port(s): 8080 (http) with context path ''
25-04-17.20:31:01.461 [main            ] INFO  SimpleBrokerMessageHandler - Starting...
25-04-17.20:31:01.461 [main            ] INFO  SimpleBrokerMessageHandler - BrokerAvailabilityEvent[available=true, SimpleBrokerMessageHandler [org.springframework.messaging.simp.broker.DefaultSubscriptionRegistry@2abafa97]]
25-04-17.20:31:01.461 [main            ] INFO  SimpleBrokerMessageHandler - Started.
25-04-17.20:31:01.464 [main            ] INFO  Application            - Started Application in 0.965 seconds (JVM running for 1.272)
25-04-17.20:31:03.203 [http-nio-8080-exec-1] INFO  [/]                    - Initializing Spring DispatcherServlet 'dispatcherServlet'
25-04-17.20:31:03.203 [http-nio-8080-exec-1] INFO  DispatcherServlet      - Initializing Servlet 'dispatcherServlet'
25-04-17.20:31:03.204 [http-nio-8080-exec-1] INFO  DispatcherServlet      - Completed initialization in 1 ms
25-04-17.20:31:43.762 [SpringApplicationShutdownHook] INFO  SimpleBrokerMessageHandler - Stopping...
25-04-17.20:31:43.762 [SpringApplicationShutdownHook] INFO  SimpleBrokerMessageHandler - BrokerAvailabilityEvent[available=false, SimpleBrokerMessageHandler [org.springframework.messaging.simp.broker.DefaultSubscriptionRegistry@2abafa97]]
25-04-17.20:31:43.762 [SpringApplicationShutdownHook] INFO  SimpleBrokerMessageHandler - Stopped.
25-04-17.20:33:01.833 [main            ] INFO  Application            - Starting Application using Java 1.8.0_441 on DESKTOP-0PS42FC with PID 7060 (D:\javaproject\AOA_monitor\target\classes started by wuzhichen in D:\javaproject\AOA_monitor)
25-04-17.20:33:01.834 [main            ] INFO  Application            - The following 1 profile is active: "dev"
25-04-17.20:33:02.157 [main            ] INFO  TomcatWebServer        - Tomcat initialized with port(s): 8080 (http)
25-04-17.20:33:02.159 [main            ] INFO  Http11NioProtocol      - Initializing ProtocolHandler ["http-nio-8080"]
25-04-17.20:33:02.159 [main            ] INFO  StandardService        - Starting service [Tomcat]
25-04-17.20:33:02.160 [main            ] INFO  StandardEngine         - Starting Servlet engine: [Apache Tomcat/9.0.83]
25-04-17.20:33:02.210 [main            ] INFO  [/]                    - Initializing Spring embedded WebApplicationContext
25-04-17.20:33:02.210 [main            ] INFO  ServletWebServerApplicationContext - Root WebApplicationContext: initialization completed in 360 ms
25-04-17.20:33:02.477 [main            ] INFO  Http11NioProtocol      - Starting ProtocolHandler ["http-nio-8080"]
25-04-17.20:33:02.483 [main            ] INFO  TomcatWebServer        - Tomcat started on port(s): 8080 (http) with context path ''
25-04-17.20:33:02.483 [main            ] INFO  SimpleBrokerMessageHandler - Starting...
25-04-17.20:33:02.483 [main            ] INFO  SimpleBrokerMessageHandler - BrokerAvailabilityEvent[available=true, SimpleBrokerMessageHandler [org.springframework.messaging.simp.broker.DefaultSubscriptionRegistry@528c8c1]]
25-04-17.20:33:02.484 [main            ] INFO  SimpleBrokerMessageHandler - Started.
25-04-17.20:33:02.487 [main            ] INFO  Application            - Started Application in 0.842 seconds (JVM running for 1.159)
25-04-17.20:33:02.619 [http-nio-8080-exec-1] INFO  [/]                    - Initializing Spring DispatcherServlet 'dispatcherServlet'
25-04-17.20:33:02.619 [http-nio-8080-exec-1] INFO  DispatcherServlet      - Initializing Servlet 'dispatcherServlet'
25-04-17.20:33:02.619 [http-nio-8080-exec-1] INFO  DispatcherServlet      - Completed initialization in 0 ms
25-04-17.20:33:05.421 [http-nio-8080-exec-3] INFO  HikariDataSource       - HikariPool-1 - Starting...
25-04-17.20:33:05.605 [http-nio-8080-exec-3] INFO  HikariDataSource       - HikariPool-1 - Start completed.
25-04-17.20:33:20.405 [SpringApplicationShutdownHook] INFO  SimpleBrokerMessageHandler - Stopping...
25-04-17.20:33:20.405 [SpringApplicationShutdownHook] INFO  SimpleBrokerMessageHandler - BrokerAvailabilityEvent[available=false, SimpleBrokerMessageHandler [org.springframework.messaging.simp.broker.DefaultSubscriptionRegistry@528c8c1]]
25-04-17.20:33:20.405 [SpringApplicationShutdownHook] INFO  SimpleBrokerMessageHandler - Stopped.
25-04-17.20:33:20.485 [SpringApplicationShutdownHook] INFO  HikariDataSource       - HikariPool-1 - Shutdown initiated...
25-04-17.20:33:20.490 [SpringApplicationShutdownHook] INFO  HikariDataSource       - HikariPool-1 - Shutdown completed.
25-04-17.20:35:23.373 [main            ] INFO  Application            - Starting Application using Java 1.8.0_441 on DESKTOP-0PS42FC with PID 13248 (D:\javaproject\AOA_monitor\target\classes started by wuzhichen in D:\javaproject\AOA_monitor)
25-04-17.20:35:23.375 [main            ] INFO  Application            - The following 1 profile is active: "dev"
25-04-17.20:35:23.717 [main            ] INFO  TomcatWebServer        - Tomcat initialized with port(s): 8080 (http)
25-04-17.20:35:23.720 [main            ] INFO  Http11NioProtocol      - Initializing ProtocolHandler ["http-nio-8080"]
25-04-17.20:35:23.721 [main            ] INFO  StandardService        - Starting service [Tomcat]
25-04-17.20:35:23.721 [main            ] INFO  StandardEngine         - Starting Servlet engine: [Apache Tomcat/9.0.83]
25-04-17.20:35:23.775 [main            ] INFO  [/]                    - Initializing Spring embedded WebApplicationContext
25-04-17.20:35:23.775 [main            ] INFO  ServletWebServerApplicationContext - Root WebApplicationContext: initialization completed in 384 ms
25-04-17.20:35:24.051 [main            ] INFO  Http11NioProtocol      - Starting ProtocolHandler ["http-nio-8080"]
25-04-17.20:35:24.057 [main            ] INFO  TomcatWebServer        - Tomcat started on port(s): 8080 (http) with context path ''
25-04-17.20:35:24.058 [main            ] INFO  SimpleBrokerMessageHandler - Starting...
25-04-17.20:35:24.058 [main            ] INFO  SimpleBrokerMessageHandler - BrokerAvailabilityEvent[available=true, SimpleBrokerMessageHandler [org.springframework.messaging.simp.broker.DefaultSubscriptionRegistry@1ef31f71]]
25-04-17.20:35:24.058 [main            ] INFO  SimpleBrokerMessageHandler - Started.
25-04-17.20:35:24.062 [main            ] INFO  Application            - Started Application in 0.892 seconds (JVM running for 1.208)
25-04-17.20:35:25.746 [http-nio-8080-exec-1] INFO  [/]                    - Initializing Spring DispatcherServlet 'dispatcherServlet'
25-04-17.20:35:25.746 [http-nio-8080-exec-1] INFO  DispatcherServlet      - Initializing Servlet 'dispatcherServlet'
25-04-17.20:35:25.747 [http-nio-8080-exec-1] INFO  DispatcherServlet      - Completed initialization in 1 ms
25-04-17.20:35:30.384 [http-nio-8080-exec-6] INFO  HikariDataSource       - HikariPool-1 - Starting...
25-04-17.20:35:30.577 [http-nio-8080-exec-6] INFO  HikariDataSource       - HikariPool-1 - Start completed.
25-04-17.20:36:04.253 [SpringApplicationShutdownHook] INFO  SimpleBrokerMessageHandler - Stopping...
25-04-17.20:36:04.253 [SpringApplicationShutdownHook] INFO  SimpleBrokerMessageHandler - BrokerAvailabilityEvent[available=false, SimpleBrokerMessageHandler [org.springframework.messaging.simp.broker.DefaultSubscriptionRegistry@1ef31f71]]
25-04-17.20:36:04.253 [SpringApplicationShutdownHook] INFO  SimpleBrokerMessageHandler - Stopped.
25-04-17.20:36:04.337 [SpringApplicationShutdownHook] INFO  HikariDataSource       - HikariPool-1 - Shutdown initiated...
25-04-17.20:36:04.342 [SpringApplicationShutdownHook] INFO  HikariDataSource       - HikariPool-1 - Shutdown completed.
25-04-17.20:46:19.033 [main            ] INFO  Application            - Starting Application using Java 1.8.0_441 on DESKTOP-0PS42FC with PID 11444 (D:\javaproject\AOA_monitor\target\classes started by wuzhichen in D:\javaproject\AOA_monitor)
25-04-17.20:46:19.034 [main            ] INFO  Application            - The following 1 profile is active: "dev"
25-04-17.20:46:19.384 [main            ] INFO  TomcatWebServer        - Tomcat initialized with port(s): 8080 (http)
25-04-17.20:46:19.387 [main            ] INFO  Http11NioProtocol      - Initializing ProtocolHandler ["http-nio-8080"]
25-04-17.20:46:19.387 [main            ] INFO  StandardService        - Starting service [Tomcat]
25-04-17.20:46:19.387 [main            ] INFO  StandardEngine         - Starting Servlet engine: [Apache Tomcat/9.0.83]
25-04-17.20:46:19.442 [main            ] INFO  [/]                    - Initializing Spring embedded WebApplicationContext
25-04-17.20:46:19.442 [main            ] INFO  ServletWebServerApplicationContext - Root WebApplicationContext: initialization completed in 392 ms
25-04-17.20:46:19.719 [main            ] INFO  Http11NioProtocol      - Starting ProtocolHandler ["http-nio-8080"]
25-04-17.20:46:19.724 [main            ] INFO  TomcatWebServer        - Tomcat started on port(s): 8080 (http) with context path ''
25-04-17.20:46:19.725 [main            ] INFO  SimpleBrokerMessageHandler - Starting...
25-04-17.20:46:19.725 [main            ] INFO  SimpleBrokerMessageHandler - BrokerAvailabilityEvent[available=true, SimpleBrokerMessageHandler [org.springframework.messaging.simp.broker.DefaultSubscriptionRegistry@35787726]]
25-04-17.20:46:19.725 [main            ] INFO  SimpleBrokerMessageHandler - Started.
25-04-17.20:46:19.728 [main            ] INFO  Application            - Started Application in 0.892 seconds (JVM running for 1.213)
25-04-17.20:46:20.880 [http-nio-8080-exec-1] INFO  [/]                    - Initializing Spring DispatcherServlet 'dispatcherServlet'
25-04-17.20:46:20.880 [http-nio-8080-exec-1] INFO  DispatcherServlet      - Initializing Servlet 'dispatcherServlet'
25-04-17.20:46:20.881 [http-nio-8080-exec-1] INFO  DispatcherServlet      - Completed initialization in 1 ms
25-04-17.20:46:20.916 [http-nio-8080-exec-2] INFO  HikariDataSource       - HikariPool-1 - Starting...
25-04-17.20:46:21.093 [http-nio-8080-exec-2] INFO  HikariDataSource       - HikariPool-1 - Start completed.
25-04-17.20:47:19.646 [MessageBroker-2 ] INFO  WebSocketMessageBrokerStats - WebSocketSession[3 current WS(3)-HttpStream(0)-HttpPoll(0), 3 total, 0 closed abnormally (0 connect failure, 0 send limit, 0 transport error)], stompSubProtocol[processed CONNECT(3)-CONNECTED(3)-DISCONNECT(0)], stompBrokerRelay[null], inboundChannel[pool size = 18, active threads = 0, queued tasks = 0, completed tasks = 18], outboundChannel[pool size = 32, active threads = 0, queued tasks = 0, completed tasks = 1268], sockJsScheduler[pool size = 16, active threads = 1, queued tasks = 1, completed tasks = 600]
25-04-17.20:49:04.024 [SpringApplicationShutdownHook] INFO  SimpleBrokerMessageHandler - Stopping...
25-04-17.20:49:04.024 [SpringApplicationShutdownHook] INFO  SimpleBrokerMessageHandler - BrokerAvailabilityEvent[available=false, SimpleBrokerMessageHandler [org.springframework.messaging.simp.broker.DefaultSubscriptionRegistry@35787726]]
25-04-17.20:49:04.024 [SpringApplicationShutdownHook] INFO  SimpleBrokerMessageHandler - Stopped.
25-04-17.20:49:04.106 [SpringApplicationShutdownHook] INFO  HikariDataSource       - HikariPool-1 - Shutdown initiated...
25-04-17.20:49:04.108 [SpringApplicationShutdownHook] INFO  HikariDataSource       - HikariPool-1 - Shutdown completed.
25-04-17.20:51:49.737 [main            ] INFO  Application            - Starting Application using Java 1.8.0_441 on DESKTOP-0PS42FC with PID 15852 (D:\javaproject\AOA_monitor\target\classes started by wuzhichen in D:\javaproject\AOA_monitor)
25-04-17.20:51:49.738 [main            ] INFO  Application            - The following 1 profile is active: "dev"
25-04-17.20:51:50.060 [main            ] INFO  TomcatWebServer        - Tomcat initialized with port(s): 8080 (http)
25-04-17.20:51:50.062 [main            ] INFO  Http11NioProtocol      - Initializing ProtocolHandler ["http-nio-8080"]
25-04-17.20:51:50.062 [main            ] INFO  StandardService        - Starting service [Tomcat]
25-04-17.20:51:50.063 [main            ] INFO  StandardEngine         - Starting Servlet engine: [Apache Tomcat/9.0.83]
25-04-17.20:51:50.113 [main            ] INFO  [/]                    - Initializing Spring embedded WebApplicationContext
25-04-17.20:51:50.113 [main            ] INFO  ServletWebServerApplicationContext - Root WebApplicationContext: initialization completed in 360 ms
25-04-17.20:51:50.385 [main            ] INFO  Http11NioProtocol      - Starting ProtocolHandler ["http-nio-8080"]
25-04-17.20:51:50.390 [main            ] INFO  TomcatWebServer        - Tomcat started on port(s): 8080 (http) with context path ''
25-04-17.20:51:50.391 [main            ] INFO  SimpleBrokerMessageHandler - Starting...
25-04-17.20:51:50.391 [main            ] INFO  SimpleBrokerMessageHandler - BrokerAvailabilityEvent[available=true, SimpleBrokerMessageHandler [org.springframework.messaging.simp.broker.DefaultSubscriptionRegistry@46a795de]]
25-04-17.20:51:50.391 [main            ] INFO  SimpleBrokerMessageHandler - Started.
25-04-17.20:51:50.394 [main            ] INFO  Application            - Started Application in 0.843 seconds (JVM running for 1.144)
25-04-17.20:51:50.576 [http-nio-8080-exec-1] INFO  [/]                    - Initializing Spring DispatcherServlet 'dispatcherServlet'
25-04-17.20:51:50.576 [http-nio-8080-exec-1] INFO  DispatcherServlet      - Initializing Servlet 'dispatcherServlet'
25-04-17.20:51:50.576 [http-nio-8080-exec-1] INFO  DispatcherServlet      - Completed initialization in 0 ms
25-04-17.20:51:52.805 [http-nio-8080-exec-3] INFO  HikariDataSource       - HikariPool-1 - Starting...
25-04-17.20:51:52.990 [http-nio-8080-exec-3] INFO  HikariDataSource       - HikariPool-1 - Start completed.
25-04-17.20:52:50.305 [MessageBroker-15] INFO  WebSocketMessageBrokerStats - WebSocketSession[2 current WS(2)-HttpStream(0)-HttpPoll(0), 2 total, 0 closed abnormally (0 connect failure, 0 send limit, 0 transport error)], stompSubProtocol[processed CONNECT(2)-CONNECTED(2)-DISCONNECT(0)], stompBrokerRelay[null], inboundChannel[pool size = 12, active threads = 0, queued tasks = 0, completed tasks = 12], outboundChannel[pool size = 32, active threads = 0, queued tasks = 0, completed tasks = 852], sockJsScheduler[pool size = 16, active threads = 1, queued tasks = 1, completed tasks = 600]
25-04-17.21:04:17.949 [SpringApplicationShutdownHook] INFO  SimpleBrokerMessageHandler - Stopping...
25-04-17.21:04:17.949 [SpringApplicationShutdownHook] INFO  SimpleBrokerMessageHandler - BrokerAvailabilityEvent[available=false, SimpleBrokerMessageHandler [org.springframework.messaging.simp.broker.DefaultSubscriptionRegistry@46a795de]]
25-04-17.21:04:17.949 [SpringApplicationShutdownHook] INFO  SimpleBrokerMessageHandler - Stopped.
25-04-17.21:04:18.022 [SpringApplicationShutdownHook] INFO  HikariDataSource       - HikariPool-1 - Shutdown initiated...
25-04-17.21:04:18.024 [SpringApplicationShutdownHook] INFO  HikariDataSource       - HikariPool-1 - Shutdown completed.
25-04-17.21:04:35.872 [main            ] INFO  Application            - Starting Application using Java 1.8.0_441 on DESKTOP-0PS42FC with PID 17808 (D:\javaproject\AOA_monitor\target\classes started by wuzhichen in D:\javaproject\AOA_monitor)
25-04-17.21:04:35.873 [main            ] INFO  Application            - The following 1 profile is active: "dev"
25-04-17.21:04:36.207 [main            ] INFO  TomcatWebServer        - Tomcat initialized with port(s): 8080 (http)
25-04-17.21:04:36.210 [main            ] INFO  Http11NioProtocol      - Initializing ProtocolHandler ["http-nio-8080"]
25-04-17.21:04:36.211 [main            ] INFO  StandardService        - Starting service [Tomcat]
25-04-17.21:04:36.211 [main            ] INFO  StandardEngine         - Starting Servlet engine: [Apache Tomcat/9.0.83]
25-04-17.21:04:36.264 [main            ] INFO  [/]                    - Initializing Spring embedded WebApplicationContext
25-04-17.21:04:36.265 [main            ] INFO  ServletWebServerApplicationContext - Root WebApplicationContext: initialization completed in 376 ms
25-04-17.21:04:36.539 [main            ] INFO  Http11NioProtocol      - Starting ProtocolHandler ["http-nio-8080"]
25-04-17.21:04:36.545 [main            ] INFO  TomcatWebServer        - Tomcat started on port(s): 8080 (http) with context path ''
25-04-17.21:04:36.545 [main            ] INFO  SimpleBrokerMessageHandler - Starting...
25-04-17.21:04:36.545 [main            ] INFO  SimpleBrokerMessageHandler - BrokerAvailabilityEvent[available=true, SimpleBrokerMessageHandler [org.springframework.messaging.simp.broker.DefaultSubscriptionRegistry@1ef31f71]]
25-04-17.21:04:36.545 [main            ] INFO  SimpleBrokerMessageHandler - Started.
25-04-17.21:04:36.549 [main            ] INFO  Application            - Started Application in 0.869 seconds (JVM running for 1.171)
25-04-17.21:04:37.905 [http-nio-8080-exec-1] INFO  [/]                    - Initializing Spring DispatcherServlet 'dispatcherServlet'
25-04-17.21:04:37.905 [http-nio-8080-exec-1] INFO  DispatcherServlet      - Initializing Servlet 'dispatcherServlet'
25-04-17.21:04:37.905 [http-nio-8080-exec-1] INFO  DispatcherServlet      - Completed initialization in 0 ms
25-04-17.21:04:37.927 [http-nio-8080-exec-1] INFO  HikariDataSource       - HikariPool-1 - Starting...
25-04-17.21:04:38.098 [http-nio-8080-exec-1] INFO  HikariDataSource       - HikariPool-1 - Start completed.
25-04-17.21:05:03.761 [SpringApplicationShutdownHook] INFO  SimpleBrokerMessageHandler - Stopping...
25-04-17.21:05:03.762 [SpringApplicationShutdownHook] INFO  SimpleBrokerMessageHandler - BrokerAvailabilityEvent[available=false, SimpleBrokerMessageHandler [org.springframework.messaging.simp.broker.DefaultSubscriptionRegistry@1ef31f71]]
25-04-17.21:05:03.762 [SpringApplicationShutdownHook] INFO  SimpleBrokerMessageHandler - Stopped.
25-04-17.21:05:03.840 [SpringApplicationShutdownHook] INFO  HikariDataSource       - HikariPool-1 - Shutdown initiated...
25-04-17.21:05:03.842 [SpringApplicationShutdownHook] INFO  HikariDataSource       - HikariPool-1 - Shutdown completed.
25-04-17.21:06:12.111 [main            ] INFO  Application            - Starting Application using Java 1.8.0_441 on DESKTOP-0PS42FC with PID 7624 (D:\javaproject\AOA_monitor\target\classes started by wuzhichen in D:\javaproject\AOA_monitor)
25-04-17.21:06:12.113 [main            ] INFO  Application            - The following 1 profile is active: "dev"
25-04-17.21:06:12.456 [main            ] INFO  TomcatWebServer        - Tomcat initialized with port(s): 8080 (http)
25-04-17.21:06:12.458 [main            ] INFO  Http11NioProtocol      - Initializing ProtocolHandler ["http-nio-8080"]
25-04-17.21:06:12.459 [main            ] INFO  StandardService        - Starting service [Tomcat]
25-04-17.21:06:12.459 [main            ] INFO  StandardEngine         - Starting Servlet engine: [Apache Tomcat/9.0.83]
25-04-17.21:06:12.508 [main            ] INFO  [/]                    - Initializing Spring embedded WebApplicationContext
25-04-17.21:06:12.508 [main            ] INFO  ServletWebServerApplicationContext - Root WebApplicationContext: initialization completed in 378 ms
25-04-17.21:06:12.782 [main            ] INFO  Http11NioProtocol      - Starting ProtocolHandler ["http-nio-8080"]
25-04-17.21:06:12.787 [main            ] INFO  TomcatWebServer        - Tomcat started on port(s): 8080 (http) with context path ''
25-04-17.21:06:12.788 [main            ] INFO  SimpleBrokerMessageHandler - Starting...
25-04-17.21:06:12.788 [main            ] INFO  SimpleBrokerMessageHandler - BrokerAvailabilityEvent[available=true, SimpleBrokerMessageHandler [org.springframework.messaging.simp.broker.DefaultSubscriptionRegistry@5dbbb292]]
25-04-17.21:06:12.788 [main            ] INFO  SimpleBrokerMessageHandler - Started.
25-04-17.21:06:12.792 [main            ] INFO  Application            - Started Application in 0.937 seconds (JVM running for 1.248)
25-04-17.21:06:13.625 [http-nio-8080-exec-1] INFO  [/]                    - Initializing Spring DispatcherServlet 'dispatcherServlet'
25-04-17.21:06:13.625 [http-nio-8080-exec-1] INFO  DispatcherServlet      - Initializing Servlet 'dispatcherServlet'
25-04-17.21:06:13.626 [http-nio-8080-exec-1] INFO  DispatcherServlet      - Completed initialization in 1 ms
25-04-17.21:06:36.306 [http-nio-8080-exec-8] INFO  HikariDataSource       - HikariPool-1 - Starting...
25-04-17.21:06:36.487 [http-nio-8080-exec-8] INFO  HikariDataSource       - HikariPool-1 - Start completed.
25-04-17.21:07:12.708 [MessageBroker-14] INFO  WebSocketMessageBrokerStats - WebSocketSession[1 current WS(1)-HttpStream(0)-HttpPoll(0), 3 total, 0 closed abnormally (0 connect failure, 0 send limit, 0 transport error)], stompSubProtocol[processed CONNECT(3)-CONNECTED(3)-DISCONNECT(0)], stompBrokerRelay[null], inboundChannel[pool size = 24, active threads = 0, queued tasks = 0, completed tasks = 24], outboundChannel[pool size = 32, active threads = 0, queued tasks = 0, completed tasks = 423], sockJsScheduler[pool size = 16, active threads = 1, queued tasks = 1, completed tasks = 600]
25-04-17.21:07:20.782 [SpringApplicationShutdownHook] INFO  SimpleBrokerMessageHandler - Stopping...
25-04-17.21:07:20.782 [SpringApplicationShutdownHook] INFO  SimpleBrokerMessageHandler - BrokerAvailabilityEvent[available=false, SimpleBrokerMessageHandler [org.springframework.messaging.simp.broker.DefaultSubscriptionRegistry@5dbbb292]]
25-04-17.21:07:20.782 [SpringApplicationShutdownHook] INFO  SimpleBrokerMessageHandler - Stopped.
25-04-17.21:07:20.869 [SpringApplicationShutdownHook] INFO  HikariDataSource       - HikariPool-1 - Shutdown initiated...
25-04-17.21:07:20.876 [SpringApplicationShutdownHook] INFO  HikariDataSource       - HikariPool-1 - Shutdown completed.
25-04-17.21:07:22.181 [main            ] INFO  Application            - Starting Application using Java 1.8.0_441 on DESKTOP-0PS42FC with PID 16208 (D:\javaproject\AOA_monitor\target\classes started by wuzhichen in D:\javaproject\AOA_monitor)
25-04-17.21:07:22.183 [main            ] INFO  Application            - The following 1 profile is active: "dev"
25-04-17.21:07:22.555 [main            ] INFO  TomcatWebServer        - Tomcat initialized with port(s): 8080 (http)
25-04-17.21:07:22.560 [main            ] INFO  Http11NioProtocol      - Initializing ProtocolHandler ["http-nio-8080"]
25-04-17.21:07:22.560 [main            ] INFO  StandardService        - Starting service [Tomcat]
25-04-17.21:07:22.560 [main            ] INFO  StandardEngine         - Starting Servlet engine: [Apache Tomcat/9.0.83]
25-04-17.21:07:22.622 [main            ] INFO  [/]                    - Initializing Spring embedded WebApplicationContext
25-04-17.21:07:22.623 [main            ] INFO  ServletWebServerApplicationContext - Root WebApplicationContext: initialization completed in 419 ms
25-04-17.21:07:22.893 [main            ] INFO  Http11NioProtocol      - Starting ProtocolHandler ["http-nio-8080"]
25-04-17.21:07:22.898 [main            ] INFO  TomcatWebServer        - Tomcat started on port(s): 8080 (http) with context path ''
25-04-17.21:07:22.899 [main            ] INFO  SimpleBrokerMessageHandler - Starting...
25-04-17.21:07:22.899 [main            ] INFO  SimpleBrokerMessageHandler - BrokerAvailabilityEvent[available=true, SimpleBrokerMessageHandler [org.springframework.messaging.simp.broker.DefaultSubscriptionRegistry@40717ed]]
25-04-17.21:07:22.899 [main            ] INFO  SimpleBrokerMessageHandler - Started.
25-04-17.21:07:22.903 [main            ] INFO  Application            - Started Application in 0.967 seconds (JVM running for 1.269)
25-04-17.21:07:23.734 [http-nio-8080-exec-1] INFO  [/]                    - Initializing Spring DispatcherServlet 'dispatcherServlet'
25-04-17.21:07:23.735 [http-nio-8080-exec-1] INFO  DispatcherServlet      - Initializing Servlet 'dispatcherServlet'
25-04-17.21:07:23.735 [http-nio-8080-exec-1] INFO  DispatcherServlet      - Completed initialization in 0 ms
25-04-17.21:07:23.751 [http-nio-8080-exec-1] INFO  HikariDataSource       - HikariPool-1 - Starting...
25-04-17.21:07:23.919 [http-nio-8080-exec-1] INFO  HikariDataSource       - HikariPool-1 - Start completed.
25-04-17.21:07:53.884 [SpringApplicationShutdownHook] INFO  SimpleBrokerMessageHandler - Stopping...
25-04-17.21:07:53.884 [SpringApplicationShutdownHook] INFO  SimpleBrokerMessageHandler - BrokerAvailabilityEvent[available=false, SimpleBrokerMessageHandler [org.springframework.messaging.simp.broker.DefaultSubscriptionRegistry@40717ed]]
25-04-17.21:07:53.884 [SpringApplicationShutdownHook] INFO  SimpleBrokerMessageHandler - Stopped.
25-04-17.21:07:53.969 [SpringApplicationShutdownHook] INFO  HikariDataSource       - HikariPool-1 - Shutdown initiated...
25-04-17.21:07:53.971 [SpringApplicationShutdownHook] INFO  HikariDataSource       - HikariPool-1 - Shutdown completed.
25-04-17.21:08:43.173 [main            ] INFO  Application            - Starting Application using Java 1.8.0_441 on DESKTOP-0PS42FC with PID 3040 (D:\javaproject\AOA_monitor\target\classes started by wuzhichen in D:\javaproject\AOA_monitor)
25-04-17.21:08:43.174 [main            ] INFO  Application            - The following 1 profile is active: "dev"
25-04-17.21:08:43.485 [main            ] INFO  TomcatWebServer        - Tomcat initialized with port(s): 8080 (http)
25-04-17.21:08:43.487 [main            ] INFO  Http11NioProtocol      - Initializing ProtocolHandler ["http-nio-8080"]
25-04-17.21:08:43.488 [main            ] INFO  StandardService        - Starting service [Tomcat]
25-04-17.21:08:43.488 [main            ] INFO  StandardEngine         - Starting Servlet engine: [Apache Tomcat/9.0.83]
25-04-17.21:08:43.537 [main            ] INFO  [/]                    - Initializing Spring embedded WebApplicationContext
25-04-17.21:08:43.538 [main            ] INFO  ServletWebServerApplicationContext - Root WebApplicationContext: initialization completed in 349 ms
25-04-17.21:08:43.801 [main            ] INFO  Http11NioProtocol      - Starting ProtocolHandler ["http-nio-8080"]
25-04-17.21:08:43.807 [main            ] INFO  TomcatWebServer        - Tomcat started on port(s): 8080 (http) with context path ''
25-04-17.21:08:43.807 [main            ] INFO  SimpleBrokerMessageHandler - Starting...
25-04-17.21:08:43.807 [main            ] INFO  SimpleBrokerMessageHandler - BrokerAvailabilityEvent[available=true, SimpleBrokerMessageHandler [org.springframework.messaging.simp.broker.DefaultSubscriptionRegistry@26582ca]]
25-04-17.21:08:43.807 [main            ] INFO  SimpleBrokerMessageHandler - Started.
25-04-17.21:08:43.811 [main            ] INFO  Application            - Started Application in 0.817 seconds (JVM running for 1.113)
25-04-17.21:08:44.615 [http-nio-8080-exec-1] INFO  [/]                    - Initializing Spring DispatcherServlet 'dispatcherServlet'
25-04-17.21:08:44.615 [http-nio-8080-exec-1] INFO  DispatcherServlet      - Initializing Servlet 'dispatcherServlet'
25-04-17.21:08:44.616 [http-nio-8080-exec-1] INFO  DispatcherServlet      - Completed initialization in 1 ms
25-04-17.21:09:13.292 [http-nio-8080-exec-8] INFO  HikariDataSource       - HikariPool-1 - Starting...
25-04-17.21:09:13.502 [http-nio-8080-exec-8] INFO  HikariDataSource       - HikariPool-1 - Start completed.
25-04-17.21:09:43.730 [MessageBroker-8 ] INFO  WebSocketMessageBrokerStats - WebSocketSession[1 current WS(1)-HttpStream(0)-HttpPoll(0), 3 total, 0 closed abnormally (0 connect failure, 0 send limit, 0 transport error)], stompSubProtocol[processed CONNECT(3)-CONNECTED(3)-DISCONNECT(0)], stompBrokerRelay[null], inboundChannel[pool size = 24, active threads = 0, queued tasks = 0, completed tasks = 24], outboundChannel[pool size = 32, active threads = 0, queued tasks = 0, completed tasks = 220], sockJsScheduler[pool size = 16, active threads = 1, queued tasks = 1, completed tasks = 600]
25-04-17.21:39:43.741 [MessageBroker-12] INFO  WebSocketMessageBrokerStats - WebSocketSession[0 current WS(0)-HttpStream(0)-HttpPoll(0), 4 total, 0 closed abnormally (0 connect failure, 0 send limit, 0 transport error)], stompSubProtocol[processed CONNECT(4)-CONNECTED(4)-DISCONNECT(0)], stompBrokerRelay[null], inboundChannel[pool size = 0, active threads = 0, queued tasks = 0, completed tasks = 36], outboundChannel[pool size = 0, active threads = 0, queued tasks = 0, completed tasks = 223], sockJsScheduler[pool size = 16, active threads = 1, queued tasks = 1, completed tasks = 18601]
25-04-17.21:56:39.726 [SpringApplicationShutdownHook] INFO  SimpleBrokerMessageHandler - Stopping...
25-04-17.21:56:39.726 [SpringApplicationShutdownHook] INFO  SimpleBrokerMessageHandler - BrokerAvailabilityEvent[available=false, SimpleBrokerMessageHandler [org.springframework.messaging.simp.broker.DefaultSubscriptionRegistry@26582ca]]
25-04-17.21:56:39.726 [SpringApplicationShutdownHook] INFO  SimpleBrokerMessageHandler - Stopped.
25-04-17.21:56:39.805 [SpringApplicationShutdownHook] INFO  HikariDataSource       - HikariPool-1 - Shutdown initiated...
25-04-17.21:56:39.810 [SpringApplicationShutdownHook] INFO  HikariDataSource       - HikariPool-1 - Shutdown completed.
25-04-17.21:56:45.528 [main            ] INFO  Application            - Starting Application using Java 1.8.0_441 on DESKTOP-0PS42FC with PID 3108 (D:\javaproject\AOA_monitor\target\classes started by wuzhichen in D:\javaproject\AOA_monitor)
25-04-17.21:56:45.529 [main            ] INFO  Application            - The following 1 profile is active: "dev"
25-04-17.21:56:45.864 [main            ] INFO  TomcatWebServer        - Tomcat initialized with port(s): 8080 (http)
25-04-17.21:56:45.867 [main            ] INFO  Http11NioProtocol      - Initializing ProtocolHandler ["http-nio-8080"]
25-04-17.21:56:45.867 [main            ] INFO  StandardService        - Starting service [Tomcat]
25-04-17.21:56:45.867 [main            ] INFO  StandardEngine         - Starting Servlet engine: [Apache Tomcat/9.0.83]
25-04-17.21:56:45.917 [main            ] INFO  [/]                    - Initializing Spring embedded WebApplicationContext
25-04-17.21:56:45.917 [main            ] INFO  ServletWebServerApplicationContext - Root WebApplicationContext: initialization completed in 373 ms
25-04-17.21:56:46.182 [main            ] INFO  Http11NioProtocol      - Starting ProtocolHandler ["http-nio-8080"]
25-04-17.21:56:46.187 [main            ] INFO  TomcatWebServer        - Tomcat started on port(s): 8080 (http) with context path ''
25-04-17.21:56:46.187 [main            ] INFO  SimpleBrokerMessageHandler - Starting...
25-04-17.21:56:46.187 [main            ] INFO  SimpleBrokerMessageHandler - BrokerAvailabilityEvent[available=true, SimpleBrokerMessageHandler [org.springframework.messaging.simp.broker.DefaultSubscriptionRegistry@599a9cb2]]
25-04-17.21:56:46.188 [main            ] INFO  SimpleBrokerMessageHandler - Started.
25-04-17.21:56:46.191 [main            ] INFO  Application            - Started Application in 0.845 seconds (JVM running for 1.138)
25-04-17.21:56:55.372 [http-nio-8080-exec-1] INFO  [/]                    - Initializing Spring DispatcherServlet 'dispatcherServlet'
25-04-17.21:56:55.372 [http-nio-8080-exec-1] INFO  DispatcherServlet      - Initializing Servlet 'dispatcherServlet'
25-04-17.21:56:55.372 [http-nio-8080-exec-1] INFO  DispatcherServlet      - Completed initialization in 0 ms
25-04-17.21:56:55.389 [http-nio-8080-exec-1] INFO  HikariDataSource       - HikariPool-1 - Starting...
25-04-17.21:56:55.562 [http-nio-8080-exec-1] INFO  HikariDataSource       - HikariPool-1 - Start completed.
25-04-17.21:57:46.101 [MessageBroker-8 ] INFO  WebSocketMessageBrokerStats - WebSocketSession[0 current WS(0)-HttpStream(0)-HttpPoll(0), 0 total, 0 closed abnormally (0 connect failure, 0 send limit, 0 transport error)], stompSubProtocol[processed CONNECT(0)-CONNECTED(0)-DISCONNECT(0)], stompBrokerRelay[null], inboundChannel[pool size = 0, active threads = 0, queued tasks = 0, completed tasks = 0], outboundChannel[pool size = 0, active threads = 0, queued tasks = 0, completed tasks = 0], sockJsScheduler[pool size = 16, active threads = 1, queued tasks = 1, completed tasks = 600]
25-04-17.21:59:08.898 [SpringApplicationShutdownHook] INFO  SimpleBrokerMessageHandler - Stopping...
25-04-17.21:59:08.898 [SpringApplicationShutdownHook] INFO  SimpleBrokerMessageHandler - BrokerAvailabilityEvent[available=false, SimpleBrokerMessageHandler [org.springframework.messaging.simp.broker.DefaultSubscriptionRegistry@599a9cb2]]
25-04-17.21:59:08.898 [SpringApplicationShutdownHook] INFO  SimpleBrokerMessageHandler - Stopped.
25-04-17.21:59:08.979 [SpringApplicationShutdownHook] INFO  HikariDataSource       - HikariPool-1 - Shutdown initiated...
25-04-17.21:59:08.985 [SpringApplicationShutdownHook] INFO  HikariDataSource       - HikariPool-1 - Shutdown completed.
25-04-17.21:59:11.418 [main            ] INFO  Application            - Starting Application using Java 1.8.0_441 on DESKTOP-0PS42FC with PID 20792 (D:\javaproject\AOA_monitor\target\classes started by wuzhichen in D:\javaproject\AOA_monitor)
25-04-17.21:59:11.419 [main            ] INFO  Application            - The following 1 profile is active: "dev"
25-04-17.21:59:11.731 [main            ] INFO  TomcatWebServer        - Tomcat initialized with port(s): 8080 (http)
25-04-17.21:59:11.733 [main            ] INFO  Http11NioProtocol      - Initializing ProtocolHandler ["http-nio-8080"]
25-04-17.21:59:11.734 [main            ] INFO  StandardService        - Starting service [Tomcat]
25-04-17.21:59:11.734 [main            ] INFO  StandardEngine         - Starting Servlet engine: [Apache Tomcat/9.0.83]
25-04-17.21:59:11.783 [main            ] INFO  [/]                    - Initializing Spring embedded WebApplicationContext
25-04-17.21:59:11.783 [main            ] INFO  ServletWebServerApplicationContext - Root WebApplicationContext: initialization completed in 349 ms
25-04-17.21:59:12.039 [main            ] INFO  Http11NioProtocol      - Starting ProtocolHandler ["http-nio-8080"]
25-04-17.21:59:12.044 [main            ] INFO  TomcatWebServer        - Tomcat started on port(s): 8080 (http) with context path ''
25-04-17.21:59:12.045 [main            ] INFO  SimpleBrokerMessageHandler - Starting...
25-04-17.21:59:12.045 [main            ] INFO  SimpleBrokerMessageHandler - BrokerAvailabilityEvent[available=true, SimpleBrokerMessageHandler [org.springframework.messaging.simp.broker.DefaultSubscriptionRegistry@1310fcb0]]
25-04-17.21:59:12.045 [main            ] INFO  SimpleBrokerMessageHandler - Started.
25-04-17.21:59:12.048 [main            ] INFO  Application            - Started Application in 0.813 seconds (JVM running for 1.096)
25-04-17.21:59:17.672 [http-nio-8080-exec-1] INFO  [/]                    - Initializing Spring DispatcherServlet 'dispatcherServlet'
25-04-17.21:59:17.673 [http-nio-8080-exec-1] INFO  DispatcherServlet      - Initializing Servlet 'dispatcherServlet'
25-04-17.21:59:17.673 [http-nio-8080-exec-1] INFO  DispatcherServlet      - Completed initialization in 0 ms
25-04-17.21:59:17.690 [http-nio-8080-exec-1] INFO  HikariDataSource       - HikariPool-1 - Starting...
25-04-17.21:59:17.875 [http-nio-8080-exec-1] INFO  HikariDataSource       - HikariPool-1 - Start completed.
25-04-17.22:00:11.956 [MessageBroker-10] INFO  WebSocketMessageBrokerStats - WebSocketSession[0 current WS(0)-HttpStream(0)-HttpPoll(0), 0 total, 0 closed abnormally (0 connect failure, 0 send limit, 0 transport error)], stompSubProtocol[processed CONNECT(0)-CONNECTED(0)-DISCONNECT(0)], stompBrokerRelay[null], inboundChannel[pool size = 0, active threads = 0, queued tasks = 0, completed tasks = 0], outboundChannel[pool size = 0, active threads = 0, queued tasks = 0, completed tasks = 0], sockJsScheduler[pool size = 16, active threads = 1, queued tasks = 1, completed tasks = 600]
25-04-17.22:14:34.308 [SpringApplicationShutdownHook] INFO  SimpleBrokerMessageHandler - Stopping...
25-04-17.22:14:34.308 [SpringApplicationShutdownHook] INFO  SimpleBrokerMessageHandler - BrokerAvailabilityEvent[available=false, SimpleBrokerMessageHandler [org.springframework.messaging.simp.broker.DefaultSubscriptionRegistry@1310fcb0]]
25-04-17.22:14:34.308 [SpringApplicationShutdownHook] INFO  SimpleBrokerMessageHandler - Stopped.
25-04-17.22:14:34.389 [SpringApplicationShutdownHook] INFO  HikariDataSource       - HikariPool-1 - Shutdown initiated...
25-04-17.22:14:34.395 [SpringApplicationShutdownHook] INFO  HikariDataSource       - HikariPool-1 - Shutdown completed.
25-04-17.22:15:10.167 [main            ] INFO  Application            - Starting Application using Java 1.8.0_441 on DESKTOP-0PS42FC with PID 11288 (D:\javaproject\AOA_monitor\target\classes started by wuzhichen in D:\javaproject\AOA_monitor)
25-04-17.22:15:10.168 [main            ] INFO  Application            - The following 1 profile is active: "dev"
25-04-17.22:15:10.493 [main            ] INFO  TomcatWebServer        - Tomcat initialized with port(s): 8080 (http)
25-04-17.22:15:10.495 [main            ] INFO  Http11NioProtocol      - Initializing ProtocolHandler ["http-nio-8080"]
25-04-17.22:15:10.496 [main            ] INFO  StandardService        - Starting service [Tomcat]
25-04-17.22:15:10.496 [main            ] INFO  StandardEngine         - Starting Servlet engine: [Apache Tomcat/9.0.83]
25-04-17.22:15:10.545 [main            ] INFO  [/]                    - Initializing Spring embedded WebApplicationContext
25-04-17.22:15:10.546 [main            ] INFO  ServletWebServerApplicationContext - Root WebApplicationContext: initialization completed in 361 ms
25-04-17.22:15:10.819 [main            ] INFO  Http11NioProtocol      - Starting ProtocolHandler ["http-nio-8080"]
25-04-17.22:15:10.825 [main            ] INFO  TomcatWebServer        - Tomcat started on port(s): 8080 (http) with context path ''
25-04-17.22:15:10.826 [main            ] INFO  SimpleBrokerMessageHandler - Starting...
25-04-17.22:15:10.826 [main            ] INFO  SimpleBrokerMessageHandler - BrokerAvailabilityEvent[available=true, SimpleBrokerMessageHandler [org.springframework.messaging.simp.broker.DefaultSubscriptionRegistry@5e50df2e]]
25-04-17.22:15:10.826 [main            ] INFO  SimpleBrokerMessageHandler - Started.
25-04-17.22:15:10.829 [main            ] INFO  Application            - Started Application in 0.837 seconds (JVM running for 1.144)
25-04-17.22:15:20.540 [http-nio-8080-exec-1] INFO  [/]                    - Initializing Spring DispatcherServlet 'dispatcherServlet'
25-04-17.22:15:20.540 [http-nio-8080-exec-1] INFO  DispatcherServlet      - Initializing Servlet 'dispatcherServlet'
25-04-17.22:15:20.541 [http-nio-8080-exec-1] INFO  DispatcherServlet      - Completed initialization in 0 ms
25-04-17.22:15:20.563 [http-nio-8080-exec-1] INFO  HikariDataSource       - HikariPool-1 - Starting...
25-04-17.22:15:20.749 [http-nio-8080-exec-1] INFO  HikariDataSource       - HikariPool-1 - Start completed.
25-04-17.22:15:52.452 [SpringApplicationShutdownHook] INFO  SimpleBrokerMessageHandler - Stopping...
25-04-17.22:15:52.452 [SpringApplicationShutdownHook] INFO  SimpleBrokerMessageHandler - BrokerAvailabilityEvent[available=false, SimpleBrokerMessageHandler [org.springframework.messaging.simp.broker.DefaultSubscriptionRegistry@5e50df2e]]
25-04-17.22:15:52.452 [SpringApplicationShutdownHook] INFO  SimpleBrokerMessageHandler - Stopped.
25-04-17.22:15:52.524 [SpringApplicationShutdownHook] INFO  HikariDataSource       - HikariPool-1 - Shutdown initiated...
25-04-17.22:15:52.530 [SpringApplicationShutdownHook] INFO  HikariDataSource       - HikariPool-1 - Shutdown completed.
25-04-17.22:16:16.012 [main            ] INFO  Application            - Starting Application using Java 1.8.0_441 on DESKTOP-0PS42FC with PID 10760 (D:\javaproject\AOA_monitor\target\classes started by wuzhichen in D:\javaproject\AOA_monitor)
25-04-17.22:16:16.014 [main            ] INFO  Application            - The following 1 profile is active: "dev"
25-04-17.22:16:16.464 [main            ] INFO  TomcatWebServer        - Tomcat initialized with port(s): 8080 (http)
25-04-17.22:16:16.466 [main            ] INFO  Http11NioProtocol      - Initializing ProtocolHandler ["http-nio-8080"]
25-04-17.22:16:16.467 [main            ] INFO  StandardService        - Starting service [Tomcat]
25-04-17.22:16:16.467 [main            ] INFO  StandardEngine         - Starting Servlet engine: [Apache Tomcat/9.0.83]
25-04-17.22:16:16.518 [main            ] INFO  [/]                    - Initializing Spring embedded WebApplicationContext
25-04-17.22:16:16.518 [main            ] INFO  ServletWebServerApplicationContext - Root WebApplicationContext: initialization completed in 480 ms
25-04-17.22:16:16.867 [main            ] INFO  Http11NioProtocol      - Starting ProtocolHandler ["http-nio-8080"]
25-04-17.22:16:16.873 [main            ] INFO  TomcatWebServer        - Tomcat started on port(s): 8080 (http) with context path ''
25-04-17.22:16:16.874 [main            ] INFO  SimpleBrokerMessageHandler - Starting...
25-04-17.22:16:16.874 [main            ] INFO  SimpleBrokerMessageHandler - BrokerAvailabilityEvent[available=true, SimpleBrokerMessageHandler [org.springframework.messaging.simp.broker.DefaultSubscriptionRegistry@7a83ccd2]]
25-04-17.22:16:16.874 [main            ] INFO  SimpleBrokerMessageHandler - Started.
25-04-17.22:16:16.878 [main            ] INFO  Application            - Started Application in 1.137 seconds (JVM running for 1.534)
25-04-17.22:16:25.566 [http-nio-8080-exec-1] INFO  [/]                    - Initializing Spring DispatcherServlet 'dispatcherServlet'
25-04-17.22:16:25.566 [http-nio-8080-exec-1] INFO  DispatcherServlet      - Initializing Servlet 'dispatcherServlet'
25-04-17.22:16:25.567 [http-nio-8080-exec-1] INFO  DispatcherServlet      - Completed initialization in 0 ms
25-04-17.22:16:25.611 [http-nio-8080-exec-2] INFO  HikariDataSource       - HikariPool-1 - Starting...
25-04-17.22:16:25.826 [http-nio-8080-exec-2] INFO  HikariDataSource       - HikariPool-1 - Start completed.
25-04-17.22:17:07.103 [SpringApplicationShutdownHook] INFO  SimpleBrokerMessageHandler - Stopping...
25-04-17.22:17:07.104 [SpringApplicationShutdownHook] INFO  SimpleBrokerMessageHandler - BrokerAvailabilityEvent[available=false, SimpleBrokerMessageHandler [org.springframework.messaging.simp.broker.DefaultSubscriptionRegistry@7a83ccd2]]
25-04-17.22:17:07.104 [SpringApplicationShutdownHook] INFO  SimpleBrokerMessageHandler - Stopped.
25-04-17.22:17:07.183 [SpringApplicationShutdownHook] INFO  HikariDataSource       - HikariPool-1 - Shutdown initiated...
25-04-17.22:17:07.189 [SpringApplicationShutdownHook] INFO  HikariDataSource       - HikariPool-1 - Shutdown completed.
25-04-17.22:18:03.549 [main            ] INFO  Application            - Starting Application using Java 1.8.0_441 on DESKTOP-0PS42FC with PID 18452 (D:\javaproject\AOA_monitor\target\classes started by wuzhichen in D:\javaproject\AOA_monitor)
25-04-17.22:18:03.550 [main            ] INFO  Application            - The following 1 profile is active: "dev"
25-04-17.22:18:03.985 [main            ] INFO  TomcatWebServer        - Tomcat initialized with port(s): 8080 (http)
25-04-17.22:18:03.987 [main            ] INFO  Http11NioProtocol      - Initializing ProtocolHandler ["http-nio-8080"]
25-04-17.22:18:03.988 [main            ] INFO  StandardService        - Starting service [Tomcat]
25-04-17.22:18:03.988 [main            ] INFO  StandardEngine         - Starting Servlet engine: [Apache Tomcat/9.0.83]
25-04-17.22:18:04.051 [main            ] INFO  [/]                    - Initializing Spring embedded WebApplicationContext
25-04-17.22:18:04.051 [main            ] INFO  ServletWebServerApplicationContext - Root WebApplicationContext: initialization completed in 482 ms
25-04-17.22:18:04.423 [main            ] INFO  Http11NioProtocol      - Starting ProtocolHandler ["http-nio-8080"]
25-04-17.22:18:04.429 [main            ] INFO  TomcatWebServer        - Tomcat started on port(s): 8080 (http) with context path ''
25-04-17.22:18:04.430 [main            ] INFO  SimpleBrokerMessageHandler - Starting...
25-04-17.22:18:04.430 [main            ] INFO  SimpleBrokerMessageHandler - BrokerAvailabilityEvent[available=true, SimpleBrokerMessageHandler [org.springframework.messaging.simp.broker.DefaultSubscriptionRegistry@4b55ff0a]]
25-04-17.22:18:04.430 [main            ] INFO  SimpleBrokerMessageHandler - Started.
25-04-17.22:18:04.434 [main            ] INFO  Application            - Started Application in 1.148 seconds (JVM running for 1.539)
25-04-17.22:18:10.128 [http-nio-8080-exec-1] INFO  [/]                    - Initializing Spring DispatcherServlet 'dispatcherServlet'
25-04-17.22:18:10.128 [http-nio-8080-exec-1] INFO  DispatcherServlet      - Initializing Servlet 'dispatcherServlet'
25-04-17.22:18:10.128 [http-nio-8080-exec-1] INFO  DispatcherServlet      - Completed initialization in 0 ms
25-04-17.22:18:10.150 [http-nio-8080-exec-1] INFO  HikariDataSource       - HikariPool-1 - Starting...
25-04-17.22:18:10.342 [http-nio-8080-exec-1] INFO  HikariDataSource       - HikariPool-1 - Start completed.
25-04-17.22:19:04.330 [MessageBroker-5 ] INFO  WebSocketMessageBrokerStats - WebSocketSession[0 current WS(0)-HttpStream(0)-HttpPoll(0), 0 total, 0 closed abnormally (0 connect failure, 0 send limit, 0 transport error)], stompSubProtocol[processed CONNECT(0)-CONNECTED(0)-DISCONNECT(0)], stompBrokerRelay[null], inboundChannel[pool size = 0, active threads = 0, queued tasks = 0, completed tasks = 0], outboundChannel[pool size = 0, active threads = 0, queued tasks = 0, completed tasks = 0], sockJsScheduler[pool size = 16, active threads = 1, queued tasks = 1, completed tasks = 599]
25-04-17.22:34:46.746 [SpringApplicationShutdownHook] INFO  SimpleBrokerMessageHandler - Stopping...
25-04-17.22:34:46.746 [SpringApplicationShutdownHook] INFO  SimpleBrokerMessageHandler - BrokerAvailabilityEvent[available=false, SimpleBrokerMessageHandler [org.springframework.messaging.simp.broker.DefaultSubscriptionRegistry@4b55ff0a]]
25-04-17.22:34:46.746 [SpringApplicationShutdownHook] INFO  SimpleBrokerMessageHandler - Stopped.
25-04-17.22:34:46.825 [SpringApplicationShutdownHook] INFO  HikariDataSource       - HikariPool-1 - Shutdown initiated...
25-04-17.22:34:46.830 [SpringApplicationShutdownHook] INFO  HikariDataSource       - HikariPool-1 - Shutdown completed.
25-04-17.22:35:43.049 [main            ] INFO  Application            - Starting Application using Java 1.8.0_441 on DESKTOP-0PS42FC with PID 2448 (D:\javaproject\AOA_monitor\target\classes started by wuzhichen in D:\javaproject\AOA_monitor)
25-04-17.22:35:43.051 [main            ] INFO  Application            - The following 1 profile is active: "dev"
25-04-17.22:35:43.373 [main            ] INFO  TomcatWebServer        - Tomcat initialized with port(s): 8080 (http)
25-04-17.22:35:43.375 [main            ] INFO  Http11NioProtocol      - Initializing ProtocolHandler ["http-nio-8080"]
25-04-17.22:35:43.375 [main            ] INFO  StandardService        - Starting service [Tomcat]
25-04-17.22:35:43.375 [main            ] INFO  StandardEngine         - Starting Servlet engine: [Apache Tomcat/9.0.83]
25-04-17.22:35:43.426 [main            ] INFO  [/]                    - Initializing Spring embedded WebApplicationContext
25-04-17.22:35:43.426 [main            ] INFO  ServletWebServerApplicationContext - Root WebApplicationContext: initialization completed in 356 ms
25-04-17.22:35:43.715 [main            ] INFO  Http11NioProtocol      - Starting ProtocolHandler ["http-nio-8080"]
25-04-17.22:35:43.723 [main            ] INFO  TomcatWebServer        - Tomcat started on port(s): 8080 (http) with context path ''
25-04-17.22:35:43.724 [main            ] INFO  SimpleBrokerMessageHandler - Starting...
25-04-17.22:35:43.724 [main            ] INFO  SimpleBrokerMessageHandler - BrokerAvailabilityEvent[available=true, SimpleBrokerMessageHandler [org.springframework.messaging.simp.broker.DefaultSubscriptionRegistry@2f3928ac]]
25-04-17.22:35:43.725 [main            ] INFO  SimpleBrokerMessageHandler - Started.
25-04-17.22:35:43.730 [main            ] INFO  Application            - Started Application in 0.887 seconds (JVM running for 1.215)
25-04-17.22:35:45.097 [http-nio-8080-exec-1] INFO  [/]                    - Initializing Spring DispatcherServlet 'dispatcherServlet'
25-04-17.22:35:45.097 [http-nio-8080-exec-1] INFO  DispatcherServlet      - Initializing Servlet 'dispatcherServlet'
25-04-17.22:35:45.099 [http-nio-8080-exec-1] INFO  DispatcherServlet      - Completed initialization in 2 ms
25-04-17.22:35:45.121 [http-nio-8080-exec-1] INFO  HikariDataSource       - HikariPool-1 - Starting...
25-04-17.22:35:45.302 [http-nio-8080-exec-1] INFO  HikariDataSource       - HikariPool-1 - Start completed.
25-04-17.22:36:43.621 [MessageBroker-9 ] INFO  WebSocketMessageBrokerStats - WebSocketSession[0 current WS(0)-HttpStream(0)-HttpPoll(0), 0 total, 0 closed abnormally (0 connect failure, 0 send limit, 0 transport error)], stompSubProtocol[processed CONNECT(0)-CONNECTED(0)-DISCONNECT(0)], stompBrokerRelay[null], inboundChannel[pool size = 0, active threads = 0, queued tasks = 0, completed tasks = 0], outboundChannel[pool size = 0, active threads = 0, queued tasks = 0, completed tasks = 0], sockJsScheduler[pool size = 16, active threads = 1, queued tasks = 1, completed tasks = 599]
25-04-17.22:37:05.880 [http-nio-8080-exec-7] WARN  DefaultHandlerExceptionResolver - Resolved [org.springframework.web.HttpMediaTypeNotSupportedException: Content type 'multipart/form-data;boundary=----WebKitFormBoundarylz1edeJoWbbnZLv3;charset=UTF-8' not supported]
25-04-17.22:37:07.136 [http-nio-8080-exec-2] WARN  DefaultHandlerExceptionResolver - Resolved [org.springframework.web.HttpMediaTypeNotSupportedException: Content type 'multipart/form-data;boundary=----WebKitFormBoundaryWx84wahGmAM0eFgr;charset=UTF-8' not supported]
25-04-17.22:37:08.276 [http-nio-8080-exec-6] WARN  DefaultHandlerExceptionResolver - Resolved [org.springframework.web.HttpMediaTypeNotSupportedException: Content type 'multipart/form-data;boundary=----WebKitFormBoundary1S1MNc7zArkJKrqq;charset=UTF-8' not supported]
25-04-17.22:37:09.271 [http-nio-8080-exec-4] WARN  DefaultHandlerExceptionResolver - Resolved [org.springframework.web.HttpMediaTypeNotSupportedException: Content type 'multipart/form-data;boundary=----WebKitFormBoundaryX0K7BAAF7LXxYGUO;charset=UTF-8' not supported]
25-04-17.22:37:10.067 [http-nio-8080-exec-8] WARN  DefaultHandlerExceptionResolver - Resolved [org.springframework.web.HttpMediaTypeNotSupportedException: Content type 'multipart/form-data;boundary=----WebKitFormBoundary5y8L8UHtP05dg627;charset=UTF-8' not supported]
25-04-17.22:37:10.936 [http-nio-8080-exec-9] WARN  DefaultHandlerExceptionResolver - Resolved [org.springframework.web.HttpMediaTypeNotSupportedException: Content type 'multipart/form-data;boundary=----WebKitFormBoundaryGJI8qFkzOftDg4X7;charset=UTF-8' not supported]
25-04-17.22:37:12.405 [http-nio-8080-exec-1] WARN  DefaultHandlerExceptionResolver - Resolved [org.springframework.web.HttpMediaTypeNotSupportedException: Content type 'multipart/form-data;boundary=----WebKitFormBoundaryAqb5CNleDa2T1Bk7;charset=UTF-8' not supported]
25-04-17.22:37:12.958 [http-nio-8080-exec-10] WARN  DefaultHandlerExceptionResolver - Resolved [org.springframework.web.HttpMediaTypeNotSupportedException: Content type 'multipart/form-data;boundary=----WebKitFormBoundaryHa2xpPbL8kdK3o0l;charset=UTF-8' not supported]
25-04-17.22:38:57.636 [http-nio-8080-exec-6] WARN  DefaultHandlerExceptionResolver - Resolved [org.springframework.web.HttpMediaTypeNotSupportedException: Content type 'multipart/form-data;boundary=----WebKitFormBoundaryRtzFhz93tw2A1hD8;charset=UTF-8' not supported]
25-04-17.22:39:06.561 [http-nio-8080-exec-4] WARN  DefaultHandlerExceptionResolver - Resolved [org.springframework.web.HttpMediaTypeNotSupportedException: Content type 'multipart/form-data;boundary=----WebKitFormBoundaryJWZPAAZyjmvEBQS0;charset=UTF-8' not supported]
25-04-17.22:56:45.100 [SpringApplicationShutdownHook] INFO  SimpleBrokerMessageHandler - Stopping...
25-04-17.22:56:45.100 [SpringApplicationShutdownHook] INFO  SimpleBrokerMessageHandler - BrokerAvailabilityEvent[available=false, SimpleBrokerMessageHandler [org.springframework.messaging.simp.broker.DefaultSubscriptionRegistry@2f3928ac]]
25-04-17.22:56:45.100 [SpringApplicationShutdownHook] INFO  SimpleBrokerMessageHandler - Stopped.
25-04-17.22:56:45.181 [SpringApplicationShutdownHook] INFO  HikariDataSource       - HikariPool-1 - Shutdown initiated...
25-04-17.22:56:45.183 [SpringApplicationShutdownHook] INFO  HikariDataSource       - HikariPool-1 - Shutdown completed.
25-04-17.22:56:50.099 [main            ] INFO  Application            - Starting Application using Java 1.8.0_441 on DESKTOP-0PS42FC with PID 14836 (D:\javaproject\AOA_monitor\target\classes started by wuzhichen in D:\javaproject\AOA_monitor)
25-04-17.22:56:50.100 [main            ] INFO  Application            - The following 1 profile is active: "dev"
25-04-17.22:56:50.434 [main            ] INFO  TomcatWebServer        - Tomcat initialized with port(s): 8080 (http)
25-04-17.22:56:50.436 [main            ] INFO  Http11NioProtocol      - Initializing ProtocolHandler ["http-nio-8080"]
25-04-17.22:56:50.437 [main            ] INFO  StandardService        - Starting service [Tomcat]
25-04-17.22:56:50.437 [main            ] INFO  StandardEngine         - Starting Servlet engine: [Apache Tomcat/9.0.83]
25-04-17.22:56:50.487 [main            ] INFO  [/]                    - Initializing Spring embedded WebApplicationContext
25-04-17.22:56:50.487 [main            ] INFO  ServletWebServerApplicationContext - Root WebApplicationContext: initialization completed in 371 ms
25-04-17.22:56:50.753 [main            ] INFO  Http11NioProtocol      - Starting ProtocolHandler ["http-nio-8080"]
25-04-17.22:56:50.759 [main            ] INFO  TomcatWebServer        - Tomcat started on port(s): 8080 (http) with context path ''
25-04-17.22:56:50.759 [main            ] INFO  SimpleBrokerMessageHandler - Starting...
25-04-17.22:56:50.759 [main            ] INFO  SimpleBrokerMessageHandler - BrokerAvailabilityEvent[available=true, SimpleBrokerMessageHandler [org.springframework.messaging.simp.broker.DefaultSubscriptionRegistry@2199e845]]
25-04-17.22:56:50.759 [main            ] INFO  SimpleBrokerMessageHandler - Started.
25-04-17.22:56:50.763 [main            ] INFO  Application            - Started Application in 0.85 seconds (JVM running for 1.151)
25-04-17.22:56:57.551 [http-nio-8080-exec-1] INFO  [/]                    - Initializing Spring DispatcherServlet 'dispatcherServlet'
25-04-17.22:56:57.551 [http-nio-8080-exec-1] INFO  DispatcherServlet      - Initializing Servlet 'dispatcherServlet'
25-04-17.22:56:57.551 [http-nio-8080-exec-1] INFO  DispatcherServlet      - Completed initialization in 0 ms
25-04-17.22:56:57.579 [http-nio-8080-exec-1] INFO  HikariDataSource       - HikariPool-1 - Starting...
25-04-17.22:56:57.752 [http-nio-8080-exec-1] INFO  HikariDataSource       - HikariPool-1 - Start completed.
25-04-17.22:57:50.673 [MessageBroker-11] INFO  WebSocketMessageBrokerStats - WebSocketSession[0 current WS(0)-HttpStream(0)-HttpPoll(0), 0 total, 0 closed abnormally (0 connect failure, 0 send limit, 0 transport error)], stompSubProtocol[processed CONNECT(0)-CONNECTED(0)-DISCONNECT(0)], stompBrokerRelay[null], inboundChannel[pool size = 0, active threads = 0, queued tasks = 0, completed tasks = 0], outboundChannel[pool size = 0, active threads = 0, queued tasks = 0, completed tasks = 0], sockJsScheduler[pool size = 16, active threads = 1, queued tasks = 1, completed tasks = 600]
25-04-17.22:58:10.910 [http-nio-8080-exec-7] WARN  DefaultHandlerExceptionResolver - Resolved [org.springframework.web.HttpMediaTypeNotSupportedException: Content type 'multipart/form-data;boundary=----WebKitFormBoundaryPp4nqOenndrvA2iJ;charset=UTF-8' not supported]
25-04-17.23:01:51.603 [SpringApplicationShutdownHook] INFO  SimpleBrokerMessageHandler - Stopping...
25-04-17.23:01:51.603 [SpringApplicationShutdownHook] INFO  SimpleBrokerMessageHandler - BrokerAvailabilityEvent[available=false, SimpleBrokerMessageHandler [org.springframework.messaging.simp.broker.DefaultSubscriptionRegistry@2199e845]]
25-04-17.23:01:51.603 [SpringApplicationShutdownHook] INFO  SimpleBrokerMessageHandler - Stopped.
25-04-17.23:01:51.682 [SpringApplicationShutdownHook] INFO  HikariDataSource       - HikariPool-1 - Shutdown initiated...
25-04-17.23:01:51.687 [SpringApplicationShutdownHook] INFO  HikariDataSource       - HikariPool-1 - Shutdown completed.
25-04-17.23:02:02.974 [main            ] INFO  Application            - Starting Application using Java 1.8.0_441 on DESKTOP-0PS42FC with PID 11044 (D:\javaproject\AOA_monitor\target\classes started by wuzhichen in D:\javaproject\AOA_monitor)
25-04-17.23:02:02.975 [main            ] INFO  Application            - The following 1 profile is active: "dev"
25-04-17.23:02:03.305 [main            ] INFO  TomcatWebServer        - Tomcat initialized with port(s): 8080 (http)
25-04-17.23:02:03.307 [main            ] INFO  Http11NioProtocol      - Initializing ProtocolHandler ["http-nio-8080"]
25-04-17.23:02:03.308 [main            ] INFO  StandardService        - Starting service [Tomcat]
25-04-17.23:02:03.308 [main            ] INFO  StandardEngine         - Starting Servlet engine: [Apache Tomcat/9.0.83]
25-04-17.23:02:03.358 [main            ] INFO  [/]                    - Initializing Spring embedded WebApplicationContext
25-04-17.23:02:03.358 [main            ] INFO  ServletWebServerApplicationContext - Root WebApplicationContext: initialization completed in 367 ms
25-04-17.23:02:03.639 [main            ] INFO  Http11NioProtocol      - Starting ProtocolHandler ["http-nio-8080"]
25-04-17.23:02:03.645 [main            ] INFO  TomcatWebServer        - Tomcat started on port(s): 8080 (http) with context path ''
25-04-17.23:02:03.645 [main            ] INFO  SimpleBrokerMessageHandler - Starting...
25-04-17.23:02:03.645 [main            ] INFO  SimpleBrokerMessageHandler - BrokerAvailabilityEvent[available=true, SimpleBrokerMessageHandler [org.springframework.messaging.simp.broker.DefaultSubscriptionRegistry@415795f3]]
25-04-17.23:02:03.645 [main            ] INFO  SimpleBrokerMessageHandler - Started.
25-04-17.23:02:03.649 [main            ] INFO  Application            - Started Application in 0.874 seconds (JVM running for 1.191)
25-04-17.23:02:05.417 [http-nio-8080-exec-1] INFO  [/]                    - Initializing Spring DispatcherServlet 'dispatcherServlet'
25-04-17.23:02:05.417 [http-nio-8080-exec-1] INFO  DispatcherServlet      - Initializing Servlet 'dispatcherServlet'
25-04-17.23:02:05.418 [http-nio-8080-exec-1] INFO  DispatcherServlet      - Completed initialization in 1 ms
25-04-17.23:02:05.443 [http-nio-8080-exec-1] INFO  HikariDataSource       - HikariPool-1 - Starting...
25-04-17.23:02:05.626 [http-nio-8080-exec-1] INFO  HikariDataSource       - HikariPool-1 - Start completed.
25-04-17.23:03:03.565 [MessageBroker-16] INFO  WebSocketMessageBrokerStats - WebSocketSession[0 current WS(0)-HttpStream(0)-HttpPoll(0), 0 total, 0 closed abnormally (0 connect failure, 0 send limit, 0 transport error)], stompSubProtocol[processed CONNECT(0)-CONNECTED(0)-DISCONNECT(0)], stompBrokerRelay[null], inboundChannel[pool size = 0, active threads = 0, queued tasks = 0, completed tasks = 0], outboundChannel[pool size = 0, active threads = 0, queued tasks = 0, completed tasks = 0], sockJsScheduler[pool size = 16, active threads = 1, queued tasks = 1, completed tasks = 600]
25-04-17.23:13:01.112 [http-nio-8080-exec-10] WARN  DefaultHandlerExceptionResolver - Resolved [org.springframework.web.HttpMediaTypeNotSupportedException: Content type 'multipart/form-data;boundary=----WebKitFormBoundaryRHYN8RayeRsgudDr;charset=UTF-8' not supported]
25-04-17.23:13:02.067 [http-nio-8080-exec-1] WARN  DefaultHandlerExceptionResolver - Resolved [org.springframework.web.HttpMediaTypeNotSupportedException: Content type 'multipart/form-data;boundary=----WebKitFormBoundary9BIGdgBEBVcCbFqV;charset=UTF-8' not supported]
25-04-17.23:13:02.332 [http-nio-8080-exec-2] WARN  DefaultHandlerExceptionResolver - Resolved [org.springframework.web.HttpMediaTypeNotSupportedException: Content type 'multipart/form-data;boundary=----WebKitFormBoundary6Pbp5jOLiPeGzTBD;charset=UTF-8' not supported]
25-04-17.23:13:02.509 [http-nio-8080-exec-4] WARN  DefaultHandlerExceptionResolver - Resolved [org.springframework.web.HttpMediaTypeNotSupportedException: Content type 'multipart/form-data;boundary=----WebKitFormBoundaryzSP0AqUbJPJsb3Lj;charset=UTF-8' not supported]
25-04-17.23:13:02.679 [http-nio-8080-exec-3] WARN  DefaultHandlerExceptionResolver - Resolved [org.springframework.web.HttpMediaTypeNotSupportedException: Content type 'multipart/form-data;boundary=----WebKitFormBoundaryx6a0XMGfc3nd4MeD;charset=UTF-8' not supported]
25-04-17.23:13:02.838 [http-nio-8080-exec-5] WARN  DefaultHandlerExceptionResolver - Resolved [org.springframework.web.HttpMediaTypeNotSupportedException: Content type 'multipart/form-data;boundary=----WebKitFormBoundarycdJvZMQSeehxFARW;charset=UTF-8' not supported]
25-04-17.23:13:02.997 [http-nio-8080-exec-6] WARN  DefaultHandlerExceptionResolver - Resolved [org.springframework.web.HttpMediaTypeNotSupportedException: Content type 'multipart/form-data;boundary=----WebKitFormBoundary8EF9g8aCaulV0zEb;charset=UTF-8' not supported]
25-04-17.23:13:03.144 [http-nio-8080-exec-7] WARN  DefaultHandlerExceptionResolver - Resolved [org.springframework.web.HttpMediaTypeNotSupportedException: Content type 'multipart/form-data;boundary=----WebKitFormBoundaryHulKAUB0wsTLch5T;charset=UTF-8' not supported]
25-04-17.23:13:03.306 [http-nio-8080-exec-9] WARN  DefaultHandlerExceptionResolver - Resolved [org.springframework.web.HttpMediaTypeNotSupportedException: Content type 'multipart/form-data;boundary=----WebKitFormBoundaryBg8EykAVWHwCQ6du;charset=UTF-8' not supported]
25-04-17.23:13:03.459 [http-nio-8080-exec-8] WARN  DefaultHandlerExceptionResolver - Resolved [org.springframework.web.HttpMediaTypeNotSupportedException: Content type 'multipart/form-data;boundary=----WebKitFormBoundaryAc5ukprKxzt4iS6b;charset=UTF-8' not supported]
25-04-17.23:13:03.612 [http-nio-8080-exec-10] WARN  DefaultHandlerExceptionResolver - Resolved [org.springframework.web.HttpMediaTypeNotSupportedException: Content type 'multipart/form-data;boundary=----WebKitFormBoundaryMYvmIGMOYPQstukh;charset=UTF-8' not supported]
25-04-17.23:13:03.766 [http-nio-8080-exec-1] WARN  DefaultHandlerExceptionResolver - Resolved [org.springframework.web.HttpMediaTypeNotSupportedException: Content type 'multipart/form-data;boundary=----WebKitFormBoundaryH8eSevUBOnVBuDoA;charset=UTF-8' not supported]
25-04-17.23:13:03.929 [http-nio-8080-exec-2] WARN  DefaultHandlerExceptionResolver - Resolved [org.springframework.web.HttpMediaTypeNotSupportedException: Content type 'multipart/form-data;boundary=----WebKitFormBoundaryYihKPHlJmL6Psj6P;charset=UTF-8' not supported]
25-04-17.23:13:04.090 [http-nio-8080-exec-4] WARN  DefaultHandlerExceptionResolver - Resolved [org.springframework.web.HttpMediaTypeNotSupportedException: Content type 'multipart/form-data;boundary=----WebKitFormBoundaryXgAg4X2rIgRFY6FL;charset=UTF-8' not supported]
25-04-17.23:13:04.231 [http-nio-8080-exec-3] WARN  DefaultHandlerExceptionResolver - Resolved [org.springframework.web.HttpMediaTypeNotSupportedException: Content type 'multipart/form-data;boundary=----WebKitFormBoundarydLn0r4o5nT15bz4u;charset=UTF-8' not supported]
25-04-17.23:13:04.390 [http-nio-8080-exec-5] WARN  DefaultHandlerExceptionResolver - Resolved [org.springframework.web.HttpMediaTypeNotSupportedException: Content type 'multipart/form-data;boundary=----WebKitFormBoundarywZ2to5ZWALcZJoaf;charset=UTF-8' not supported]
25-04-17.23:13:04.550 [http-nio-8080-exec-6] WARN  DefaultHandlerExceptionResolver - Resolved [org.springframework.web.HttpMediaTypeNotSupportedException: Content type 'multipart/form-data;boundary=----WebKitFormBoundaryO37BksaBpDKdT5LG;charset=UTF-8' not supported]
25-04-17.23:13:04.712 [http-nio-8080-exec-7] WARN  DefaultHandlerExceptionResolver - Resolved [org.springframework.web.HttpMediaTypeNotSupportedException: Content type 'multipart/form-data;boundary=----WebKitFormBoundaryrt8dBuHAFkA8ImbN;charset=UTF-8' not supported]
25-04-17.23:13:04.872 [http-nio-8080-exec-9] WARN  DefaultHandlerExceptionResolver - Resolved [org.springframework.web.HttpMediaTypeNotSupportedException: Content type 'multipart/form-data;boundary=----WebKitFormBoundaryZpUlqIPQz5YYrWb6;charset=UTF-8' not supported]
25-04-17.23:13:05.036 [http-nio-8080-exec-8] WARN  DefaultHandlerExceptionResolver - Resolved [org.springframework.web.HttpMediaTypeNotSupportedException: Content type 'multipart/form-data;boundary=----WebKitFormBoundaryJpvMf799ANJvCJuX;charset=UTF-8' not supported]
25-04-17.23:13:05.193 [http-nio-8080-exec-10] WARN  DefaultHandlerExceptionResolver - Resolved [org.springframework.web.HttpMediaTypeNotSupportedException: Content type 'multipart/form-data;boundary=----WebKitFormBoundarycMZufedqt5NgXUBk;charset=UTF-8' not supported]
25-04-17.23:13:05.353 [http-nio-8080-exec-1] WARN  DefaultHandlerExceptionResolver - Resolved [org.springframework.web.HttpMediaTypeNotSupportedException: Content type 'multipart/form-data;boundary=----WebKitFormBoundarybUAswPI5MiK0bMTX;charset=UTF-8' not supported]
25-04-17.23:13:05.509 [http-nio-8080-exec-2] WARN  DefaultHandlerExceptionResolver - Resolved [org.springframework.web.HttpMediaTypeNotSupportedException: Content type 'multipart/form-data;boundary=----WebKitFormBoundary0PJtAtk3Jl4P03rp;charset=UTF-8' not supported]
25-04-17.23:13:05.666 [http-nio-8080-exec-4] WARN  DefaultHandlerExceptionResolver - Resolved [org.springframework.web.HttpMediaTypeNotSupportedException: Content type 'multipart/form-data;boundary=----WebKitFormBoundaryR70BEO3ApSMoPJe2;charset=UTF-8' not supported]
25-04-17.23:13:05.825 [http-nio-8080-exec-3] WARN  DefaultHandlerExceptionResolver - Resolved [org.springframework.web.HttpMediaTypeNotSupportedException: Content type 'multipart/form-data;boundary=----WebKitFormBoundaryQlW9cLRM6XsHGgSZ;charset=UTF-8' not supported]
25-04-17.23:13:05.999 [http-nio-8080-exec-5] WARN  DefaultHandlerExceptionResolver - Resolved [org.springframework.web.HttpMediaTypeNotSupportedException: Content type 'multipart/form-data;boundary=----WebKitFormBoundaryyG9MkzQBCZkRgtiI;charset=UTF-8' not supported]
25-04-17.23:13:06.155 [http-nio-8080-exec-6] WARN  DefaultHandlerExceptionResolver - Resolved [org.springframework.web.HttpMediaTypeNotSupportedException: Content type 'multipart/form-data;boundary=----WebKitFormBoundaryLmFP6PI9B2gi7gdP;charset=UTF-8' not supported]
25-04-17.23:13:06.320 [http-nio-8080-exec-7] WARN  DefaultHandlerExceptionResolver - Resolved [org.springframework.web.HttpMediaTypeNotSupportedException: Content type 'multipart/form-data;boundary=----WebKitFormBoundaryhNJYTVK1Qc05R6VU;charset=UTF-8' not supported]
25-04-17.23:13:06.478 [http-nio-8080-exec-9] WARN  DefaultHandlerExceptionResolver - Resolved [org.springframework.web.HttpMediaTypeNotSupportedException: Content type 'multipart/form-data;boundary=----WebKitFormBoundarydkXzxhhLfOewlTg0;charset=UTF-8' not supported]
25-04-17.23:13:06.650 [http-nio-8080-exec-8] WARN  DefaultHandlerExceptionResolver - Resolved [org.springframework.web.HttpMediaTypeNotSupportedException: Content type 'multipart/form-data;boundary=----WebKitFormBoundaryS8deFNXxvhpm24s1;charset=UTF-8' not supported]
25-04-17.23:13:06.807 [http-nio-8080-exec-10] WARN  DefaultHandlerExceptionResolver - Resolved [org.springframework.web.HttpMediaTypeNotSupportedException: Content type 'multipart/form-data;boundary=----WebKitFormBoundaryEZt7VpktLk5jnTa9;charset=UTF-8' not supported]
25-04-17.23:13:06.974 [http-nio-8080-exec-1] WARN  DefaultHandlerExceptionResolver - Resolved [org.springframework.web.HttpMediaTypeNotSupportedException: Content type 'multipart/form-data;boundary=----WebKitFormBoundaryxUNChkmHJQuB25kx;charset=UTF-8' not supported]
25-04-17.23:13:07.132 [http-nio-8080-exec-2] WARN  DefaultHandlerExceptionResolver - Resolved [org.springframework.web.HttpMediaTypeNotSupportedException: Content type 'multipart/form-data;boundary=----WebKitFormBoundaryA0vYaUc9YotX6HaJ;charset=UTF-8' not supported]
25-04-17.23:13:07.306 [http-nio-8080-exec-4] WARN  DefaultHandlerExceptionResolver - Resolved [org.springframework.web.HttpMediaTypeNotSupportedException: Content type 'multipart/form-data;boundary=----WebKitFormBoundaryrsy7womyUa0VytX2;charset=UTF-8' not supported]
25-04-17.23:13:07.461 [http-nio-8080-exec-3] WARN  DefaultHandlerExceptionResolver - Resolved [org.springframework.web.HttpMediaTypeNotSupportedException: Content type 'multipart/form-data;boundary=----WebKitFormBoundaryGy82tXHmPjbK8rKA;charset=UTF-8' not supported]
25-04-17.23:13:07.622 [http-nio-8080-exec-5] WARN  DefaultHandlerExceptionResolver - Resolved [org.springframework.web.HttpMediaTypeNotSupportedException: Content type 'multipart/form-data;boundary=----WebKitFormBoundary7EJBIKHoLYS7fQ8Y;charset=UTF-8' not supported]
25-04-17.23:13:07.790 [http-nio-8080-exec-6] WARN  DefaultHandlerExceptionResolver - Resolved [org.springframework.web.HttpMediaTypeNotSupportedException: Content type 'multipart/form-data;boundary=----WebKitFormBoundarynefPyLChhpgONQhQ;charset=UTF-8' not supported]
25-04-17.23:13:13.854 [http-nio-8080-exec-7] WARN  DefaultHandlerExceptionResolver - Resolved [org.springframework.web.HttpMediaTypeNotSupportedException: Content type 'multipart/form-data;boundary=----WebKitFormBoundaryBQMJr8fTvYaXSjCX;charset=UTF-8' not supported]
25-04-17.23:13:14.549 [http-nio-8080-exec-9] WARN  DefaultHandlerExceptionResolver - Resolved [org.springframework.web.HttpMediaTypeNotSupportedException: Content type 'multipart/form-data;boundary=----WebKitFormBoundaryNUaMuTQow65VB7BW;charset=UTF-8' not supported]
25-04-17.23:13:14.794 [http-nio-8080-exec-8] WARN  DefaultHandlerExceptionResolver - Resolved [org.springframework.web.HttpMediaTypeNotSupportedException: Content type 'multipart/form-data;boundary=----WebKitFormBoundaryRmPVqdVowN0L7gip;charset=UTF-8' not supported]
25-04-17.23:13:14.985 [http-nio-8080-exec-10] WARN  DefaultHandlerExceptionResolver - Resolved [org.springframework.web.HttpMediaTypeNotSupportedException: Content type 'multipart/form-data;boundary=----WebKitFormBoundaryFa3zvhec1cjAPvif;charset=UTF-8' not supported]
25-04-17.23:13:15.216 [http-nio-8080-exec-1] WARN  DefaultHandlerExceptionResolver - Resolved [org.springframework.web.HttpMediaTypeNotSupportedException: Content type 'multipart/form-data;boundary=----WebKitFormBoundary1NRStRbpZDLQheBI;charset=UTF-8' not supported]
25-04-17.23:13:15.431 [http-nio-8080-exec-2] WARN  DefaultHandlerExceptionResolver - Resolved [org.springframework.web.HttpMediaTypeNotSupportedException: Content type 'multipart/form-data;boundary=----WebKitFormBoundaryb0L0KuOilpzYzXow;charset=UTF-8' not supported]
25-04-17.23:13:15.640 [http-nio-8080-exec-4] WARN  DefaultHandlerExceptionResolver - Resolved [org.springframework.web.HttpMediaTypeNotSupportedException: Content type 'multipart/form-data;boundary=----WebKitFormBoundaryPTMeHvmZJByBvTOD;charset=UTF-8' not supported]
25-04-17.23:13:15.858 [http-nio-8080-exec-3] WARN  DefaultHandlerExceptionResolver - Resolved [org.springframework.web.HttpMediaTypeNotSupportedException: Content type 'multipart/form-data;boundary=----WebKitFormBoundaryP7sOydlNgrKBV7RV;charset=UTF-8' not supported]
25-04-17.23:13:16.089 [http-nio-8080-exec-5] WARN  DefaultHandlerExceptionResolver - Resolved [org.springframework.web.HttpMediaTypeNotSupportedException: Content type 'multipart/form-data;boundary=----WebKitFormBoundary34uZeoChnWEoYPuz;charset=UTF-8' not supported]
25-04-17.23:13:26.039 [http-nio-8080-exec-7] WARN  DefaultHandlerExceptionResolver - Resolved [org.springframework.web.HttpRequestMethodNotSupportedException: Request method 'DELETE' not supported]
25-04-17.23:13:31.593 [http-nio-8080-exec-9] WARN  DefaultHandlerExceptionResolver - Resolved [org.springframework.web.HttpRequestMethodNotSupportedException: Request method 'DELETE' not supported]
25-04-17.23:14:38.487 [SpringApplicationShutdownHook] INFO  SimpleBrokerMessageHandler - Stopping...
25-04-17.23:14:38.487 [SpringApplicationShutdownHook] INFO  SimpleBrokerMessageHandler - BrokerAvailabilityEvent[available=false, SimpleBrokerMessageHandler [org.springframework.messaging.simp.broker.DefaultSubscriptionRegistry@415795f3]]
25-04-17.23:14:38.487 [SpringApplicationShutdownHook] INFO  SimpleBrokerMessageHandler - Stopped.
25-04-17.23:14:38.566 [SpringApplicationShutdownHook] INFO  HikariDataSource       - HikariPool-1 - Shutdown initiated...
25-04-17.23:14:38.568 [SpringApplicationShutdownHook] INFO  HikariDataSource       - HikariPool-1 - Shutdown completed.
25-04-17.23:14:45.863 [main            ] INFO  Application            - Starting Application using Java 1.8.0_441 on DESKTOP-0PS42FC with PID 18196 (D:\javaproject\AOA_monitor\target\classes started by wuzhichen in D:\javaproject\AOA_monitor)
25-04-17.23:14:45.864 [main            ] INFO  Application            - The following 1 profile is active: "dev"
25-04-17.23:14:46.206 [main            ] INFO  TomcatWebServer        - Tomcat initialized with port(s): 8080 (http)
25-04-17.23:14:46.208 [main            ] INFO  Http11NioProtocol      - Initializing ProtocolHandler ["http-nio-8080"]
25-04-17.23:14:46.209 [main            ] INFO  StandardService        - Starting service [Tomcat]
25-04-17.23:14:46.209 [main            ] INFO  StandardEngine         - Starting Servlet engine: [Apache Tomcat/9.0.83]
25-04-17.23:14:46.264 [main            ] INFO  [/]                    - Initializing Spring embedded WebApplicationContext
25-04-17.23:14:46.264 [main            ] INFO  ServletWebServerApplicationContext - Root WebApplicationContext: initialization completed in 382 ms
25-04-17.23:14:46.534 [main            ] INFO  Http11NioProtocol      - Starting ProtocolHandler ["http-nio-8080"]
25-04-17.23:14:46.540 [main            ] INFO  TomcatWebServer        - Tomcat started on port(s): 8080 (http) with context path ''
25-04-17.23:14:46.541 [main            ] INFO  SimpleBrokerMessageHandler - Starting...
25-04-17.23:14:46.541 [main            ] INFO  SimpleBrokerMessageHandler - BrokerAvailabilityEvent[available=true, SimpleBrokerMessageHandler [org.springframework.messaging.simp.broker.DefaultSubscriptionRegistry@5e1a986c]]
25-04-17.23:14:46.541 [main            ] INFO  SimpleBrokerMessageHandler - Started.
25-04-17.23:14:46.544 [main            ] INFO  Application            - Started Application in 0.875 seconds (JVM running for 1.173)
25-04-17.23:14:47.653 [http-nio-8080-exec-1] INFO  [/]                    - Initializing Spring DispatcherServlet 'dispatcherServlet'
25-04-17.23:14:47.653 [http-nio-8080-exec-1] INFO  DispatcherServlet      - Initializing Servlet 'dispatcherServlet'
25-04-17.23:14:47.653 [http-nio-8080-exec-1] INFO  DispatcherServlet      - Completed initialization in 0 ms
25-04-17.23:14:47.678 [http-nio-8080-exec-1] INFO  HikariDataSource       - HikariPool-1 - Starting...
25-04-17.23:14:47.859 [http-nio-8080-exec-1] INFO  HikariDataSource       - HikariPool-1 - Start completed.
25-04-17.23:15:46.451 [MessageBroker-9 ] INFO  WebSocketMessageBrokerStats - WebSocketSession[0 current WS(0)-HttpStream(0)-HttpPoll(0), 0 total, 0 closed abnormally (0 connect failure, 0 send limit, 0 transport error)], stompSubProtocol[processed CONNECT(0)-CONNECTED(0)-DISCONNECT(0)], stompBrokerRelay[null], inboundChannel[pool size = 0, active threads = 0, queued tasks = 0, completed tasks = 0], outboundChannel[pool size = 0, active threads = 0, queued tasks = 0, completed tasks = 0], sockJsScheduler[pool size = 16, active threads = 1, queued tasks = 1, completed tasks = 600]
25-04-17.23:30:13.643 [SpringApplicationShutdownHook] INFO  SimpleBrokerMessageHandler - Stopping...
25-04-17.23:30:13.643 [SpringApplicationShutdownHook] INFO  SimpleBrokerMessageHandler - BrokerAvailabilityEvent[available=false, SimpleBrokerMessageHandler [org.springframework.messaging.simp.broker.DefaultSubscriptionRegistry@5e1a986c]]
25-04-17.23:30:13.643 [SpringApplicationShutdownHook] INFO  SimpleBrokerMessageHandler - Stopped.
25-04-17.23:30:13.725 [SpringApplicationShutdownHook] INFO  HikariDataSource       - HikariPool-1 - Shutdown initiated...
25-04-17.23:30:13.727 [SpringApplicationShutdownHook] INFO  HikariDataSource       - HikariPool-1 - Shutdown completed.
25-04-17.23:31:42.949 [main            ] INFO  Application            - Starting Application using Java 1.8.0_441 on DESKTOP-0PS42FC with PID 17588 (D:\javaproject\AOA_monitor\target\classes started by wuzhichen in D:\javaproject\AOA_monitor)
25-04-17.23:31:42.950 [main            ] INFO  Application            - The following 1 profile is active: "dev"
25-04-17.23:31:43.281 [main            ] INFO  TomcatWebServer        - Tomcat initialized with port(s): 8080 (http)
25-04-17.23:31:43.283 [main            ] INFO  Http11NioProtocol      - Initializing ProtocolHandler ["http-nio-8080"]
25-04-17.23:31:43.283 [main            ] INFO  StandardService        - Starting service [Tomcat]
25-04-17.23:31:43.283 [main            ] INFO  StandardEngine         - Starting Servlet engine: [Apache Tomcat/9.0.83]
25-04-17.23:31:43.334 [main            ] INFO  [/]                    - Initializing Spring embedded WebApplicationContext
25-04-17.23:31:43.334 [main            ] INFO  ServletWebServerApplicationContext - Root WebApplicationContext: initialization completed in 369 ms
25-04-17.23:31:43.590 [main            ] INFO  Http11NioProtocol      - Starting ProtocolHandler ["http-nio-8080"]
25-04-17.23:31:43.595 [main            ] INFO  TomcatWebServer        - Tomcat started on port(s): 8080 (http) with context path ''
25-04-17.23:31:43.596 [main            ] INFO  SimpleBrokerMessageHandler - Starting...
25-04-17.23:31:43.596 [main            ] INFO  SimpleBrokerMessageHandler - BrokerAvailabilityEvent[available=true, SimpleBrokerMessageHandler [org.springframework.messaging.simp.broker.DefaultSubscriptionRegistry@44f0ff2b]]
25-04-17.23:31:43.596 [main            ] INFO  SimpleBrokerMessageHandler - Started.
25-04-17.23:31:43.599 [main            ] INFO  Application            - Started Application in 0.838 seconds (JVM running for 1.129)
25-04-17.23:31:47.711 [http-nio-8080-exec-1] INFO  [/]                    - Initializing Spring DispatcherServlet 'dispatcherServlet'
25-04-17.23:31:47.711 [http-nio-8080-exec-1] INFO  DispatcherServlet      - Initializing Servlet 'dispatcherServlet'
25-04-17.23:31:47.712 [http-nio-8080-exec-1] INFO  DispatcherServlet      - Completed initialization in 1 ms
25-04-17.23:31:47.728 [http-nio-8080-exec-1] INFO  HikariDataSource       - HikariPool-1 - Starting...
25-04-17.23:31:47.900 [http-nio-8080-exec-1] INFO  HikariDataSource       - HikariPool-1 - Start completed.
25-04-17.23:32:05.482 [http-nio-8080-exec-3] WARN  DefaultHandlerExceptionResolver - Resolved [org.springframework.web.HttpRequestMethodNotSupportedException: Request method 'DELETE' not supported]
25-04-17.23:32:43.516 [MessageBroker-15] INFO  WebSocketMessageBrokerStats - WebSocketSession[0 current WS(0)-HttpStream(0)-HttpPoll(0), 0 total, 0 closed abnormally (0 connect failure, 0 send limit, 0 transport error)], stompSubProtocol[processed CONNECT(0)-CONNECTED(0)-DISCONNECT(0)], stompBrokerRelay[null], inboundChannel[pool size = 0, active threads = 0, queued tasks = 0, completed tasks = 0], outboundChannel[pool size = 0, active threads = 0, queued tasks = 0, completed tasks = 0], sockJsScheduler[pool size = 16, active threads = 1, queued tasks = 1, completed tasks = 600]
