25-04-01.16:40:22.095 [main            ] INFO  Application            - Starting Application using Java 1.8.0_441 on DESKTOP-0PS42FC with PID 13720 (D:\javaproject\AOA_monitor\target\classes started by wuzhichen in D:\javaproject\AOA_monitor)
25-04-01.16:40:22.096 [main            ] INFO  Application            - The following 1 profile is active: "dev"
25-04-01.16:40:22.321 [main            ] WARN  ClassPathMapperScanner - No MyBatis mapper was found in '[com.wu.monitor]' package. Please check your configuration.
25-04-01.16:40:22.447 [main            ] INFO  TomcatWebServer        - Tomcat initialized with port(s): 8080 (http)
25-04-01.16:40:22.450 [main            ] INFO  Http11NioProtocol      - Initializing ProtocolHandler ["http-nio-8080"]
25-04-01.16:40:22.450 [main            ] INFO  StandardService        - Starting service [Tomcat]
25-04-01.16:40:22.450 [main            ] INFO  StandardEngine         - Starting Servlet engine: [Apache Tomcat/9.0.83]
25-04-01.16:40:22.507 [main            ] INFO  [/]                    - Initializing Spring embedded WebApplicationContext
25-04-01.16:40:22.507 [main            ] INFO  ServletWebServerApplicationContext - Root WebApplicationContext: initialization completed in 397 ms
25-04-01.16:40:22.738 [main            ] WARN  AnnotationConfigServletWebServerApplicationContext - Exception encountered during context initialization - cancelling refresh attempt: org.springframework.beans.factory.BeanCreationException: Error creating bean with name 'sqlSessionFactory' defined in class path resource [org/mybatis/spring/boot/autoconfigure/MybatisAutoConfiguration.class]: Bean instantiation via factory method failed; nested exception is org.springframework.beans.BeanInstantiationException: Failed to instantiate [org.apache.ibatis.session.SqlSessionFactory]: Factory method 'sqlSessionFactory' threw exception; nested exception is java.io.FileNotFoundException: class path resource [mybatis/config/mybatis-config.xml] cannot be opened because it does not exist
25-04-01.16:40:22.739 [main            ] INFO  StandardService        - Stopping service [Tomcat]
25-04-01.16:40:22.744 [main            ] INFO  ConditionEvaluationReportLoggingListener - 

Error starting ApplicationContext. To display the conditions report re-run your application with 'debug' enabled.
25-04-01.16:40:22.753 [main            ] ERROR SpringApplication      - Application run failed
org.springframework.beans.factory.BeanCreationException: Error creating bean with name 'sqlSessionFactory' defined in class path resource [org/mybatis/spring/boot/autoconfigure/MybatisAutoConfiguration.class]: Bean instantiation via factory method failed; nested exception is org.springframework.beans.BeanInstantiationException: Failed to instantiate [org.apache.ibatis.session.SqlSessionFactory]: Factory method 'sqlSessionFactory' threw exception; nested exception is java.io.FileNotFoundException: class path resource [mybatis/config/mybatis-config.xml] cannot be opened because it does not exist
	at org.springframework.beans.factory.support.ConstructorResolver.instantiate(ConstructorResolver.java:653)
	at org.springframework.beans.factory.support.ConstructorResolver.instantiateUsingFactoryMethod(ConstructorResolver.java:633)
	at org.springframework.beans.factory.support.AbstractAutowireCapableBeanFactory.instantiateUsingFactoryMethod(AbstractAutowireCapableBeanFactory.java:1352)
	at org.springframework.beans.factory.support.AbstractAutowireCapableBeanFactory.createBeanInstance(AbstractAutowireCapableBeanFactory.java:1195)
	at org.springframework.beans.factory.support.AbstractAutowireCapableBeanFactory.doCreateBean(AbstractAutowireCapableBeanFactory.java:582)
	at org.springframework.beans.factory.support.AbstractAutowireCapableBeanFactory.createBean(AbstractAutowireCapableBeanFactory.java:542)
	at org.springframework.beans.factory.support.AbstractBeanFactory.lambda$doGetBean$0(AbstractBeanFactory.java:335)
	at org.springframework.beans.factory.support.DefaultSingletonBeanRegistry.getSingleton(DefaultSingletonBeanRegistry.java:234)
	at org.springframework.beans.factory.support.AbstractBeanFactory.doGetBean(AbstractBeanFactory.java:333)
	at org.springframework.beans.factory.support.AbstractBeanFactory.getBean(AbstractBeanFactory.java:208)
	at org.springframework.beans.factory.support.DefaultListableBeanFactory.preInstantiateSingletons(DefaultListableBeanFactory.java:955)
	at org.springframework.context.support.AbstractApplicationContext.finishBeanFactoryInitialization(AbstractApplicationContext.java:929)
	at org.springframework.context.support.AbstractApplicationContext.refresh(AbstractApplicationContext.java:591)
	at org.springframework.boot.web.servlet.context.ServletWebServerApplicationContext.refresh(ServletWebServerApplicationContext.java:147)
	at org.springframework.boot.SpringApplication.refresh(SpringApplication.java:732)
	at org.springframework.boot.SpringApplication.refreshContext(SpringApplication.java:409)
	at org.springframework.boot.SpringApplication.run(SpringApplication.java:308)
	at org.springframework.boot.SpringApplication.run(SpringApplication.java:1300)
	at org.springframework.boot.SpringApplication.run(SpringApplication.java:1289)
	at com.wu.monitor.Application.main(Application.java:10)
Caused by: org.springframework.beans.BeanInstantiationException: Failed to instantiate [org.apache.ibatis.session.SqlSessionFactory]: Factory method 'sqlSessionFactory' threw exception; nested exception is java.io.FileNotFoundException: class path resource [mybatis/config/mybatis-config.xml] cannot be opened because it does not exist
	at org.springframework.beans.factory.support.SimpleInstantiationStrategy.instantiate(SimpleInstantiationStrategy.java:185)
	at org.springframework.beans.factory.support.ConstructorResolver.instantiate(ConstructorResolver.java:648)
	... 19 common frames omitted
Caused by: java.io.FileNotFoundException: class path resource [mybatis/config/mybatis-config.xml] cannot be opened because it does not exist
	at org.springframework.core.io.ClassPathResource.getInputStream(ClassPathResource.java:203)
	at org.mybatis.spring.SqlSessionFactoryBean.buildSqlSessionFactory(SqlSessionFactoryBean.java:518)
	at org.mybatis.spring.SqlSessionFactoryBean.afterPropertiesSet(SqlSessionFactoryBean.java:491)
	at org.mybatis.spring.SqlSessionFactoryBean.getObject(SqlSessionFactoryBean.java:633)
	at org.mybatis.spring.boot.autoconfigure.MybatisAutoConfiguration.sqlSessionFactory(MybatisAutoConfiguration.java:179)
	at org.mybatis.spring.boot.autoconfigure.MybatisAutoConfiguration$$EnhancerBySpringCGLIB$$7514a0a2.CGLIB$sqlSessionFactory$1(<generated>)
	at org.mybatis.spring.boot.autoconfigure.MybatisAutoConfiguration$$EnhancerBySpringCGLIB$$7514a0a2$$FastClassBySpringCGLIB$$6a9d334f.invoke(<generated>)
	at org.springframework.cglib.proxy.MethodProxy.invokeSuper(MethodProxy.java:244)
	at org.springframework.context.annotation.ConfigurationClassEnhancer$BeanMethodInterceptor.intercept(ConfigurationClassEnhancer.java:331)
	at org.mybatis.spring.boot.autoconfigure.MybatisAutoConfiguration$$EnhancerBySpringCGLIB$$7514a0a2.sqlSessionFactory(<generated>)
	at sun.reflect.NativeMethodAccessorImpl.invoke0(Native Method)
	at sun.reflect.NativeMethodAccessorImpl.invoke(NativeMethodAccessorImpl.java:62)
	at sun.reflect.DelegatingMethodAccessorImpl.invoke(DelegatingMethodAccessorImpl.java:43)
	at java.lang.reflect.Method.invoke(Method.java:498)
	at org.springframework.beans.factory.support.SimpleInstantiationStrategy.instantiate(SimpleInstantiationStrategy.java:154)
	... 20 common frames omitted
25-04-01.16:41:54.809 [main            ] INFO  Application            - Starting Application using Java 1.8.0_441 on DESKTOP-0PS42FC with PID 17292 (D:\javaproject\AOA_monitor\target\classes started by wuzhichen in D:\javaproject\AOA_monitor)
25-04-01.16:41:54.810 [main            ] INFO  Application            - The following 1 profile is active: "dev"
25-04-01.16:41:55.029 [main            ] WARN  ClassPathMapperScanner - No MyBatis mapper was found in '[com.wu.monitor]' package. Please check your configuration.
25-04-01.16:41:55.136 [main            ] INFO  TomcatWebServer        - Tomcat initialized with port(s): 8080 (http)
25-04-01.16:41:55.138 [main            ] INFO  Http11NioProtocol      - Initializing ProtocolHandler ["http-nio-8080"]
25-04-01.16:41:55.139 [main            ] INFO  StandardService        - Starting service [Tomcat]
25-04-01.16:41:55.139 [main            ] INFO  StandardEngine         - Starting Servlet engine: [Apache Tomcat/9.0.83]
25-04-01.16:41:55.191 [main            ] INFO  [/]                    - Initializing Spring embedded WebApplicationContext
25-04-01.16:41:55.191 [main            ] INFO  ServletWebServerApplicationContext - Root WebApplicationContext: initialization completed in 364 ms
25-04-01.16:41:55.384 [main            ] WARN  AnnotationConfigServletWebServerApplicationContext - Exception encountered during context initialization - cancelling refresh attempt: org.springframework.beans.factory.BeanCreationException: Error creating bean with name 'sqlSessionFactory' defined in class path resource [org/mybatis/spring/boot/autoconfigure/MybatisAutoConfiguration.class]: Bean instantiation via factory method failed; nested exception is org.springframework.beans.BeanInstantiationException: Failed to instantiate [org.apache.ibatis.session.SqlSessionFactory]: Factory method 'sqlSessionFactory' threw exception; nested exception is java.io.FileNotFoundException: class path resource [mybatis/config/mybatis-config.xml] cannot be opened because it does not exist
25-04-01.16:41:55.386 [main            ] INFO  StandardService        - Stopping service [Tomcat]
25-04-01.16:41:55.389 [main            ] INFO  ConditionEvaluationReportLoggingListener - 

Error starting ApplicationContext. To display the conditions report re-run your application with 'debug' enabled.
25-04-01.16:41:55.396 [main            ] ERROR SpringApplication      - Application run failed
org.springframework.beans.factory.BeanCreationException: Error creating bean with name 'sqlSessionFactory' defined in class path resource [org/mybatis/spring/boot/autoconfigure/MybatisAutoConfiguration.class]: Bean instantiation via factory method failed; nested exception is org.springframework.beans.BeanInstantiationException: Failed to instantiate [org.apache.ibatis.session.SqlSessionFactory]: Factory method 'sqlSessionFactory' threw exception; nested exception is java.io.FileNotFoundException: class path resource [mybatis/config/mybatis-config.xml] cannot be opened because it does not exist
	at org.springframework.beans.factory.support.ConstructorResolver.instantiate(ConstructorResolver.java:653)
	at org.springframework.beans.factory.support.ConstructorResolver.instantiateUsingFactoryMethod(ConstructorResolver.java:633)
	at org.springframework.beans.factory.support.AbstractAutowireCapableBeanFactory.instantiateUsingFactoryMethod(AbstractAutowireCapableBeanFactory.java:1352)
	at org.springframework.beans.factory.support.AbstractAutowireCapableBeanFactory.createBeanInstance(AbstractAutowireCapableBeanFactory.java:1195)
	at org.springframework.beans.factory.support.AbstractAutowireCapableBeanFactory.doCreateBean(AbstractAutowireCapableBeanFactory.java:582)
	at org.springframework.beans.factory.support.AbstractAutowireCapableBeanFactory.createBean(AbstractAutowireCapableBeanFactory.java:542)
	at org.springframework.beans.factory.support.AbstractBeanFactory.lambda$doGetBean$0(AbstractBeanFactory.java:335)
	at org.springframework.beans.factory.support.DefaultSingletonBeanRegistry.getSingleton(DefaultSingletonBeanRegistry.java:234)
	at org.springframework.beans.factory.support.AbstractBeanFactory.doGetBean(AbstractBeanFactory.java:333)
	at org.springframework.beans.factory.support.AbstractBeanFactory.getBean(AbstractBeanFactory.java:208)
	at org.springframework.beans.factory.support.DefaultListableBeanFactory.preInstantiateSingletons(DefaultListableBeanFactory.java:955)
	at org.springframework.context.support.AbstractApplicationContext.finishBeanFactoryInitialization(AbstractApplicationContext.java:929)
	at org.springframework.context.support.AbstractApplicationContext.refresh(AbstractApplicationContext.java:591)
	at org.springframework.boot.web.servlet.context.ServletWebServerApplicationContext.refresh(ServletWebServerApplicationContext.java:147)
	at org.springframework.boot.SpringApplication.refresh(SpringApplication.java:732)
	at org.springframework.boot.SpringApplication.refreshContext(SpringApplication.java:409)
	at org.springframework.boot.SpringApplication.run(SpringApplication.java:308)
	at org.springframework.boot.SpringApplication.run(SpringApplication.java:1300)
	at org.springframework.boot.SpringApplication.run(SpringApplication.java:1289)
	at com.wu.monitor.Application.main(Application.java:10)
Caused by: org.springframework.beans.BeanInstantiationException: Failed to instantiate [org.apache.ibatis.session.SqlSessionFactory]: Factory method 'sqlSessionFactory' threw exception; nested exception is java.io.FileNotFoundException: class path resource [mybatis/config/mybatis-config.xml] cannot be opened because it does not exist
	at org.springframework.beans.factory.support.SimpleInstantiationStrategy.instantiate(SimpleInstantiationStrategy.java:185)
	at org.springframework.beans.factory.support.ConstructorResolver.instantiate(ConstructorResolver.java:648)
	... 19 common frames omitted
Caused by: java.io.FileNotFoundException: class path resource [mybatis/config/mybatis-config.xml] cannot be opened because it does not exist
	at org.springframework.core.io.ClassPathResource.getInputStream(ClassPathResource.java:203)
	at org.mybatis.spring.SqlSessionFactoryBean.buildSqlSessionFactory(SqlSessionFactoryBean.java:518)
	at org.mybatis.spring.SqlSessionFactoryBean.afterPropertiesSet(SqlSessionFactoryBean.java:491)
	at org.mybatis.spring.SqlSessionFactoryBean.getObject(SqlSessionFactoryBean.java:633)
	at org.mybatis.spring.boot.autoconfigure.MybatisAutoConfiguration.sqlSessionFactory(MybatisAutoConfiguration.java:179)
	at org.mybatis.spring.boot.autoconfigure.MybatisAutoConfiguration$$EnhancerBySpringCGLIB$$89304297.CGLIB$sqlSessionFactory$1(<generated>)
	at org.mybatis.spring.boot.autoconfigure.MybatisAutoConfiguration$$EnhancerBySpringCGLIB$$89304297$$FastClassBySpringCGLIB$$a9342e68.invoke(<generated>)
	at org.springframework.cglib.proxy.MethodProxy.invokeSuper(MethodProxy.java:244)
	at org.springframework.context.annotation.ConfigurationClassEnhancer$BeanMethodInterceptor.intercept(ConfigurationClassEnhancer.java:331)
	at org.mybatis.spring.boot.autoconfigure.MybatisAutoConfiguration$$EnhancerBySpringCGLIB$$89304297.sqlSessionFactory(<generated>)
	at sun.reflect.NativeMethodAccessorImpl.invoke0(Native Method)
	at sun.reflect.NativeMethodAccessorImpl.invoke(NativeMethodAccessorImpl.java:62)
	at sun.reflect.DelegatingMethodAccessorImpl.invoke(DelegatingMethodAccessorImpl.java:43)
	at java.lang.reflect.Method.invoke(Method.java:498)
	at org.springframework.beans.factory.support.SimpleInstantiationStrategy.instantiate(SimpleInstantiationStrategy.java:154)
	... 20 common frames omitted
25-04-01.16:42:55.965 [main            ] INFO  Application            - Starting Application using Java 1.8.0_441 on DESKTOP-0PS42FC with PID 17048 (D:\javaproject\AOA_monitor\target\classes started by wuzhichen in D:\javaproject\AOA_monitor)
25-04-01.16:42:55.966 [main            ] INFO  Application            - The following 1 profile is active: "dev"
25-04-01.16:42:56.164 [main            ] WARN  ClassPathMapperScanner - No MyBatis mapper was found in '[com.wu.monitor]' package. Please check your configuration.
25-04-01.16:42:56.280 [main            ] INFO  TomcatWebServer        - Tomcat initialized with port(s): 8080 (http)
25-04-01.16:42:56.283 [main            ] INFO  Http11NioProtocol      - Initializing ProtocolHandler ["http-nio-8080"]
25-04-01.16:42:56.283 [main            ] INFO  StandardService        - Starting service [Tomcat]
25-04-01.16:42:56.283 [main            ] INFO  StandardEngine         - Starting Servlet engine: [Apache Tomcat/9.0.83]
25-04-01.16:42:56.332 [main            ] INFO  [/]                    - Initializing Spring embedded WebApplicationContext
25-04-01.16:42:56.332 [main            ] INFO  ServletWebServerApplicationContext - Root WebApplicationContext: initialization completed in 352 ms
25-04-01.16:42:56.507 [main            ] WARN  AnnotationConfigServletWebServerApplicationContext - Exception encountered during context initialization - cancelling refresh attempt: org.springframework.beans.factory.BeanCreationException: Error creating bean with name 'dataSource' defined in class path resource [org/springframework/boot/autoconfigure/jdbc/DataSourceConfiguration$Hikari.class]: Bean instantiation via factory method failed; nested exception is org.springframework.beans.BeanInstantiationException: Failed to instantiate [com.zaxxer.hikari.HikariDataSource]: Factory method 'dataSource' threw exception; nested exception is org.springframework.boot.autoconfigure.jdbc.DataSourceProperties$DataSourceBeanCreationException: Failed to determine a suitable driver class
25-04-01.16:42:56.508 [main            ] INFO  StandardService        - Stopping service [Tomcat]
25-04-01.16:42:56.513 [main            ] INFO  ConditionEvaluationReportLoggingListener - 

Error starting ApplicationContext. To display the conditions report re-run your application with 'debug' enabled.
25-04-01.16:42:56.519 [main            ] ERROR LoggingFailureAnalysisReporter - 

***************************
APPLICATION FAILED TO START
***************************

Description:

Failed to configure a DataSource: 'url' attribute is not specified and no embedded datasource could be configured.

Reason: Failed to determine a suitable driver class


Action:

Consider the following:
	If you want an embedded database (H2, HSQL or Derby), please put it on the classpath.
	If you have database settings to be loaded from a particular profile you may need to activate it (the profiles dev are currently active).

25-04-01.16:43:48.162 [main            ] INFO  Application            - Starting Application using Java 1.8.0_441 on DESKTOP-0PS42FC with PID 10788 (D:\javaproject\AOA_monitor\target\classes started by wuzhichen in D:\javaproject\AOA_monitor)
25-04-01.16:43:48.163 [main            ] INFO  Application            - The following 1 profile is active: "dev"
25-04-01.16:43:48.369 [main            ] WARN  ClassPathMapperScanner - No MyBatis mapper was found in '[com.wu.monitor]' package. Please check your configuration.
25-04-01.16:43:48.484 [main            ] INFO  TomcatWebServer        - Tomcat initialized with port(s): 8080 (http)
25-04-01.16:43:48.487 [main            ] INFO  Http11NioProtocol      - Initializing ProtocolHandler ["http-nio-8080"]
25-04-01.16:43:48.487 [main            ] INFO  StandardService        - Starting service [Tomcat]
25-04-01.16:43:48.487 [main            ] INFO  StandardEngine         - Starting Servlet engine: [Apache Tomcat/9.0.83]
25-04-01.16:43:48.537 [main            ] INFO  [/]                    - Initializing Spring embedded WebApplicationContext
25-04-01.16:43:48.537 [main            ] INFO  ServletWebServerApplicationContext - Root WebApplicationContext: initialization completed in 359 ms
25-04-01.16:43:48.720 [main            ] WARN  AnnotationConfigServletWebServerApplicationContext - Exception encountered during context initialization - cancelling refresh attempt: org.springframework.beans.factory.BeanCreationException: Error creating bean with name 'dataSource' defined in class path resource [org/springframework/boot/autoconfigure/jdbc/DataSourceConfiguration$Hikari.class]: Bean instantiation via factory method failed; nested exception is org.springframework.beans.BeanInstantiationException: Failed to instantiate [com.zaxxer.hikari.HikariDataSource]: Factory method 'dataSource' threw exception; nested exception is org.springframework.boot.autoconfigure.jdbc.DataSourceProperties$DataSourceBeanCreationException: Failed to determine a suitable driver class
25-04-01.16:43:48.721 [main            ] INFO  StandardService        - Stopping service [Tomcat]
25-04-01.16:43:48.726 [main            ] INFO  ConditionEvaluationReportLoggingListener - 

Error starting ApplicationContext. To display the conditions report re-run your application with 'debug' enabled.
25-04-01.16:43:48.733 [main            ] ERROR LoggingFailureAnalysisReporter - 

***************************
APPLICATION FAILED TO START
***************************

Description:

Failed to configure a DataSource: 'url' attribute is not specified and no embedded datasource could be configured.

Reason: Failed to determine a suitable driver class


Action:

Consider the following:
	If you want an embedded database (H2, HSQL or Derby), please put it on the classpath.
	If you have database settings to be loaded from a particular profile you may need to activate it (the profiles dev are currently active).

25-04-01.16:45:08.683 [main            ] INFO  Application            - Starting Application using Java 1.8.0_441 on DESKTOP-0PS42FC with PID 18324 (D:\javaproject\AOA_monitor\target\classes started by wuzhichen in D:\javaproject\AOA_monitor)
25-04-01.16:45:08.684 [main            ] INFO  Application            - The following 1 profile is active: "dev"
25-04-01.16:45:08.884 [main            ] WARN  ClassPathMapperScanner - No MyBatis mapper was found in '[com.wu.monitor]' package. Please check your configuration.
25-04-01.16:45:08.998 [main            ] INFO  TomcatWebServer        - Tomcat initialized with port(s): 8080 (http)
25-04-01.16:45:09.000 [main            ] INFO  Http11NioProtocol      - Initializing ProtocolHandler ["http-nio-8080"]
25-04-01.16:45:09.000 [main            ] INFO  StandardService        - Starting service [Tomcat]
25-04-01.16:45:09.001 [main            ] INFO  StandardEngine         - Starting Servlet engine: [Apache Tomcat/9.0.83]
25-04-01.16:45:09.051 [main            ] INFO  [/]                    - Initializing Spring embedded WebApplicationContext
25-04-01.16:45:09.051 [main            ] INFO  ServletWebServerApplicationContext - Root WebApplicationContext: initialization completed in 352 ms
25-04-01.16:45:09.228 [main            ] WARN  AnnotationConfigServletWebServerApplicationContext - Exception encountered during context initialization - cancelling refresh attempt: org.springframework.beans.factory.BeanCreationException: Error creating bean with name 'dataSource' defined in class path resource [org/springframework/boot/autoconfigure/jdbc/DataSourceConfiguration$Hikari.class]: Bean instantiation via factory method failed; nested exception is org.springframework.beans.BeanInstantiationException: Failed to instantiate [com.zaxxer.hikari.HikariDataSource]: Factory method 'dataSource' threw exception; nested exception is org.springframework.boot.autoconfigure.jdbc.DataSourceProperties$DataSourceBeanCreationException: Failed to determine a suitable driver class
25-04-01.16:45:09.229 [main            ] INFO  StandardService        - Stopping service [Tomcat]
25-04-01.16:45:09.234 [main            ] INFO  ConditionEvaluationReportLoggingListener - 

Error starting ApplicationContext. To display the conditions report re-run your application with 'debug' enabled.
25-04-01.16:45:09.239 [main            ] ERROR LoggingFailureAnalysisReporter - 

***************************
APPLICATION FAILED TO START
***************************

Description:

Failed to configure a DataSource: 'url' attribute is not specified and no embedded datasource could be configured.

Reason: Failed to determine a suitable driver class


Action:

Consider the following:
	If you want an embedded database (H2, HSQL or Derby), please put it on the classpath.
	If you have database settings to be loaded from a particular profile you may need to activate it (the profiles dev are currently active).

25-04-01.16:46:43.542 [main            ] INFO  Application            - Starting Application using Java 1.8.0_441 on DESKTOP-0PS42FC with PID 16644 (D:\javaproject\AOA_monitor\target\classes started by wuzhichen in D:\javaproject\AOA_monitor)
25-04-01.16:46:43.543 [main            ] INFO  Application            - The following 1 profile is active: "dev"
25-04-01.16:46:43.783 [main            ] WARN  ClassPathMapperScanner - No MyBatis mapper was found in '[com.wu.monitor]' package. Please check your configuration.
25-04-01.16:46:43.909 [main            ] INFO  TomcatWebServer        - Tomcat initialized with port(s): 8080 (http)
25-04-01.16:46:43.911 [main            ] INFO  Http11NioProtocol      - Initializing ProtocolHandler ["http-nio-8080"]
25-04-01.16:46:43.912 [main            ] INFO  StandardService        - Starting service [Tomcat]
25-04-01.16:46:43.912 [main            ] INFO  StandardEngine         - Starting Servlet engine: [Apache Tomcat/9.0.83]
25-04-01.16:46:43.966 [main            ] INFO  [/]                    - Initializing Spring embedded WebApplicationContext
25-04-01.16:46:43.966 [main            ] INFO  ServletWebServerApplicationContext - Root WebApplicationContext: initialization completed in 409 ms
25-04-01.16:46:44.166 [main            ] WARN  AnnotationConfigServletWebServerApplicationContext - Exception encountered during context initialization - cancelling refresh attempt: org.springframework.beans.factory.BeanCreationException: Error creating bean with name 'dataSource' defined in class path resource [org/springframework/boot/autoconfigure/jdbc/DataSourceConfiguration$Hikari.class]: Bean instantiation via factory method failed; nested exception is org.springframework.beans.BeanInstantiationException: Failed to instantiate [com.zaxxer.hikari.HikariDataSource]: Factory method 'dataSource' threw exception; nested exception is org.springframework.boot.autoconfigure.jdbc.DataSourceProperties$DataSourceBeanCreationException: Failed to determine a suitable driver class
25-04-01.16:46:44.168 [main            ] INFO  StandardService        - Stopping service [Tomcat]
25-04-01.16:46:44.172 [main            ] INFO  ConditionEvaluationReportLoggingListener - 

Error starting ApplicationContext. To display the conditions report re-run your application with 'debug' enabled.
25-04-01.16:46:44.178 [main            ] ERROR LoggingFailureAnalysisReporter - 

***************************
APPLICATION FAILED TO START
***************************

Description:

Failed to configure a DataSource: 'url' attribute is not specified and no embedded datasource could be configured.

Reason: Failed to determine a suitable driver class


Action:

Consider the following:
	If you want an embedded database (H2, HSQL or Derby), please put it on the classpath.
	If you have database settings to be loaded from a particular profile you may need to activate it (the profiles dev are currently active).

25-04-01.16:51:17.132 [main            ] INFO  Application            - Starting Application using Java 1.8.0_441 on DESKTOP-0PS42FC with PID 17748 (D:\javaproject\AOA_monitor\target\classes started by wuzhichen in D:\javaproject\AOA_monitor)
25-04-01.16:51:17.133 [main            ] INFO  Application            - The following 1 profile is active: "dev"
25-04-01.16:51:17.416 [main            ] INFO  TomcatWebServer        - Tomcat initialized with port(s): 8080 (http)
25-04-01.16:51:17.419 [main            ] INFO  Http11NioProtocol      - Initializing ProtocolHandler ["http-nio-8080"]
25-04-01.16:51:17.419 [main            ] INFO  StandardService        - Starting service [Tomcat]
25-04-01.16:51:17.419 [main            ] INFO  StandardEngine         - Starting Servlet engine: [Apache Tomcat/9.0.83]
25-04-01.16:51:17.469 [main            ] INFO  [/]                    - Initializing Spring embedded WebApplicationContext
25-04-01.16:51:17.470 [main            ] INFO  ServletWebServerApplicationContext - Root WebApplicationContext: initialization completed in 323 ms
25-04-01.16:51:17.654 [main            ] INFO  Http11NioProtocol      - Starting ProtocolHandler ["http-nio-8080"]
25-04-01.16:51:17.679 [main            ] INFO  TomcatWebServer        - Tomcat started on port(s): 8080 (http) with context path ''
25-04-01.16:51:17.680 [main            ] INFO  SimpleBrokerMessageHandler - Starting...
25-04-01.16:51:17.680 [main            ] INFO  SimpleBrokerMessageHandler - BrokerAvailabilityEvent[available=true, SimpleBrokerMessageHandler [org.springframework.messaging.simp.broker.DefaultSubscriptionRegistry@7efa3f63]]
25-04-01.16:51:17.680 [main            ] INFO  SimpleBrokerMessageHandler - Started.
25-04-01.16:51:17.684 [main            ] INFO  Application            - Started Application in 0.739 seconds (JVM running for 1.02)
25-04-01.16:51:53.766 [http-nio-8080-exec-1] INFO  [/]                    - Initializing Spring DispatcherServlet 'dispatcherServlet'
25-04-01.16:51:53.766 [http-nio-8080-exec-1] INFO  DispatcherServlet      - Initializing Servlet 'dispatcherServlet'
25-04-01.16:51:53.767 [http-nio-8080-exec-1] INFO  DispatcherServlet      - Completed initialization in 1 ms
25-04-01.16:52:17.589 [MessageBroker-2 ] INFO  WebSocketMessageBrokerStats - WebSocketSession[0 current WS(0)-HttpStream(0)-HttpPoll(0), 0 total, 0 closed abnormally (0 connect failure, 0 send limit, 0 transport error)], stompSubProtocol[processed CONNECT(0)-CONNECTED(0)-DISCONNECT(0)], stompBrokerRelay[null], inboundChannel[pool size = 0, active threads = 0, queued tasks = 0, completed tasks = 0], outboundChannel[pool size = 0, active threads = 0, queued tasks = 0, completed tasks = 0], sockJsScheduler[pool size = 16, active threads = 1, queued tasks = 1, completed tasks = 60]
25-04-01.16:52:50.589 [SpringApplicationShutdownHook] INFO  SimpleBrokerMessageHandler - Stopping...
25-04-01.16:52:50.589 [SpringApplicationShutdownHook] INFO  SimpleBrokerMessageHandler - BrokerAvailabilityEvent[available=false, SimpleBrokerMessageHandler [org.springframework.messaging.simp.broker.DefaultSubscriptionRegistry@7efa3f63]]
25-04-01.16:52:50.589 [SpringApplicationShutdownHook] INFO  SimpleBrokerMessageHandler - Stopped.
25-04-01.16:55:41.236 [main            ] INFO  Application            - Starting Application using Java 1.8.0_441 on DESKTOP-0PS42FC with PID 17580 (D:\javaproject\AOA_monitor\target\classes started by wuzhichen in D:\javaproject\AOA_monitor)
25-04-01.16:55:41.237 [main            ] INFO  Application            - The following 1 profile is active: "dev"
25-04-01.16:55:41.505 [main            ] INFO  TomcatWebServer        - Tomcat initialized with port(s): 8080 (http)
25-04-01.16:55:41.507 [main            ] INFO  Http11NioProtocol      - Initializing ProtocolHandler ["http-nio-8080"]
25-04-01.16:55:41.507 [main            ] INFO  StandardService        - Starting service [Tomcat]
25-04-01.16:55:41.507 [main            ] INFO  StandardEngine         - Starting Servlet engine: [Apache Tomcat/9.0.83]
25-04-01.16:55:41.556 [main            ] INFO  [/]                    - Initializing Spring embedded WebApplicationContext
25-04-01.16:55:41.556 [main            ] INFO  ServletWebServerApplicationContext - Root WebApplicationContext: initialization completed in 304 ms
25-04-01.16:55:41.717 [main            ] INFO  Http11NioProtocol      - Starting ProtocolHandler ["http-nio-8080"]
25-04-01.16:55:41.744 [main            ] INFO  TomcatWebServer        - Tomcat started on port(s): 8080 (http) with context path ''
25-04-01.16:55:41.745 [main            ] INFO  SimpleBrokerMessageHandler - Starting...
25-04-01.16:55:41.745 [main            ] INFO  SimpleBrokerMessageHandler - BrokerAvailabilityEvent[available=true, SimpleBrokerMessageHandler [org.springframework.messaging.simp.broker.DefaultSubscriptionRegistry@322ba549]]
25-04-01.16:55:41.745 [main            ] INFO  SimpleBrokerMessageHandler - Started.
25-04-01.16:55:41.749 [main            ] INFO  Application            - Started Application in 0.707 seconds (JVM running for 0.993)
25-04-01.16:55:57.168 [http-nio-8080-exec-1] INFO  [/]                    - Initializing Spring DispatcherServlet 'dispatcherServlet'
25-04-01.16:55:57.168 [http-nio-8080-exec-1] INFO  DispatcherServlet      - Initializing Servlet 'dispatcherServlet'
25-04-01.16:55:57.169 [http-nio-8080-exec-1] INFO  DispatcherServlet      - Completed initialization in 1 ms
25-04-01.16:56:41.658 [MessageBroker-11] INFO  WebSocketMessageBrokerStats - WebSocketSession[4 current WS(4)-HttpStream(0)-HttpPoll(0), 4 total, 0 closed abnormally (0 connect failure, 0 send limit, 0 transport error)], stompSubProtocol[processed CONNECT(0)-CONNECTED(0)-DISCONNECT(0)], stompBrokerRelay[null], inboundChannel[pool size = 0, active threads = 0, queued tasks = 0, completed tasks = 0], outboundChannel[pool size = 0, active threads = 0, queued tasks = 0, completed tasks = 0], sockJsScheduler[pool size = 16, active threads = 1, queued tasks = 1, completed tasks = 60]
25-04-01.17:06:38.179 [SpringApplicationShutdownHook] INFO  SimpleBrokerMessageHandler - Stopping...
25-04-01.17:06:38.179 [SpringApplicationShutdownHook] INFO  SimpleBrokerMessageHandler - BrokerAvailabilityEvent[available=false, SimpleBrokerMessageHandler [org.springframework.messaging.simp.broker.DefaultSubscriptionRegistry@322ba549]]
25-04-01.17:06:38.179 [SpringApplicationShutdownHook] INFO  SimpleBrokerMessageHandler - Stopped.
25-04-01.17:06:39.541 [main            ] INFO  Application            - Starting Application using Java 1.8.0_441 on DESKTOP-0PS42FC with PID 9068 (D:\javaproject\AOA_monitor\target\classes started by wuzhichen in D:\javaproject\AOA_monitor)
25-04-01.17:06:39.542 [main            ] INFO  Application            - The following 1 profile is active: "dev"
25-04-01.17:06:39.813 [main            ] INFO  TomcatWebServer        - Tomcat initialized with port(s): 8080 (http)
25-04-01.17:06:39.815 [main            ] INFO  Http11NioProtocol      - Initializing ProtocolHandler ["http-nio-8080"]
25-04-01.17:06:39.816 [main            ] INFO  StandardService        - Starting service [Tomcat]
25-04-01.17:06:39.816 [main            ] INFO  StandardEngine         - Starting Servlet engine: [Apache Tomcat/9.0.83]
25-04-01.17:06:39.864 [main            ] INFO  [/]                    - Initializing Spring embedded WebApplicationContext
25-04-01.17:06:39.864 [main            ] INFO  ServletWebServerApplicationContext - Root WebApplicationContext: initialization completed in 308 ms
25-04-01.17:06:40.031 [main            ] INFO  Http11NioProtocol      - Starting ProtocolHandler ["http-nio-8080"]
25-04-01.17:06:40.059 [main            ] INFO  TomcatWebServer        - Tomcat started on port(s): 8080 (http) with context path ''
25-04-01.17:06:40.060 [main            ] INFO  SimpleBrokerMessageHandler - Starting...
25-04-01.17:06:40.060 [main            ] INFO  SimpleBrokerMessageHandler - BrokerAvailabilityEvent[available=true, SimpleBrokerMessageHandler [org.springframework.messaging.simp.broker.DefaultSubscriptionRegistry@6bcb12e6]]
25-04-01.17:06:40.060 [main            ] INFO  SimpleBrokerMessageHandler - Started.
25-04-01.17:06:40.064 [main            ] INFO  Application            - Started Application in 0.717 seconds (JVM running for 1.004)
25-04-01.17:06:48.677 [http-nio-8080-exec-1] INFO  [/]                    - Initializing Spring DispatcherServlet 'dispatcherServlet'
25-04-01.17:06:48.677 [http-nio-8080-exec-1] INFO  DispatcherServlet      - Initializing Servlet 'dispatcherServlet'
25-04-01.17:06:48.678 [http-nio-8080-exec-1] INFO  DispatcherServlet      - Completed initialization in 1 ms
25-04-01.17:07:39.960 [MessageBroker-11] INFO  WebSocketMessageBrokerStats - WebSocketSession[5 current WS(5)-HttpStream(0)-HttpPoll(0), 5 total, 0 closed abnormally (0 connect failure, 0 send limit, 0 transport error)], stompSubProtocol[processed CONNECT(0)-CONNECTED(0)-DISCONNECT(0)], stompBrokerRelay[null], inboundChannel[pool size = 0, active threads = 0, queued tasks = 0, completed tasks = 0], outboundChannel[pool size = 0, active threads = 0, queued tasks = 0, completed tasks = 0], sockJsScheduler[pool size = 16, active threads = 1, queued tasks = 1, completed tasks = 60]
25-04-01.17:19:04.018 [SpringApplicationShutdownHook] INFO  SimpleBrokerMessageHandler - Stopping...
25-04-01.17:19:04.018 [SpringApplicationShutdownHook] INFO  SimpleBrokerMessageHandler - BrokerAvailabilityEvent[available=false, SimpleBrokerMessageHandler [org.springframework.messaging.simp.broker.DefaultSubscriptionRegistry@6bcb12e6]]
25-04-01.17:19:04.018 [SpringApplicationShutdownHook] INFO  SimpleBrokerMessageHandler - Stopped.
25-04-01.17:19:06.786 [main            ] INFO  Application            - Starting Application using Java 1.8.0_441 on DESKTOP-0PS42FC with PID 15536 (D:\javaproject\AOA_monitor\target\classes started by wuzhichen in D:\javaproject\AOA_monitor)
25-04-01.17:19:06.787 [main            ] INFO  Application            - The following 1 profile is active: "dev"
25-04-01.17:19:07.058 [main            ] INFO  TomcatWebServer        - Tomcat initialized with port(s): 8080 (http)
25-04-01.17:19:07.060 [main            ] INFO  Http11NioProtocol      - Initializing ProtocolHandler ["http-nio-8080"]
25-04-01.17:19:07.060 [main            ] INFO  StandardService        - Starting service [Tomcat]
25-04-01.17:19:07.060 [main            ] INFO  StandardEngine         - Starting Servlet engine: [Apache Tomcat/9.0.83]
25-04-01.17:19:07.107 [main            ] INFO  [/]                    - Initializing Spring embedded WebApplicationContext
25-04-01.17:19:07.107 [main            ] INFO  ServletWebServerApplicationContext - Root WebApplicationContext: initialization completed in 304 ms
25-04-01.17:19:07.266 [main            ] INFO  Http11NioProtocol      - Starting ProtocolHandler ["http-nio-8080"]
25-04-01.17:19:07.291 [main            ] INFO  TomcatWebServer        - Tomcat started on port(s): 8080 (http) with context path ''
25-04-01.17:19:07.292 [main            ] INFO  SimpleBrokerMessageHandler - Starting...
25-04-01.17:19:07.292 [main            ] INFO  SimpleBrokerMessageHandler - BrokerAvailabilityEvent[available=true, SimpleBrokerMessageHandler [org.springframework.messaging.simp.broker.DefaultSubscriptionRegistry@3ba3d4b6]]
25-04-01.17:19:07.292 [main            ] INFO  SimpleBrokerMessageHandler - Started.
25-04-01.17:19:07.296 [main            ] INFO  Application            - Started Application in 0.719 seconds (JVM running for 1.034)
25-04-01.17:20:05.970 [http-nio-8080-exec-1] INFO  [/]                    - Initializing Spring DispatcherServlet 'dispatcherServlet'
25-04-01.17:20:05.970 [http-nio-8080-exec-1] INFO  DispatcherServlet      - Initializing Servlet 'dispatcherServlet'
25-04-01.17:20:05.971 [http-nio-8080-exec-1] INFO  DispatcherServlet      - Completed initialization in 1 ms
25-04-01.17:20:07.211 [MessageBroker-2 ] INFO  WebSocketMessageBrokerStats - WebSocketSession[1 current WS(1)-HttpStream(0)-HttpPoll(0), 1 total, 0 closed abnormally (0 connect failure, 0 send limit, 0 transport error)], stompSubProtocol[processed CONNECT(0)-CONNECTED(0)-DISCONNECT(0)], stompBrokerRelay[null], inboundChannel[pool size = 0, active threads = 0, queued tasks = 0, completed tasks = 0], outboundChannel[pool size = 0, active threads = 0, queued tasks = 0, completed tasks = 0], sockJsScheduler[pool size = 16, active threads = 1, queued tasks = 1, completed tasks = 60]
25-04-01.17:32:32.721 [SpringApplicationShutdownHook] INFO  SimpleBrokerMessageHandler - Stopping...
25-04-01.17:32:32.721 [SpringApplicationShutdownHook] INFO  SimpleBrokerMessageHandler - BrokerAvailabilityEvent[available=false, SimpleBrokerMessageHandler [org.springframework.messaging.simp.broker.DefaultSubscriptionRegistry@3ba3d4b6]]
25-04-01.17:32:32.721 [SpringApplicationShutdownHook] INFO  SimpleBrokerMessageHandler - Stopped.
25-04-01.17:32:34.044 [main            ] INFO  Application            - Starting Application using Java 1.8.0_441 on DESKTOP-0PS42FC with PID 2044 (D:\javaproject\AOA_monitor\target\classes started by wuzhichen in D:\javaproject\AOA_monitor)
25-04-01.17:32:34.044 [main            ] INFO  Application            - The following 1 profile is active: "dev"
25-04-01.17:32:34.306 [main            ] INFO  TomcatWebServer        - Tomcat initialized with port(s): 8080 (http)
25-04-01.17:32:34.308 [main            ] INFO  Http11NioProtocol      - Initializing ProtocolHandler ["http-nio-8080"]
25-04-01.17:32:34.308 [main            ] INFO  StandardService        - Starting service [Tomcat]
25-04-01.17:32:34.308 [main            ] INFO  StandardEngine         - Starting Servlet engine: [Apache Tomcat/9.0.83]
25-04-01.17:32:34.355 [main            ] INFO  [/]                    - Initializing Spring embedded WebApplicationContext
25-04-01.17:32:34.355 [main            ] INFO  ServletWebServerApplicationContext - Root WebApplicationContext: initialization completed in 296 ms
25-04-01.17:32:34.512 [main            ] INFO  Http11NioProtocol      - Starting ProtocolHandler ["http-nio-8080"]
25-04-01.17:32:34.518 [main            ] INFO  TomcatWebServer        - Tomcat started on port(s): 8080 (http) with context path ''
25-04-01.17:32:34.519 [main            ] INFO  SimpleBrokerMessageHandler - Starting...
25-04-01.17:32:34.519 [main            ] INFO  SimpleBrokerMessageHandler - BrokerAvailabilityEvent[available=true, SimpleBrokerMessageHandler [org.springframework.messaging.simp.broker.DefaultSubscriptionRegistry@430b2699]]
25-04-01.17:32:34.519 [main            ] INFO  SimpleBrokerMessageHandler - Started.
25-04-01.17:32:34.523 [main            ] INFO  Application            - Started Application in 0.672 seconds (JVM running for 0.955)
25-04-01.17:32:45.673 [http-nio-8080-exec-1] INFO  [/]                    - Initializing Spring DispatcherServlet 'dispatcherServlet'
25-04-01.17:32:45.673 [http-nio-8080-exec-1] INFO  DispatcherServlet      - Initializing Servlet 'dispatcherServlet'
25-04-01.17:32:45.674 [http-nio-8080-exec-1] INFO  DispatcherServlet      - Completed initialization in 1 ms
25-04-01.17:33:34.448 [MessageBroker-13] INFO  WebSocketMessageBrokerStats - WebSocketSession[0 current WS(0)-HttpStream(0)-HttpPoll(0), 1 total, 0 closed abnormally (0 connect failure, 0 send limit, 0 transport error)], stompSubProtocol[processed CONNECT(0)-CONNECTED(0)-DISCONNECT(0)], stompBrokerRelay[null], inboundChannel[pool size = 3, active threads = 0, queued tasks = 0, completed tasks = 3], outboundChannel[pool size = 1, active threads = 0, queued tasks = 0, completed tasks = 1], sockJsScheduler[pool size = 16, active threads = 1, queued tasks = 1, completed tasks = 60]
25-04-01.17:50:13.441 [SpringApplicationShutdownHook] INFO  SimpleBrokerMessageHandler - Stopping...
25-04-01.17:50:13.442 [SpringApplicationShutdownHook] INFO  SimpleBrokerMessageHandler - BrokerAvailabilityEvent[available=false, SimpleBrokerMessageHandler [org.springframework.messaging.simp.broker.DefaultSubscriptionRegistry@430b2699]]
25-04-01.17:50:13.442 [SpringApplicationShutdownHook] INFO  SimpleBrokerMessageHandler - Stopped.
25-04-01.17:50:14.784 [main            ] INFO  Application            - Starting Application using Java 1.8.0_441 on DESKTOP-0PS42FC with PID 4228 (D:\javaproject\AOA_monitor\target\classes started by wuzhichen in D:\javaproject\AOA_monitor)
25-04-01.17:50:14.785 [main            ] INFO  Application            - The following 1 profile is active: "dev"
25-04-01.17:50:15.084 [main            ] INFO  TomcatWebServer        - Tomcat initialized with port(s): 8080 (http)
25-04-01.17:50:15.086 [main            ] INFO  Http11NioProtocol      - Initializing ProtocolHandler ["http-nio-8080"]
25-04-01.17:50:15.087 [main            ] INFO  StandardService        - Starting service [Tomcat]
25-04-01.17:50:15.087 [main            ] INFO  StandardEngine         - Starting Servlet engine: [Apache Tomcat/9.0.83]
25-04-01.17:50:15.150 [main            ] INFO  [/]                    - Initializing Spring embedded WebApplicationContext
25-04-01.17:50:15.150 [main            ] INFO  ServletWebServerApplicationContext - Root WebApplicationContext: initialization completed in 348 ms
25-04-01.17:50:15.345 [main            ] INFO  Http11NioProtocol      - Starting ProtocolHandler ["http-nio-8080"]
25-04-01.17:50:15.373 [main            ] INFO  TomcatWebServer        - Tomcat started on port(s): 8080 (http) with context path ''
25-04-01.17:50:15.374 [main            ] INFO  SimpleBrokerMessageHandler - Starting...
25-04-01.17:50:15.375 [main            ] INFO  SimpleBrokerMessageHandler - BrokerAvailabilityEvent[available=true, SimpleBrokerMessageHandler [org.springframework.messaging.simp.broker.DefaultSubscriptionRegistry@441fbe89]]
25-04-01.17:50:15.375 [main            ] INFO  SimpleBrokerMessageHandler - Started.
25-04-01.17:50:15.379 [main            ] INFO  Application            - Started Application in 0.782 seconds (JVM running for 1.062)
25-04-01.17:50:18.157 [http-nio-8080-exec-1] INFO  [/]                    - Initializing Spring DispatcherServlet 'dispatcherServlet'
25-04-01.17:50:18.157 [http-nio-8080-exec-1] INFO  DispatcherServlet      - Initializing Servlet 'dispatcherServlet'
25-04-01.17:50:18.157 [http-nio-8080-exec-1] INFO  DispatcherServlet      - Completed initialization in 0 ms
25-04-01.17:51:15.271 [MessageBroker-8 ] INFO  WebSocketMessageBrokerStats - WebSocketSession[1 current WS(1)-HttpStream(0)-HttpPoll(0), 5 total, 0 closed abnormally (0 connect failure, 0 send limit, 0 transport error)], stompSubProtocol[processed CONNECT(0)-CONNECTED(0)-DISCONNECT(0)], stompBrokerRelay[null], inboundChannel[pool size = 12, active threads = 0, queued tasks = 0, completed tasks = 12], outboundChannel[pool size = 4, active threads = 0, queued tasks = 0, completed tasks = 4], sockJsScheduler[pool size = 16, active threads = 1, queued tasks = 1, completed tasks = 60]
25-04-01.18:03:15.214 [SpringApplicationShutdownHook] INFO  SimpleBrokerMessageHandler - Stopping...
25-04-01.18:03:15.215 [SpringApplicationShutdownHook] INFO  SimpleBrokerMessageHandler - BrokerAvailabilityEvent[available=false, SimpleBrokerMessageHandler [org.springframework.messaging.simp.broker.DefaultSubscriptionRegistry@441fbe89]]
25-04-01.18:03:15.215 [SpringApplicationShutdownHook] INFO  SimpleBrokerMessageHandler - Stopped.
25-04-01.18:03:17.369 [main            ] INFO  Application            - Starting Application using Java 1.8.0_441 on DESKTOP-0PS42FC with PID 20356 (D:\javaproject\AOA_monitor\target\classes started by wuzhichen in D:\javaproject\AOA_monitor)
25-04-01.18:03:17.370 [main            ] INFO  Application            - The following 1 profile is active: "dev"
25-04-01.18:03:17.649 [main            ] INFO  TomcatWebServer        - Tomcat initialized with port(s): 8080 (http)
25-04-01.18:03:17.652 [main            ] INFO  Http11NioProtocol      - Initializing ProtocolHandler ["http-nio-8080"]
25-04-01.18:03:17.652 [main            ] INFO  StandardService        - Starting service [Tomcat]
25-04-01.18:03:17.652 [main            ] INFO  StandardEngine         - Starting Servlet engine: [Apache Tomcat/9.0.83]
25-04-01.18:03:17.715 [main            ] INFO  [/]                    - Initializing Spring embedded WebApplicationContext
25-04-01.18:03:17.715 [main            ] INFO  ServletWebServerApplicationContext - Root WebApplicationContext: initialization completed in 329 ms
25-04-01.18:03:17.894 [main            ] INFO  Http11NioProtocol      - Starting ProtocolHandler ["http-nio-8080"]
25-04-01.18:03:17.919 [main            ] INFO  TomcatWebServer        - Tomcat started on port(s): 8080 (http) with context path ''
25-04-01.18:03:17.920 [main            ] INFO  SimpleBrokerMessageHandler - Starting...
25-04-01.18:03:17.920 [main            ] INFO  SimpleBrokerMessageHandler - BrokerAvailabilityEvent[available=true, SimpleBrokerMessageHandler [org.springframework.messaging.simp.broker.DefaultSubscriptionRegistry@62a68bcb]]
25-04-01.18:03:17.920 [main            ] INFO  SimpleBrokerMessageHandler - Started.
25-04-01.18:03:17.924 [main            ] INFO  Application            - Started Application in 0.761 seconds (JVM running for 1.049)
25-04-01.18:03:20.288 [http-nio-8080-exec-1] INFO  [/]                    - Initializing Spring DispatcherServlet 'dispatcherServlet'
25-04-01.18:03:20.288 [http-nio-8080-exec-1] INFO  DispatcherServlet      - Initializing Servlet 'dispatcherServlet'
25-04-01.18:03:20.288 [http-nio-8080-exec-1] INFO  DispatcherServlet      - Completed initialization in 0 ms
25-04-01.18:04:17.830 [MessageBroker-8 ] INFO  WebSocketMessageBrokerStats - WebSocketSession[0 current WS(0)-HttpStream(0)-HttpPoll(0), 1 total, 0 closed abnormally (0 connect failure, 0 send limit, 0 transport error)], stompSubProtocol[processed CONNECT(0)-CONNECTED(0)-DISCONNECT(0)], stompBrokerRelay[null], inboundChannel[pool size = 3, active threads = 0, queued tasks = 0, completed tasks = 3], outboundChannel[pool size = 1, active threads = 0, queued tasks = 0, completed tasks = 1], sockJsScheduler[pool size = 16, active threads = 1, queued tasks = 1, completed tasks = 60]
25-04-01.18:34:17.840 [MessageBroker-16] INFO  WebSocketMessageBrokerStats - WebSocketSession[0 current WS(0)-HttpStream(0)-HttpPoll(0), 1 total, 0 closed abnormally (0 connect failure, 0 send limit, 0 transport error)], stompSubProtocol[processed CONNECT(0)-CONNECTED(0)-DISCONNECT(0)], stompBrokerRelay[null], inboundChannel[pool size = 0, active threads = 0, queued tasks = 0, completed tasks = 3], outboundChannel[pool size = 0, active threads = 0, queued tasks = 0, completed tasks = 1], sockJsScheduler[pool size = 16, active threads = 1, queued tasks = 1, completed tasks = 1861]
25-04-01.19:01:06.101 [SpringApplicationShutdownHook] INFO  SimpleBrokerMessageHandler - Stopping...
25-04-01.19:01:06.101 [SpringApplicationShutdownHook] INFO  SimpleBrokerMessageHandler - BrokerAvailabilityEvent[available=false, SimpleBrokerMessageHandler [org.springframework.messaging.simp.broker.DefaultSubscriptionRegistry@62a68bcb]]
25-04-01.19:01:06.101 [SpringApplicationShutdownHook] INFO  SimpleBrokerMessageHandler - Stopped.
25-04-01.19:23:11.686 [main            ] INFO  Application            - Starting Application using Java 1.8.0_441 on DESKTOP-0PS42FC with PID 14080 (D:\javaproject\AOA_monitor\target\classes started by wuzhichen in D:\javaproject\AOA_monitor)
25-04-01.19:23:11.687 [main            ] INFO  Application            - The following 1 profile is active: "dev"
25-04-01.19:23:11.948 [main            ] INFO  TomcatWebServer        - Tomcat initialized with port(s): 8080 (http)
25-04-01.19:23:11.950 [main            ] INFO  Http11NioProtocol      - Initializing ProtocolHandler ["http-nio-8080"]
25-04-01.19:23:11.950 [main            ] INFO  StandardService        - Starting service [Tomcat]
25-04-01.19:23:11.950 [main            ] INFO  StandardEngine         - Starting Servlet engine: [Apache Tomcat/9.0.83]
25-04-01.19:23:12.008 [main            ] INFO  [/]                    - Initializing Spring embedded WebApplicationContext
25-04-01.19:23:12.008 [main            ] INFO  ServletWebServerApplicationContext - Root WebApplicationContext: initialization completed in 307 ms
25-04-01.19:23:12.170 [main            ] INFO  Http11NioProtocol      - Starting ProtocolHandler ["http-nio-8080"]
25-04-01.19:23:12.195 [main            ] INFO  TomcatWebServer        - Tomcat started on port(s): 8080 (http) with context path ''
25-04-01.19:23:12.196 [main            ] INFO  SimpleBrokerMessageHandler - Starting...
25-04-01.19:23:12.196 [main            ] INFO  SimpleBrokerMessageHandler - BrokerAvailabilityEvent[available=true, SimpleBrokerMessageHandler [org.springframework.messaging.simp.broker.DefaultSubscriptionRegistry@6968c1d6]]
25-04-01.19:23:12.196 [main            ] INFO  SimpleBrokerMessageHandler - Started.
25-04-01.19:23:12.199 [main            ] INFO  Application            - Started Application in 0.7 seconds (JVM running for 0.996)
25-04-01.19:23:17.751 [http-nio-8080-exec-1] INFO  [/]                    - Initializing Spring DispatcherServlet 'dispatcherServlet'
25-04-01.19:23:17.751 [http-nio-8080-exec-1] INFO  DispatcherServlet      - Initializing Servlet 'dispatcherServlet'
25-04-01.19:23:17.751 [http-nio-8080-exec-1] INFO  DispatcherServlet      - Completed initialization in 0 ms
25-04-01.19:24:07.751 [SpringApplicationShutdownHook] INFO  SimpleBrokerMessageHandler - Stopping...
25-04-01.19:24:07.751 [SpringApplicationShutdownHook] INFO  SimpleBrokerMessageHandler - BrokerAvailabilityEvent[available=false, SimpleBrokerMessageHandler [org.springframework.messaging.simp.broker.DefaultSubscriptionRegistry@6968c1d6]]
25-04-01.19:24:07.751 [SpringApplicationShutdownHook] INFO  SimpleBrokerMessageHandler - Stopped.
25-04-01.19:26:38.370 [main            ] INFO  Application            - Starting Application using Java 1.8.0_441 on DESKTOP-0PS42FC with PID 19116 (D:\javaproject\AOA_monitor\target\classes started by wuzhichen in D:\javaproject\AOA_monitor)
25-04-01.19:26:38.371 [main            ] INFO  Application            - The following 1 profile is active: "dev"
25-04-01.19:26:38.664 [main            ] INFO  TomcatWebServer        - Tomcat initialized with port(s): 8080 (http)
25-04-01.19:26:38.666 [main            ] INFO  Http11NioProtocol      - Initializing ProtocolHandler ["http-nio-8080"]
25-04-01.19:26:38.667 [main            ] INFO  StandardService        - Starting service [Tomcat]
25-04-01.19:26:38.667 [main            ] INFO  StandardEngine         - Starting Servlet engine: [Apache Tomcat/9.0.83]
25-04-01.19:26:38.728 [main            ] INFO  [/]                    - Initializing Spring embedded WebApplicationContext
25-04-01.19:26:38.728 [main            ] INFO  ServletWebServerApplicationContext - Root WebApplicationContext: initialization completed in 342 ms
25-04-01.19:26:38.917 [main            ] INFO  Http11NioProtocol      - Starting ProtocolHandler ["http-nio-8080"]
25-04-01.19:26:38.942 [main            ] INFO  TomcatWebServer        - Tomcat started on port(s): 8080 (http) with context path ''
25-04-01.19:26:38.943 [main            ] INFO  SimpleBrokerMessageHandler - Starting...
25-04-01.19:26:38.943 [main            ] INFO  SimpleBrokerMessageHandler - BrokerAvailabilityEvent[available=true, SimpleBrokerMessageHandler [org.springframework.messaging.simp.broker.DefaultSubscriptionRegistry@6968c1d6]]
25-04-01.19:26:38.943 [main            ] INFO  SimpleBrokerMessageHandler - Started.
25-04-01.19:26:38.946 [main            ] INFO  Application            - Started Application in 0.782 seconds (JVM running for 1.086)
25-04-01.19:26:41.727 [http-nio-8080-exec-1] INFO  [/]                    - Initializing Spring DispatcherServlet 'dispatcherServlet'
25-04-01.19:26:41.728 [http-nio-8080-exec-1] INFO  DispatcherServlet      - Initializing Servlet 'dispatcherServlet'
25-04-01.19:26:41.728 [http-nio-8080-exec-1] INFO  DispatcherServlet      - Completed initialization in 0 ms
25-04-01.19:27:16.875 [SpringApplicationShutdownHook] INFO  SimpleBrokerMessageHandler - Stopping...
25-04-01.19:27:16.875 [SpringApplicationShutdownHook] INFO  SimpleBrokerMessageHandler - BrokerAvailabilityEvent[available=false, SimpleBrokerMessageHandler [org.springframework.messaging.simp.broker.DefaultSubscriptionRegistry@6968c1d6]]
25-04-01.19:27:16.875 [SpringApplicationShutdownHook] INFO  SimpleBrokerMessageHandler - Stopped.
25-04-01.19:33:54.816 [main            ] INFO  Application            - Starting Application using Java 1.8.0_441 on DESKTOP-0PS42FC with PID 2464 (D:\javaproject\AOA_monitor\target\classes started by wuzhichen in D:\javaproject\AOA_monitor)
25-04-01.19:33:54.817 [main            ] INFO  Application            - The following 1 profile is active: "dev"
25-04-01.19:33:55.119 [main            ] INFO  TomcatWebServer        - Tomcat initialized with port(s): 8080 (http)
25-04-01.19:33:55.121 [main            ] INFO  Http11NioProtocol      - Initializing ProtocolHandler ["http-nio-8080"]
25-04-01.19:33:55.122 [main            ] INFO  StandardService        - Starting service [Tomcat]
25-04-01.19:33:55.122 [main            ] INFO  StandardEngine         - Starting Servlet engine: [Apache Tomcat/9.0.83]
25-04-01.19:33:55.182 [main            ] INFO  [/]                    - Initializing Spring embedded WebApplicationContext
25-04-01.19:33:55.182 [main            ] INFO  ServletWebServerApplicationContext - Root WebApplicationContext: initialization completed in 349 ms
25-04-01.19:33:55.355 [main            ] INFO  Http11NioProtocol      - Starting ProtocolHandler ["http-nio-8080"]
25-04-01.19:33:55.380 [main            ] INFO  TomcatWebServer        - Tomcat started on port(s): 8080 (http) with context path ''
25-04-01.19:33:55.381 [main            ] INFO  SimpleBrokerMessageHandler - Starting...
25-04-01.19:33:55.381 [main            ] INFO  SimpleBrokerMessageHandler - BrokerAvailabilityEvent[available=true, SimpleBrokerMessageHandler [org.springframework.messaging.simp.broker.DefaultSubscriptionRegistry@29c17c3d]]
25-04-01.19:33:55.381 [main            ] INFO  SimpleBrokerMessageHandler - Started.
25-04-01.19:33:55.385 [main            ] INFO  Application            - Started Application in 0.781 seconds (JVM running for 1.08)
25-04-01.19:34:44.892 [http-nio-8080-exec-1] INFO  [/]                    - Initializing Spring DispatcherServlet 'dispatcherServlet'
25-04-01.19:34:44.893 [http-nio-8080-exec-1] INFO  DispatcherServlet      - Initializing Servlet 'dispatcherServlet'
25-04-01.19:34:44.893 [http-nio-8080-exec-1] INFO  DispatcherServlet      - Completed initialization in 0 ms
25-04-01.19:34:55.288 [MessageBroker-2 ] INFO  WebSocketMessageBrokerStats - WebSocketSession[1 current WS(1)-HttpStream(0)-HttpPoll(0), 1 total, 0 closed abnormally (0 connect failure, 0 send limit, 0 transport error)], stompSubProtocol[processed CONNECT(0)-CONNECTED(0)-DISCONNECT(0)], stompBrokerRelay[null], inboundChannel[pool size = 0, active threads = 0, queued tasks = 0, completed tasks = 0], outboundChannel[pool size = 0, active threads = 0, queued tasks = 0, completed tasks = 0], sockJsScheduler[pool size = 16, active threads = 1, queued tasks = 1, completed tasks = 60]
25-04-01.19:39:04.099 [SpringApplicationShutdownHook] INFO  SimpleBrokerMessageHandler - Stopping...
25-04-01.19:39:04.099 [SpringApplicationShutdownHook] INFO  SimpleBrokerMessageHandler - BrokerAvailabilityEvent[available=false, SimpleBrokerMessageHandler [org.springframework.messaging.simp.broker.DefaultSubscriptionRegistry@29c17c3d]]
25-04-01.19:39:04.099 [SpringApplicationShutdownHook] INFO  SimpleBrokerMessageHandler - Stopped.
25-04-01.19:45:42.285 [main            ] INFO  Application            - Starting Application using Java 1.8.0_441 on DESKTOP-0PS42FC with PID 20036 (D:\javaproject\AOA_monitor\target\classes started by wuzhichen in D:\javaproject\AOA_monitor)
25-04-01.19:45:42.286 [main            ] INFO  Application            - The following 1 profile is active: "dev"
25-04-01.19:45:42.575 [main            ] INFO  TomcatWebServer        - Tomcat initialized with port(s): 8080 (http)
25-04-01.19:45:42.578 [main            ] INFO  Http11NioProtocol      - Initializing ProtocolHandler ["http-nio-8080"]
25-04-01.19:45:42.579 [main            ] INFO  StandardService        - Starting service [Tomcat]
25-04-01.19:45:42.579 [main            ] INFO  StandardEngine         - Starting Servlet engine: [Apache Tomcat/9.0.83]
25-04-01.19:45:42.639 [main            ] INFO  [/]                    - Initializing Spring embedded WebApplicationContext
25-04-01.19:45:42.639 [main            ] INFO  ServletWebServerApplicationContext - Root WebApplicationContext: initialization completed in 338 ms
25-04-01.19:45:42.831 [main            ] INFO  Http11NioProtocol      - Starting ProtocolHandler ["http-nio-8080"]
25-04-01.19:45:42.859 [main            ] INFO  TomcatWebServer        - Tomcat started on port(s): 8080 (http) with context path ''
25-04-01.19:45:42.860 [main            ] INFO  SimpleBrokerMessageHandler - Starting...
25-04-01.19:45:42.860 [main            ] INFO  SimpleBrokerMessageHandler - BrokerAvailabilityEvent[available=true, SimpleBrokerMessageHandler [org.springframework.messaging.simp.broker.DefaultSubscriptionRegistry@6bcb12e6]]
25-04-01.19:45:42.860 [main            ] INFO  SimpleBrokerMessageHandler - Started.
25-04-01.19:45:42.864 [main            ] INFO  Application            - Started Application in 0.769 seconds (JVM running for 1.075)
25-04-01.19:45:46.033 [http-nio-8080-exec-1] INFO  [/]                    - Initializing Spring DispatcherServlet 'dispatcherServlet'
25-04-01.19:45:46.033 [http-nio-8080-exec-1] INFO  DispatcherServlet      - Initializing Servlet 'dispatcherServlet'
25-04-01.19:45:46.033 [http-nio-8080-exec-1] INFO  DispatcherServlet      - Completed initialization in 0 ms
25-04-01.19:46:42.760 [MessageBroker-10] INFO  WebSocketMessageBrokerStats - WebSocketSession[2 current WS(2)-HttpStream(0)-HttpPoll(0), 2 total, 0 closed abnormally (0 connect failure, 0 send limit, 0 transport error)], stompSubProtocol[processed CONNECT(2)-CONNECTED(2)-DISCONNECT(0)], stompBrokerRelay[null], inboundChannel[pool size = 12, active threads = 0, queued tasks = 0, completed tasks = 12], outboundChannel[pool size = 32, active threads = 0, queued tasks = 0, completed tasks = 113], sockJsScheduler[pool size = 16, active threads = 1, queued tasks = 1, completed tasks = 60]
25-04-01.19:55:17.893 [SpringApplicationShutdownHook] INFO  SimpleBrokerMessageHandler - Stopping...
25-04-01.19:55:17.893 [SpringApplicationShutdownHook] INFO  SimpleBrokerMessageHandler - BrokerAvailabilityEvent[available=false, SimpleBrokerMessageHandler [org.springframework.messaging.simp.broker.DefaultSubscriptionRegistry@6bcb12e6]]
25-04-01.19:55:17.893 [SpringApplicationShutdownHook] INFO  SimpleBrokerMessageHandler - Stopped.
25-04-01.21:33:41.064 [main            ] INFO  Application            - Starting Application using Java 1.8.0_441 on DESKTOP-0PS42FC with PID 10672 (D:\javaproject\AOA_monitor\target\classes started by wuzhichen in D:\javaproject\AOA_monitor)
25-04-01.21:33:41.066 [main            ] INFO  Application            - The following 1 profile is active: "dev"
25-04-01.21:33:41.349 [main            ] INFO  TomcatWebServer        - Tomcat initialized with port(s): 8080 (http)
25-04-01.21:33:41.351 [main            ] INFO  Http11NioProtocol      - Initializing ProtocolHandler ["http-nio-8080"]
25-04-01.21:33:41.352 [main            ] INFO  StandardService        - Starting service [Tomcat]
25-04-01.21:33:41.352 [main            ] INFO  StandardEngine         - Starting Servlet engine: [Apache Tomcat/9.0.83]
25-04-01.21:33:41.415 [main            ] INFO  [/]                    - Initializing Spring embedded WebApplicationContext
25-04-01.21:33:41.415 [main            ] INFO  ServletWebServerApplicationContext - Root WebApplicationContext: initialization completed in 332 ms
25-04-01.21:33:41.595 [main            ] INFO  Http11NioProtocol      - Starting ProtocolHandler ["http-nio-8080"]
25-04-01.21:33:41.621 [main            ] INFO  TomcatWebServer        - Tomcat started on port(s): 8080 (http) with context path ''
25-04-01.21:33:41.622 [main            ] INFO  SimpleBrokerMessageHandler - Starting...
25-04-01.21:33:41.622 [main            ] INFO  SimpleBrokerMessageHandler - BrokerAvailabilityEvent[available=true, SimpleBrokerMessageHandler [org.springframework.messaging.simp.broker.DefaultSubscriptionRegistry@e280403]]
25-04-01.21:33:41.622 [main            ] INFO  SimpleBrokerMessageHandler - Started.
25-04-01.21:33:41.626 [main            ] INFO  Application            - Started Application in 0.747 seconds (JVM running for 1.044)
25-04-01.21:34:41.522 [MessageBroker-11] INFO  WebSocketMessageBrokerStats - WebSocketSession[0 current WS(0)-HttpStream(0)-HttpPoll(0), 0 total, 0 closed abnormally (0 connect failure, 0 send limit, 0 transport error)], stompSubProtocol[processed CONNECT(0)-CONNECTED(0)-DISCONNECT(0)], stompBrokerRelay[null], inboundChannel[pool size = 0, active threads = 0, queued tasks = 0, completed tasks = 0], outboundChannel[pool size = 0, active threads = 0, queued tasks = 0, completed tasks = 0], sockJsScheduler[pool size = 16, active threads = 1, queued tasks = 1, completed tasks = 60]
25-04-01.21:34:48.484 [http-nio-8080-exec-1] INFO  [/]                    - Initializing Spring DispatcherServlet 'dispatcherServlet'
25-04-01.21:34:48.484 [http-nio-8080-exec-1] INFO  DispatcherServlet      - Initializing Servlet 'dispatcherServlet'
25-04-01.21:34:48.484 [http-nio-8080-exec-1] INFO  DispatcherServlet      - Completed initialization in 0 ms
25-04-01.21:42:02.338 [SpringApplicationShutdownHook] INFO  SimpleBrokerMessageHandler - Stopping...
25-04-01.21:42:02.338 [SpringApplicationShutdownHook] INFO  SimpleBrokerMessageHandler - BrokerAvailabilityEvent[available=false, SimpleBrokerMessageHandler [org.springframework.messaging.simp.broker.DefaultSubscriptionRegistry@e280403]]
25-04-01.21:42:02.338 [SpringApplicationShutdownHook] INFO  SimpleBrokerMessageHandler - Stopped.
25-04-01.21:42:03.868 [main            ] INFO  Application            - Starting Application using Java 1.8.0_441 on DESKTOP-0PS42FC with PID 16720 (D:\javaproject\AOA_monitor\target\classes started by wuzhichen in D:\javaproject\AOA_monitor)
25-04-01.21:42:03.870 [main            ] INFO  Application            - The following 1 profile is active: "dev"
25-04-01.21:42:04.147 [main            ] INFO  TomcatWebServer        - Tomcat initialized with port(s): 8080 (http)
25-04-01.21:42:04.150 [main            ] INFO  Http11NioProtocol      - Initializing ProtocolHandler ["http-nio-8080"]
25-04-01.21:42:04.150 [main            ] INFO  StandardService        - Starting service [Tomcat]
25-04-01.21:42:04.150 [main            ] INFO  StandardEngine         - Starting Servlet engine: [Apache Tomcat/9.0.83]
25-04-01.21:42:04.203 [main            ] INFO  [/]                    - Initializing Spring embedded WebApplicationContext
25-04-01.21:42:04.203 [main            ] INFO  ServletWebServerApplicationContext - Root WebApplicationContext: initialization completed in 318 ms
25-04-01.21:42:04.373 [main            ] INFO  Http11NioProtocol      - Starting ProtocolHandler ["http-nio-8080"]
25-04-01.21:42:04.399 [main            ] INFO  TomcatWebServer        - Tomcat started on port(s): 8080 (http) with context path ''
25-04-01.21:42:04.400 [main            ] INFO  SimpleBrokerMessageHandler - Starting...
25-04-01.21:42:04.400 [main            ] INFO  SimpleBrokerMessageHandler - BrokerAvailabilityEvent[available=true, SimpleBrokerMessageHandler [org.springframework.messaging.simp.broker.DefaultSubscriptionRegistry@322ba549]]
25-04-01.21:42:04.401 [main            ] INFO  SimpleBrokerMessageHandler - Started.
25-04-01.21:42:04.405 [main            ] INFO  Application            - Started Application in 0.84 seconds (JVM running for 1.132)
25-04-01.21:42:06.684 [http-nio-8080-exec-1] INFO  [/]                    - Initializing Spring DispatcherServlet 'dispatcherServlet'
25-04-01.21:42:06.684 [http-nio-8080-exec-1] INFO  DispatcherServlet      - Initializing Servlet 'dispatcherServlet'
25-04-01.21:42:06.684 [http-nio-8080-exec-1] INFO  DispatcherServlet      - Completed initialization in 0 ms
25-04-01.21:43:04.308 [MessageBroker-2 ] INFO  WebSocketMessageBrokerStats - WebSocketSession[3 current WS(3)-HttpStream(0)-HttpPoll(0), 3 total, 0 closed abnormally (0 connect failure, 0 send limit, 0 transport error)], stompSubProtocol[processed CONNECT(3)-CONNECTED(3)-DISCONNECT(0)], stompBrokerRelay[null], inboundChannel[pool size = 18, active threads = 0, queued tasks = 0, completed tasks = 18], outboundChannel[pool size = 32, active threads = 0, queued tasks = 0, completed tasks = 174], sockJsScheduler[pool size = 16, active threads = 1, queued tasks = 1, completed tasks = 60]
25-04-01.21:46:07.989 [SpringApplicationShutdownHook] INFO  SimpleBrokerMessageHandler - Stopping...
25-04-01.21:46:07.989 [SpringApplicationShutdownHook] INFO  SimpleBrokerMessageHandler - BrokerAvailabilityEvent[available=false, SimpleBrokerMessageHandler [org.springframework.messaging.simp.broker.DefaultSubscriptionRegistry@322ba549]]
25-04-01.21:46:07.989 [SpringApplicationShutdownHook] INFO  SimpleBrokerMessageHandler - Stopped.
25-04-01.21:49:39.459 [main            ] INFO  Application            - Starting Application using Java 1.8.0_441 on DESKTOP-0PS42FC with PID 17772 (D:\javaproject\AOA_monitor\target\classes started by wuzhichen in D:\javaproject\AOA_monitor)
25-04-01.21:49:39.460 [main            ] INFO  Application            - The following 1 profile is active: "dev"
25-04-01.21:49:39.762 [main            ] INFO  TomcatWebServer        - Tomcat initialized with port(s): 8080 (http)
25-04-01.21:49:39.764 [main            ] INFO  Http11NioProtocol      - Initializing ProtocolHandler ["http-nio-8080"]
25-04-01.21:49:39.764 [main            ] INFO  StandardService        - Starting service [Tomcat]
25-04-01.21:49:39.764 [main            ] INFO  StandardEngine         - Starting Servlet engine: [Apache Tomcat/9.0.83]
25-04-01.21:49:39.815 [main            ] INFO  [/]                    - Initializing Spring embedded WebApplicationContext
25-04-01.21:49:39.815 [main            ] INFO  ServletWebServerApplicationContext - Root WebApplicationContext: initialization completed in 339 ms
25-04-01.21:49:39.980 [main            ] INFO  Http11NioProtocol      - Starting ProtocolHandler ["http-nio-8080"]
25-04-01.21:49:40.006 [main            ] INFO  TomcatWebServer        - Tomcat started on port(s): 8080 (http) with context path ''
25-04-01.21:49:40.007 [main            ] INFO  SimpleBrokerMessageHandler - Starting...
25-04-01.21:49:40.007 [main            ] INFO  SimpleBrokerMessageHandler - BrokerAvailabilityEvent[available=true, SimpleBrokerMessageHandler [org.springframework.messaging.simp.broker.DefaultSubscriptionRegistry@6968c1d6]]
25-04-01.21:49:40.007 [main            ] INFO  SimpleBrokerMessageHandler - Started.
25-04-01.21:49:40.011 [main            ] INFO  Application            - Started Application in 0.736 seconds (JVM running for 1.036)
25-04-01.21:49:41.752 [http-nio-8080-exec-1] INFO  [/]                    - Initializing Spring DispatcherServlet 'dispatcherServlet'
25-04-01.21:49:41.752 [http-nio-8080-exec-1] INFO  DispatcherServlet      - Initializing Servlet 'dispatcherServlet'
25-04-01.21:49:41.752 [http-nio-8080-exec-1] INFO  DispatcherServlet      - Completed initialization in 0 ms
25-04-01.21:50:39.911 [MessageBroker-15] INFO  WebSocketMessageBrokerStats - WebSocketSession[2 current WS(2)-HttpStream(0)-HttpPoll(0), 2 total, 0 closed abnormally (0 connect failure, 0 send limit, 0 transport error)], stompSubProtocol[processed CONNECT(2)-CONNECTED(2)-DISCONNECT(0)], stompBrokerRelay[null], inboundChannel[pool size = 12, active threads = 0, queued tasks = 0, completed tasks = 12], outboundChannel[pool size = 32, active threads = 0, queued tasks = 0, completed tasks = 117], sockJsScheduler[pool size = 16, active threads = 1, queued tasks = 1, completed tasks = 60]
25-04-01.21:50:49.411 [SpringApplicationShutdownHook] INFO  SimpleBrokerMessageHandler - Stopping...
25-04-01.21:50:49.411 [SpringApplicationShutdownHook] INFO  SimpleBrokerMessageHandler - BrokerAvailabilityEvent[available=false, SimpleBrokerMessageHandler [org.springframework.messaging.simp.broker.DefaultSubscriptionRegistry@6968c1d6]]
25-04-01.21:50:49.411 [SpringApplicationShutdownHook] INFO  SimpleBrokerMessageHandler - Stopped.
25-04-01.21:59:12.329 [main            ] INFO  Application            - Starting Application using Java 1.8.0_441 on DESKTOP-0PS42FC with PID 12136 (D:\javaproject\AOA_monitor\target\classes started by wuzhichen in D:\javaproject\AOA_monitor)
25-04-01.21:59:12.330 [main            ] INFO  Application            - The following 1 profile is active: "dev"
25-04-01.21:59:12.599 [main            ] INFO  TomcatWebServer        - Tomcat initialized with port(s): 8080 (http)
25-04-01.21:59:12.601 [main            ] INFO  Http11NioProtocol      - Initializing ProtocolHandler ["http-nio-8080"]
25-04-01.21:59:12.601 [main            ] INFO  StandardService        - Starting service [Tomcat]
25-04-01.21:59:12.601 [main            ] INFO  StandardEngine         - Starting Servlet engine: [Apache Tomcat/9.0.83]
25-04-01.21:59:12.652 [main            ] INFO  [/]                    - Initializing Spring embedded WebApplicationContext
25-04-01.21:59:12.652 [main            ] INFO  ServletWebServerApplicationContext - Root WebApplicationContext: initialization completed in 307 ms
25-04-01.21:59:12.813 [main            ] INFO  Http11NioProtocol      - Starting ProtocolHandler ["http-nio-8080"]
25-04-01.21:59:12.837 [main            ] INFO  TomcatWebServer        - Tomcat started on port(s): 8080 (http) with context path ''
25-04-01.21:59:12.838 [main            ] INFO  SimpleBrokerMessageHandler - Starting...
25-04-01.21:59:12.838 [main            ] INFO  SimpleBrokerMessageHandler - BrokerAvailabilityEvent[available=true, SimpleBrokerMessageHandler [org.springframework.messaging.simp.broker.DefaultSubscriptionRegistry@6968c1d6]]
25-04-01.21:59:12.838 [main            ] INFO  SimpleBrokerMessageHandler - Started.
25-04-01.21:59:12.842 [main            ] INFO  Application            - Started Application in 0.703 seconds (JVM running for 0.995)
25-04-01.21:59:27.750 [http-nio-8080-exec-1] INFO  [/]                    - Initializing Spring DispatcherServlet 'dispatcherServlet'
25-04-01.21:59:27.751 [http-nio-8080-exec-1] INFO  DispatcherServlet      - Initializing Servlet 'dispatcherServlet'
25-04-01.21:59:27.751 [http-nio-8080-exec-1] INFO  DispatcherServlet      - Completed initialization in 0 ms
25-04-01.22:00:12.754 [MessageBroker-8 ] INFO  WebSocketMessageBrokerStats - WebSocketSession[1 current WS(1)-HttpStream(0)-HttpPoll(0), 1 total, 0 closed abnormally (0 connect failure, 0 send limit, 0 transport error)], stompSubProtocol[processed CONNECT(1)-CONNECTED(1)-DISCONNECT(0)], stompBrokerRelay[null], inboundChannel[pool size = 6, active threads = 0, queued tasks = 0, completed tasks = 6], outboundChannel[pool size = 32, active threads = 0, queued tasks = 0, completed tasks = 46], sockJsScheduler[pool size = 16, active threads = 1, queued tasks = 1, completed tasks = 60]
25-04-01.22:09:57.782 [SpringApplicationShutdownHook] INFO  SimpleBrokerMessageHandler - Stopping...
25-04-01.22:09:57.782 [SpringApplicationShutdownHook] INFO  SimpleBrokerMessageHandler - BrokerAvailabilityEvent[available=false, SimpleBrokerMessageHandler [org.springframework.messaging.simp.broker.DefaultSubscriptionRegistry@6968c1d6]]
25-04-01.22:09:57.782 [SpringApplicationShutdownHook] INFO  SimpleBrokerMessageHandler - Stopped.
25-04-01.22:09:59.230 [main            ] INFO  Application            - Starting Application using Java 1.8.0_441 on DESKTOP-0PS42FC with PID 13720 (D:\javaproject\AOA_monitor\target\classes started by wuzhichen in D:\javaproject\AOA_monitor)
25-04-01.22:09:59.231 [main            ] INFO  Application            - The following 1 profile is active: "dev"
25-04-01.22:09:59.524 [main            ] INFO  TomcatWebServer        - Tomcat initialized with port(s): 8080 (http)
25-04-01.22:09:59.527 [main            ] INFO  Http11NioProtocol      - Initializing ProtocolHandler ["http-nio-8080"]
25-04-01.22:09:59.527 [main            ] INFO  StandardService        - Starting service [Tomcat]
25-04-01.22:09:59.527 [main            ] INFO  StandardEngine         - Starting Servlet engine: [Apache Tomcat/9.0.83]
25-04-01.22:09:59.578 [main            ] INFO  [/]                    - Initializing Spring embedded WebApplicationContext
25-04-01.22:09:59.579 [main            ] INFO  ServletWebServerApplicationContext - Root WebApplicationContext: initialization completed in 329 ms
25-04-01.22:09:59.739 [main            ] INFO  Http11NioProtocol      - Starting ProtocolHandler ["http-nio-8080"]
25-04-01.22:09:59.761 [main            ] INFO  TomcatWebServer        - Tomcat started on port(s): 8080 (http) with context path ''
25-04-01.22:09:59.762 [main            ] INFO  SimpleBrokerMessageHandler - Starting...
25-04-01.22:09:59.762 [main            ] INFO  SimpleBrokerMessageHandler - BrokerAvailabilityEvent[available=true, SimpleBrokerMessageHandler [org.springframework.messaging.simp.broker.DefaultSubscriptionRegistry@696db620]]
25-04-01.22:09:59.762 [main            ] INFO  SimpleBrokerMessageHandler - Started.
25-04-01.22:09:59.765 [main            ] INFO  Application            - Started Application in 0.81 seconds (JVM running for 1.112)
25-04-01.22:10:03.187 [http-nio-8080-exec-1] INFO  [/]                    - Initializing Spring DispatcherServlet 'dispatcherServlet'
25-04-01.22:10:03.188 [http-nio-8080-exec-1] INFO  DispatcherServlet      - Initializing Servlet 'dispatcherServlet'
25-04-01.22:10:03.188 [http-nio-8080-exec-1] INFO  DispatcherServlet      - Completed initialization in 0 ms
25-04-01.22:10:59.675 [MessageBroker-2 ] INFO  WebSocketMessageBrokerStats - WebSocketSession[2 current WS(2)-HttpStream(0)-HttpPoll(0), 2 total, 0 closed abnormally (0 connect failure, 0 send limit, 0 transport error)], stompSubProtocol[processed CONNECT(2)-CONNECTED(2)-DISCONNECT(0)], stompBrokerRelay[null], inboundChannel[pool size = 12, active threads = 0, queued tasks = 0, completed tasks = 12], outboundChannel[pool size = 32, active threads = 0, queued tasks = 0, completed tasks = 114], sockJsScheduler[pool size = 16, active threads = 1, queued tasks = 1, completed tasks = 60]
25-04-01.22:15:15.046 [SpringApplicationShutdownHook] INFO  SimpleBrokerMessageHandler - Stopping...
25-04-01.22:15:15.046 [SpringApplicationShutdownHook] INFO  SimpleBrokerMessageHandler - BrokerAvailabilityEvent[available=false, SimpleBrokerMessageHandler [org.springframework.messaging.simp.broker.DefaultSubscriptionRegistry@696db620]]
25-04-01.22:15:15.046 [SpringApplicationShutdownHook] INFO  SimpleBrokerMessageHandler - Stopped.
25-04-01.22:15:38.969 [main            ] INFO  Application            - Starting Application using Java 1.8.0_441 on DESKTOP-0PS42FC with PID 20376 (D:\javaproject\AOA_monitor\target\classes started by wuzhichen in D:\javaproject\AOA_monitor)
25-04-01.22:15:38.970 [main            ] INFO  Application            - The following 1 profile is active: "dev"
25-04-01.22:15:39.254 [main            ] INFO  TomcatWebServer        - Tomcat initialized with port(s): 8080 (http)
25-04-01.22:15:39.256 [main            ] INFO  Http11NioProtocol      - Initializing ProtocolHandler ["http-nio-8080"]
25-04-01.22:15:39.257 [main            ] INFO  StandardService        - Starting service [Tomcat]
25-04-01.22:15:39.257 [main            ] INFO  StandardEngine         - Starting Servlet engine: [Apache Tomcat/9.0.83]
25-04-01.22:15:39.314 [main            ] INFO  [/]                    - Initializing Spring embedded WebApplicationContext
25-04-01.22:15:39.314 [main            ] INFO  ServletWebServerApplicationContext - Root WebApplicationContext: initialization completed in 329 ms
25-04-01.22:15:39.487 [main            ] INFO  Http11NioProtocol      - Starting ProtocolHandler ["http-nio-8080"]
25-04-01.22:15:39.512 [main            ] INFO  TomcatWebServer        - Tomcat started on port(s): 8080 (http) with context path ''
25-04-01.22:15:39.513 [main            ] INFO  SimpleBrokerMessageHandler - Starting...
25-04-01.22:15:39.513 [main            ] INFO  SimpleBrokerMessageHandler - BrokerAvailabilityEvent[available=true, SimpleBrokerMessageHandler [org.springframework.messaging.simp.broker.DefaultSubscriptionRegistry@1163a27]]
25-04-01.22:15:39.513 [main            ] INFO  SimpleBrokerMessageHandler - Started.
25-04-01.22:15:39.517 [main            ] INFO  Application            - Started Application in 0.736 seconds (JVM running for 1.033)
25-04-01.22:15:39.558 [http-nio-8080-exec-1] INFO  [/]                    - Initializing Spring DispatcherServlet 'dispatcherServlet'
25-04-01.22:15:39.558 [http-nio-8080-exec-1] INFO  DispatcherServlet      - Initializing Servlet 'dispatcherServlet'
25-04-01.22:15:39.558 [http-nio-8080-exec-1] INFO  DispatcherServlet      - Completed initialization in 0 ms
25-04-01.22:16:39.423 [MessageBroker-11] INFO  WebSocketMessageBrokerStats - WebSocketSession[0 current WS(0)-HttpStream(0)-HttpPoll(0), 3 total, 0 closed abnormally (0 connect failure, 0 send limit, 0 transport error)], stompSubProtocol[processed CONNECT(3)-CONNECTED(3)-DISCONNECT(0)], stompBrokerRelay[null], inboundChannel[pool size = 27, active threads = 0, queued tasks = 0, completed tasks = 27], outboundChannel[pool size = 32, active threads = 0, queued tasks = 0, completed tasks = 38], sockJsScheduler[pool size = 16, active threads = 1, queued tasks = 1, completed tasks = 60]
25-04-01.22:23:30.444 [SpringApplicationShutdownHook] INFO  SimpleBrokerMessageHandler - Stopping...
25-04-01.22:23:30.444 [SpringApplicationShutdownHook] INFO  SimpleBrokerMessageHandler - BrokerAvailabilityEvent[available=false, SimpleBrokerMessageHandler [org.springframework.messaging.simp.broker.DefaultSubscriptionRegistry@1163a27]]
25-04-01.22:23:30.444 [SpringApplicationShutdownHook] INFO  SimpleBrokerMessageHandler - Stopped.
25-04-01.22:23:32.843 [main            ] INFO  Application            - Starting Application using Java 1.8.0_441 on DESKTOP-0PS42FC with PID 8236 (D:\javaproject\AOA_monitor\target\classes started by wuzhichen in D:\javaproject\AOA_monitor)
25-04-01.22:23:32.844 [main            ] INFO  Application            - The following 1 profile is active: "dev"
25-04-01.22:23:33.112 [main            ] INFO  TomcatWebServer        - Tomcat initialized with port(s): 8080 (http)
25-04-01.22:23:33.114 [main            ] INFO  Http11NioProtocol      - Initializing ProtocolHandler ["http-nio-8080"]
25-04-01.22:23:33.114 [main            ] INFO  StandardService        - Starting service [Tomcat]
25-04-01.22:23:33.114 [main            ] INFO  StandardEngine         - Starting Servlet engine: [Apache Tomcat/9.0.83]
25-04-01.22:23:33.165 [main            ] INFO  [/]                    - Initializing Spring embedded WebApplicationContext
25-04-01.22:23:33.165 [main            ] INFO  ServletWebServerApplicationContext - Root WebApplicationContext: initialization completed in 306 ms
25-04-01.22:23:33.327 [main            ] INFO  Http11NioProtocol      - Starting ProtocolHandler ["http-nio-8080"]
25-04-01.22:23:33.352 [main            ] INFO  TomcatWebServer        - Tomcat started on port(s): 8080 (http) with context path ''
25-04-01.22:23:33.353 [main            ] INFO  SimpleBrokerMessageHandler - Starting...
25-04-01.22:23:33.353 [main            ] INFO  SimpleBrokerMessageHandler - BrokerAvailabilityEvent[available=true, SimpleBrokerMessageHandler [org.springframework.messaging.simp.broker.DefaultSubscriptionRegistry@6bcb12e6]]
25-04-01.22:23:33.353 [main            ] INFO  SimpleBrokerMessageHandler - Started.
25-04-01.22:23:33.357 [main            ] INFO  Application            - Started Application in 0.71 seconds (JVM running for 0.993)
25-04-01.22:23:36.192 [http-nio-8080-exec-1] INFO  [/]                    - Initializing Spring DispatcherServlet 'dispatcherServlet'
25-04-01.22:23:36.192 [http-nio-8080-exec-1] INFO  DispatcherServlet      - Initializing Servlet 'dispatcherServlet'
25-04-01.22:23:36.192 [http-nio-8080-exec-1] INFO  DispatcherServlet      - Completed initialization in 0 ms
25-04-01.22:24:33.270 [MessageBroker-10] INFO  WebSocketMessageBrokerStats - WebSocketSession[2 current WS(2)-HttpStream(0)-HttpPoll(0), 2 total, 0 closed abnormally (0 connect failure, 0 send limit, 0 transport error)], stompSubProtocol[processed CONNECT(2)-CONNECTED(2)-DISCONNECT(0)], stompBrokerRelay[null], inboundChannel[pool size = 9, active threads = 0, queued tasks = 0, completed tasks = 9], outboundChannel[pool size = 32, active threads = 0, queued tasks = 0, completed tasks = 59], sockJsScheduler[pool size = 16, active threads = 1, queued tasks = 1, completed tasks = 60]
25-04-01.22:35:18.148 [SpringApplicationShutdownHook] INFO  SimpleBrokerMessageHandler - Stopping...
25-04-01.22:35:18.148 [SpringApplicationShutdownHook] INFO  SimpleBrokerMessageHandler - BrokerAvailabilityEvent[available=false, SimpleBrokerMessageHandler [org.springframework.messaging.simp.broker.DefaultSubscriptionRegistry@6bcb12e6]]
25-04-01.22:35:18.148 [SpringApplicationShutdownHook] INFO  SimpleBrokerMessageHandler - Stopped.
25-04-01.22:35:19.592 [main            ] INFO  Application            - Starting Application using Java 1.8.0_441 on DESKTOP-0PS42FC with PID 20324 (D:\javaproject\AOA_monitor\target\classes started by wuzhichen in D:\javaproject\AOA_monitor)
25-04-01.22:35:19.593 [main            ] INFO  Application            - The following 1 profile is active: "dev"
25-04-01.22:35:19.905 [main            ] INFO  TomcatWebServer        - Tomcat initialized with port(s): 8080 (http)
25-04-01.22:35:19.907 [main            ] INFO  Http11NioProtocol      - Initializing ProtocolHandler ["http-nio-8080"]
25-04-01.22:35:19.908 [main            ] INFO  StandardService        - Starting service [Tomcat]
25-04-01.22:35:19.908 [main            ] INFO  StandardEngine         - Starting Servlet engine: [Apache Tomcat/9.0.83]
25-04-01.22:35:19.958 [main            ] INFO  [/]                    - Initializing Spring embedded WebApplicationContext
25-04-01.22:35:19.958 [main            ] INFO  ServletWebServerApplicationContext - Root WebApplicationContext: initialization completed in 347 ms
25-04-01.22:35:20.122 [main            ] INFO  Http11NioProtocol      - Starting ProtocolHandler ["http-nio-8080"]
25-04-01.22:35:20.148 [main            ] INFO  TomcatWebServer        - Tomcat started on port(s): 8080 (http) with context path ''
25-04-01.22:35:20.149 [main            ] INFO  SimpleBrokerMessageHandler - Starting...
25-04-01.22:35:20.149 [main            ] INFO  SimpleBrokerMessageHandler - BrokerAvailabilityEvent[available=true, SimpleBrokerMessageHandler [org.springframework.messaging.simp.broker.DefaultSubscriptionRegistry@1163a27]]
25-04-01.22:35:20.150 [main            ] INFO  SimpleBrokerMessageHandler - Started.
25-04-01.22:35:20.154 [main            ] INFO  Application            - Started Application in 0.827 seconds (JVM running for 1.127)
25-04-01.22:35:22.227 [http-nio-8080-exec-1] INFO  [/]                    - Initializing Spring DispatcherServlet 'dispatcherServlet'
25-04-01.22:35:22.227 [http-nio-8080-exec-1] INFO  DispatcherServlet      - Initializing Servlet 'dispatcherServlet'
25-04-01.22:35:22.228 [http-nio-8080-exec-1] INFO  DispatcherServlet      - Completed initialization in 1 ms
25-04-01.22:36:20.064 [MessageBroker-8 ] INFO  WebSocketMessageBrokerStats - WebSocketSession[2 current WS(2)-HttpStream(0)-HttpPoll(0), 8 total, 0 closed abnormally (0 connect failure, 0 send limit, 0 transport error)], stompSubProtocol[processed CONNECT(8)-CONNECTED(8)-DISCONNECT(0)], stompBrokerRelay[null], inboundChannel[pool size = 32, active threads = 0, queued tasks = 0, completed tasks = 66], outboundChannel[pool size = 32, active threads = 0, queued tasks = 0, completed tasks = 180], sockJsScheduler[pool size = 16, active threads = 1, queued tasks = 1, completed tasks = 60]
25-04-01.22:41:52.114 [SpringApplicationShutdownHook] INFO  SimpleBrokerMessageHandler - Stopping...
25-04-01.22:41:52.114 [SpringApplicationShutdownHook] INFO  SimpleBrokerMessageHandler - BrokerAvailabilityEvent[available=false, SimpleBrokerMessageHandler [org.springframework.messaging.simp.broker.DefaultSubscriptionRegistry@1163a27]]
25-04-01.22:41:52.114 [SpringApplicationShutdownHook] INFO  SimpleBrokerMessageHandler - Stopped.
25-04-01.22:41:53.534 [main            ] INFO  Application            - Starting Application using Java 1.8.0_441 on DESKTOP-0PS42FC with PID 19472 (D:\javaproject\AOA_monitor\target\classes started by wuzhichen in D:\javaproject\AOA_monitor)
25-04-01.22:41:53.535 [main            ] INFO  Application            - The following 1 profile is active: "dev"
25-04-01.22:41:53.838 [main            ] INFO  TomcatWebServer        - Tomcat initialized with port(s): 8080 (http)
25-04-01.22:41:53.840 [main            ] INFO  Http11NioProtocol      - Initializing ProtocolHandler ["http-nio-8080"]
25-04-01.22:41:53.840 [main            ] INFO  StandardService        - Starting service [Tomcat]
25-04-01.22:41:53.840 [main            ] INFO  StandardEngine         - Starting Servlet engine: [Apache Tomcat/9.0.83]
25-04-01.22:41:53.890 [main            ] INFO  [/]                    - Initializing Spring embedded WebApplicationContext
25-04-01.22:41:53.890 [main            ] INFO  ServletWebServerApplicationContext - Root WebApplicationContext: initialization completed in 339 ms
25-04-01.22:41:54.050 [main            ] INFO  Http11NioProtocol      - Starting ProtocolHandler ["http-nio-8080"]
25-04-01.22:41:54.076 [main            ] INFO  TomcatWebServer        - Tomcat started on port(s): 8080 (http) with context path ''
25-04-01.22:41:54.076 [main            ] INFO  SimpleBrokerMessageHandler - Starting...
25-04-01.22:41:54.077 [main            ] INFO  SimpleBrokerMessageHandler - BrokerAvailabilityEvent[available=true, SimpleBrokerMessageHandler [org.springframework.messaging.simp.broker.DefaultSubscriptionRegistry@441fbe89]]
25-04-01.22:41:54.077 [main            ] INFO  SimpleBrokerMessageHandler - Started.
25-04-01.22:41:54.080 [main            ] INFO  Application            - Started Application in 0.803 seconds (JVM running for 1.102)
25-04-01.22:41:57.139 [http-nio-8080-exec-1] INFO  [/]                    - Initializing Spring DispatcherServlet 'dispatcherServlet'
25-04-01.22:41:57.139 [http-nio-8080-exec-1] INFO  DispatcherServlet      - Initializing Servlet 'dispatcherServlet'
25-04-01.22:41:57.139 [http-nio-8080-exec-1] INFO  DispatcherServlet      - Completed initialization in 0 ms
25-04-01.22:42:53.996 [MessageBroker-13] INFO  WebSocketMessageBrokerStats - WebSocketSession[1 current WS(1)-HttpStream(0)-HttpPoll(0), 1 total, 0 closed abnormally (0 connect failure, 0 send limit, 0 transport error)], stompSubProtocol[processed CONNECT(1)-CONNECTED(1)-DISCONNECT(0)], stompBrokerRelay[null], inboundChannel[pool size = 6, active threads = 0, queued tasks = 0, completed tasks = 6], outboundChannel[pool size = 32, active threads = 0, queued tasks = 0, completed tasks = 57], sockJsScheduler[pool size = 16, active threads = 1, queued tasks = 1, completed tasks = 60]
25-04-01.22:50:07.438 [SpringApplicationShutdownHook] INFO  SimpleBrokerMessageHandler - Stopping...
25-04-01.22:50:07.438 [SpringApplicationShutdownHook] INFO  SimpleBrokerMessageHandler - BrokerAvailabilityEvent[available=false, SimpleBrokerMessageHandler [org.springframework.messaging.simp.broker.DefaultSubscriptionRegistry@441fbe89]]
25-04-01.22:50:07.438 [SpringApplicationShutdownHook] INFO  SimpleBrokerMessageHandler - Stopped.
25-04-01.22:55:29.520 [main            ] INFO  Application            - Starting Application using Java 1.8.0_441 on DESKTOP-0PS42FC with PID 18280 (D:\javaproject\AOA_monitor\target\classes started by wuzhichen in D:\javaproject\AOA_monitor)
25-04-01.22:55:29.521 [main            ] INFO  Application            - The following 1 profile is active: "dev"
25-04-01.22:55:29.802 [main            ] INFO  TomcatWebServer        - Tomcat initialized with port(s): 8080 (http)
25-04-01.22:55:29.804 [main            ] INFO  Http11NioProtocol      - Initializing ProtocolHandler ["http-nio-8080"]
25-04-01.22:55:29.805 [main            ] INFO  StandardService        - Starting service [Tomcat]
25-04-01.22:55:29.805 [main            ] INFO  StandardEngine         - Starting Servlet engine: [Apache Tomcat/9.0.83]
25-04-01.22:55:29.860 [main            ] INFO  [/]                    - Initializing Spring embedded WebApplicationContext
25-04-01.22:55:29.860 [main            ] INFO  ServletWebServerApplicationContext - Root WebApplicationContext: initialization completed in 324 ms
25-04-01.22:55:30.034 [main            ] INFO  Http11NioProtocol      - Starting ProtocolHandler ["http-nio-8080"]
25-04-01.22:55:30.060 [main            ] INFO  TomcatWebServer        - Tomcat started on port(s): 8080 (http) with context path ''
25-04-01.22:55:30.061 [main            ] INFO  SimpleBrokerMessageHandler - Starting...
25-04-01.22:55:30.061 [main            ] INFO  SimpleBrokerMessageHandler - BrokerAvailabilityEvent[available=true, SimpleBrokerMessageHandler [org.springframework.messaging.simp.broker.DefaultSubscriptionRegistry@6bcb12e6]]
25-04-01.22:55:30.061 [main            ] INFO  SimpleBrokerMessageHandler - Started.
25-04-01.22:55:30.065 [main            ] INFO  Application            - Started Application in 0.747 seconds (JVM running for 1.041)
25-04-01.22:55:40.564 [http-nio-8080-exec-1] INFO  [/]                    - Initializing Spring DispatcherServlet 'dispatcherServlet'
25-04-01.22:55:40.564 [http-nio-8080-exec-1] INFO  DispatcherServlet      - Initializing Servlet 'dispatcherServlet'
25-04-01.22:55:40.565 [http-nio-8080-exec-1] INFO  DispatcherServlet      - Completed initialization in 1 ms
25-04-01.22:56:29.972 [MessageBroker-4 ] INFO  WebSocketMessageBrokerStats - WebSocketSession[1 current WS(1)-HttpStream(0)-HttpPoll(0), 1 total, 0 closed abnormally (0 connect failure, 0 send limit, 0 transport error)], stompSubProtocol[processed CONNECT(1)-CONNECTED(1)-DISCONNECT(0)], stompBrokerRelay[null], inboundChannel[pool size = 6, active threads = 0, queued tasks = 0, completed tasks = 6], outboundChannel[pool size = 32, active threads = 0, queued tasks = 0, completed tasks = 50], sockJsScheduler[pool size = 16, active threads = 1, queued tasks = 1, completed tasks = 60]
25-04-01.23:08:09.923 [SpringApplicationShutdownHook] INFO  SimpleBrokerMessageHandler - Stopping...
25-04-01.23:08:09.923 [SpringApplicationShutdownHook] INFO  SimpleBrokerMessageHandler - BrokerAvailabilityEvent[available=false, SimpleBrokerMessageHandler [org.springframework.messaging.simp.broker.DefaultSubscriptionRegistry@6bcb12e6]]
25-04-01.23:08:09.923 [SpringApplicationShutdownHook] INFO  SimpleBrokerMessageHandler - Stopped.
25-04-01.23:13:29.034 [main            ] INFO  Application            - Starting Application using Java 1.8.0_441 on DESKTOP-0PS42FC with PID 19580 (D:\javaproject\AOA_monitor\target\classes started by wuzhichen in D:\javaproject\AOA_monitor)
25-04-01.23:13:29.035 [main            ] INFO  Application            - The following 1 profile is active: "dev"
25-04-01.23:13:29.303 [main            ] INFO  TomcatWebServer        - Tomcat initialized with port(s): 8080 (http)
25-04-01.23:13:29.305 [main            ] INFO  Http11NioProtocol      - Initializing ProtocolHandler ["http-nio-8080"]
25-04-01.23:13:29.305 [main            ] INFO  StandardService        - Starting service [Tomcat]
25-04-01.23:13:29.305 [main            ] INFO  StandardEngine         - Starting Servlet engine: [Apache Tomcat/9.0.83]
25-04-01.23:13:29.357 [main            ] INFO  [/]                    - Initializing Spring embedded WebApplicationContext
25-04-01.23:13:29.357 [main            ] INFO  ServletWebServerApplicationContext - Root WebApplicationContext: initialization completed in 307 ms
25-04-01.23:13:29.523 [main            ] INFO  Http11NioProtocol      - Starting ProtocolHandler ["http-nio-8080"]
25-04-01.23:13:29.547 [main            ] INFO  TomcatWebServer        - Tomcat started on port(s): 8080 (http) with context path ''
25-04-01.23:13:29.548 [main            ] INFO  SimpleBrokerMessageHandler - Starting...
25-04-01.23:13:29.548 [main            ] INFO  SimpleBrokerMessageHandler - BrokerAvailabilityEvent[available=true, SimpleBrokerMessageHandler [org.springframework.messaging.simp.broker.DefaultSubscriptionRegistry@6bcb12e6]]
25-04-01.23:13:29.548 [main            ] INFO  SimpleBrokerMessageHandler - Started.
25-04-01.23:13:29.552 [main            ] INFO  Application            - Started Application in 0.743 seconds (JVM running for 1.024)
25-04-01.23:13:32.065 [http-nio-8080-exec-1] INFO  [/]                    - Initializing Spring DispatcherServlet 'dispatcherServlet'
25-04-01.23:13:32.065 [http-nio-8080-exec-1] INFO  DispatcherServlet      - Initializing Servlet 'dispatcherServlet'
25-04-01.23:13:32.065 [http-nio-8080-exec-1] INFO  DispatcherServlet      - Completed initialization in 0 ms
25-04-01.23:14:29.456 [MessageBroker-9 ] INFO  WebSocketMessageBrokerStats - WebSocketSession[1 current WS(1)-HttpStream(0)-HttpPoll(0), 1 total, 0 closed abnormally (0 connect failure, 0 send limit, 0 transport error)], stompSubProtocol[processed CONNECT(1)-CONNECTED(1)-DISCONNECT(0)], stompBrokerRelay[null], inboundChannel[pool size = 6, active threads = 0, queued tasks = 0, completed tasks = 6], outboundChannel[pool size = 32, active threads = 0, queued tasks = 0, completed tasks = 58], sockJsScheduler[pool size = 16, active threads = 1, queued tasks = 1, completed tasks = 60]
25-04-01.23:26:52.341 [SpringApplicationShutdownHook] INFO  SimpleBrokerMessageHandler - Stopping...
25-04-01.23:26:52.341 [SpringApplicationShutdownHook] INFO  SimpleBrokerMessageHandler - BrokerAvailabilityEvent[available=false, SimpleBrokerMessageHandler [org.springframework.messaging.simp.broker.DefaultSubscriptionRegistry@6bcb12e6]]
25-04-01.23:26:52.341 [SpringApplicationShutdownHook] INFO  SimpleBrokerMessageHandler - Stopped.
