25-04-17.22:37:05.880 [http-nio-8080-exec-7] WARN  DefaultHandlerExceptionResolver - Resolved [org.springframework.web.HttpMediaTypeNotSupportedException: Content type 'multipart/form-data;boundary=----WebKitFormBoundarylz1edeJoWbbnZLv3;charset=UTF-8' not supported]
25-04-17.22:37:07.136 [http-nio-8080-exec-2] WARN  DefaultHandlerExceptionResolver - Resolved [org.springframework.web.HttpMediaTypeNotSupportedException: Content type 'multipart/form-data;boundary=----WebKitFormBoundaryWx84wahGmAM0eFgr;charset=UTF-8' not supported]
25-04-17.22:37:08.276 [http-nio-8080-exec-6] WARN  DefaultHandlerExceptionResolver - Resolved [org.springframework.web.HttpMediaTypeNotSupportedException: Content type 'multipart/form-data;boundary=----WebKitFormBoundary1S1MNc7zArkJKrqq;charset=UTF-8' not supported]
25-04-17.22:37:09.271 [http-nio-8080-exec-4] WARN  DefaultHandlerExceptionResolver - Resolved [org.springframework.web.HttpMediaTypeNotSupportedException: Content type 'multipart/form-data;boundary=----WebKitFormBoundaryX0K7BAAF7LXxYGUO;charset=UTF-8' not supported]
25-04-17.22:37:10.067 [http-nio-8080-exec-8] WARN  DefaultHandlerExceptionResolver - Resolved [org.springframework.web.HttpMediaTypeNotSupportedException: Content type 'multipart/form-data;boundary=----WebKitFormBoundary5y8L8UHtP05dg627;charset=UTF-8' not supported]
25-04-17.22:37:10.936 [http-nio-8080-exec-9] WARN  DefaultHandlerExceptionResolver - Resolved [org.springframework.web.HttpMediaTypeNotSupportedException: Content type 'multipart/form-data;boundary=----WebKitFormBoundaryGJI8qFkzOftDg4X7;charset=UTF-8' not supported]
25-04-17.22:37:12.405 [http-nio-8080-exec-1] WARN  DefaultHandlerExceptionResolver - Resolved [org.springframework.web.HttpMediaTypeNotSupportedException: Content type 'multipart/form-data;boundary=----WebKitFormBoundaryAqb5CNleDa2T1Bk7;charset=UTF-8' not supported]
25-04-17.22:37:12.958 [http-nio-8080-exec-10] WARN  DefaultHandlerExceptionResolver - Resolved [org.springframework.web.HttpMediaTypeNotSupportedException: Content type 'multipart/form-data;boundary=----WebKitFormBoundaryHa2xpPbL8kdK3o0l;charset=UTF-8' not supported]
25-04-17.22:38:57.636 [http-nio-8080-exec-6] WARN  DefaultHandlerExceptionResolver - Resolved [org.springframework.web.HttpMediaTypeNotSupportedException: Content type 'multipart/form-data;boundary=----WebKitFormBoundaryRtzFhz93tw2A1hD8;charset=UTF-8' not supported]
25-04-17.22:39:06.561 [http-nio-8080-exec-4] WARN  DefaultHandlerExceptionResolver - Resolved [org.springframework.web.HttpMediaTypeNotSupportedException: Content type 'multipart/form-data;boundary=----WebKitFormBoundaryJWZPAAZyjmvEBQS0;charset=UTF-8' not supported]
25-04-17.22:58:10.910 [http-nio-8080-exec-7] WARN  DefaultHandlerExceptionResolver - Resolved [org.springframework.web.HttpMediaTypeNotSupportedException: Content type 'multipart/form-data;boundary=----WebKitFormBoundaryPp4nqOenndrvA2iJ;charset=UTF-8' not supported]
25-04-17.23:13:01.112 [http-nio-8080-exec-10] WARN  DefaultHandlerExceptionResolver - Resolved [org.springframework.web.HttpMediaTypeNotSupportedException: Content type 'multipart/form-data;boundary=----WebKitFormBoundaryRHYN8RayeRsgudDr;charset=UTF-8' not supported]
25-04-17.23:13:02.067 [http-nio-8080-exec-1] WARN  DefaultHandlerExceptionResolver - Resolved [org.springframework.web.HttpMediaTypeNotSupportedException: Content type 'multipart/form-data;boundary=----WebKitFormBoundary9BIGdgBEBVcCbFqV;charset=UTF-8' not supported]
25-04-17.23:13:02.332 [http-nio-8080-exec-2] WARN  DefaultHandlerExceptionResolver - Resolved [org.springframework.web.HttpMediaTypeNotSupportedException: Content type 'multipart/form-data;boundary=----WebKitFormBoundary6Pbp5jOLiPeGzTBD;charset=UTF-8' not supported]
25-04-17.23:13:02.509 [http-nio-8080-exec-4] WARN  DefaultHandlerExceptionResolver - Resolved [org.springframework.web.HttpMediaTypeNotSupportedException: Content type 'multipart/form-data;boundary=----WebKitFormBoundaryzSP0AqUbJPJsb3Lj;charset=UTF-8' not supported]
25-04-17.23:13:02.679 [http-nio-8080-exec-3] WARN  DefaultHandlerExceptionResolver - Resolved [org.springframework.web.HttpMediaTypeNotSupportedException: Content type 'multipart/form-data;boundary=----WebKitFormBoundaryx6a0XMGfc3nd4MeD;charset=UTF-8' not supported]
25-04-17.23:13:02.838 [http-nio-8080-exec-5] WARN  DefaultHandlerExceptionResolver - Resolved [org.springframework.web.HttpMediaTypeNotSupportedException: Content type 'multipart/form-data;boundary=----WebKitFormBoundarycdJvZMQSeehxFARW;charset=UTF-8' not supported]
25-04-17.23:13:02.997 [http-nio-8080-exec-6] WARN  DefaultHandlerExceptionResolver - Resolved [org.springframework.web.HttpMediaTypeNotSupportedException: Content type 'multipart/form-data;boundary=----WebKitFormBoundary8EF9g8aCaulV0zEb;charset=UTF-8' not supported]
25-04-17.23:13:03.144 [http-nio-8080-exec-7] WARN  DefaultHandlerExceptionResolver - Resolved [org.springframework.web.HttpMediaTypeNotSupportedException: Content type 'multipart/form-data;boundary=----WebKitFormBoundaryHulKAUB0wsTLch5T;charset=UTF-8' not supported]
25-04-17.23:13:03.306 [http-nio-8080-exec-9] WARN  DefaultHandlerExceptionResolver - Resolved [org.springframework.web.HttpMediaTypeNotSupportedException: Content type 'multipart/form-data;boundary=----WebKitFormBoundaryBg8EykAVWHwCQ6du;charset=UTF-8' not supported]
25-04-17.23:13:03.459 [http-nio-8080-exec-8] WARN  DefaultHandlerExceptionResolver - Resolved [org.springframework.web.HttpMediaTypeNotSupportedException: Content type 'multipart/form-data;boundary=----WebKitFormBoundaryAc5ukprKxzt4iS6b;charset=UTF-8' not supported]
25-04-17.23:13:03.612 [http-nio-8080-exec-10] WARN  DefaultHandlerExceptionResolver - Resolved [org.springframework.web.HttpMediaTypeNotSupportedException: Content type 'multipart/form-data;boundary=----WebKitFormBoundaryMYvmIGMOYPQstukh;charset=UTF-8' not supported]
25-04-17.23:13:03.766 [http-nio-8080-exec-1] WARN  DefaultHandlerExceptionResolver - Resolved [org.springframework.web.HttpMediaTypeNotSupportedException: Content type 'multipart/form-data;boundary=----WebKitFormBoundaryH8eSevUBOnVBuDoA;charset=UTF-8' not supported]
25-04-17.23:13:03.929 [http-nio-8080-exec-2] WARN  DefaultHandlerExceptionResolver - Resolved [org.springframework.web.HttpMediaTypeNotSupportedException: Content type 'multipart/form-data;boundary=----WebKitFormBoundaryYihKPHlJmL6Psj6P;charset=UTF-8' not supported]
25-04-17.23:13:04.090 [http-nio-8080-exec-4] WARN  DefaultHandlerExceptionResolver - Resolved [org.springframework.web.HttpMediaTypeNotSupportedException: Content type 'multipart/form-data;boundary=----WebKitFormBoundaryXgAg4X2rIgRFY6FL;charset=UTF-8' not supported]
25-04-17.23:13:04.231 [http-nio-8080-exec-3] WARN  DefaultHandlerExceptionResolver - Resolved [org.springframework.web.HttpMediaTypeNotSupportedException: Content type 'multipart/form-data;boundary=----WebKitFormBoundarydLn0r4o5nT15bz4u;charset=UTF-8' not supported]
25-04-17.23:13:04.390 [http-nio-8080-exec-5] WARN  DefaultHandlerExceptionResolver - Resolved [org.springframework.web.HttpMediaTypeNotSupportedException: Content type 'multipart/form-data;boundary=----WebKitFormBoundarywZ2to5ZWALcZJoaf;charset=UTF-8' not supported]
25-04-17.23:13:04.550 [http-nio-8080-exec-6] WARN  DefaultHandlerExceptionResolver - Resolved [org.springframework.web.HttpMediaTypeNotSupportedException: Content type 'multipart/form-data;boundary=----WebKitFormBoundaryO37BksaBpDKdT5LG;charset=UTF-8' not supported]
25-04-17.23:13:04.712 [http-nio-8080-exec-7] WARN  DefaultHandlerExceptionResolver - Resolved [org.springframework.web.HttpMediaTypeNotSupportedException: Content type 'multipart/form-data;boundary=----WebKitFormBoundaryrt8dBuHAFkA8ImbN;charset=UTF-8' not supported]
25-04-17.23:13:04.872 [http-nio-8080-exec-9] WARN  DefaultHandlerExceptionResolver - Resolved [org.springframework.web.HttpMediaTypeNotSupportedException: Content type 'multipart/form-data;boundary=----WebKitFormBoundaryZpUlqIPQz5YYrWb6;charset=UTF-8' not supported]
25-04-17.23:13:05.036 [http-nio-8080-exec-8] WARN  DefaultHandlerExceptionResolver - Resolved [org.springframework.web.HttpMediaTypeNotSupportedException: Content type 'multipart/form-data;boundary=----WebKitFormBoundaryJpvMf799ANJvCJuX;charset=UTF-8' not supported]
25-04-17.23:13:05.193 [http-nio-8080-exec-10] WARN  DefaultHandlerExceptionResolver - Resolved [org.springframework.web.HttpMediaTypeNotSupportedException: Content type 'multipart/form-data;boundary=----WebKitFormBoundarycMZufedqt5NgXUBk;charset=UTF-8' not supported]
25-04-17.23:13:05.353 [http-nio-8080-exec-1] WARN  DefaultHandlerExceptionResolver - Resolved [org.springframework.web.HttpMediaTypeNotSupportedException: Content type 'multipart/form-data;boundary=----WebKitFormBoundarybUAswPI5MiK0bMTX;charset=UTF-8' not supported]
25-04-17.23:13:05.509 [http-nio-8080-exec-2] WARN  DefaultHandlerExceptionResolver - Resolved [org.springframework.web.HttpMediaTypeNotSupportedException: Content type 'multipart/form-data;boundary=----WebKitFormBoundary0PJtAtk3Jl4P03rp;charset=UTF-8' not supported]
25-04-17.23:13:05.666 [http-nio-8080-exec-4] WARN  DefaultHandlerExceptionResolver - Resolved [org.springframework.web.HttpMediaTypeNotSupportedException: Content type 'multipart/form-data;boundary=----WebKitFormBoundaryR70BEO3ApSMoPJe2;charset=UTF-8' not supported]
25-04-17.23:13:05.825 [http-nio-8080-exec-3] WARN  DefaultHandlerExceptionResolver - Resolved [org.springframework.web.HttpMediaTypeNotSupportedException: Content type 'multipart/form-data;boundary=----WebKitFormBoundaryQlW9cLRM6XsHGgSZ;charset=UTF-8' not supported]
25-04-17.23:13:05.999 [http-nio-8080-exec-5] WARN  DefaultHandlerExceptionResolver - Resolved [org.springframework.web.HttpMediaTypeNotSupportedException: Content type 'multipart/form-data;boundary=----WebKitFormBoundaryyG9MkzQBCZkRgtiI;charset=UTF-8' not supported]
25-04-17.23:13:06.155 [http-nio-8080-exec-6] WARN  DefaultHandlerExceptionResolver - Resolved [org.springframework.web.HttpMediaTypeNotSupportedException: Content type 'multipart/form-data;boundary=----WebKitFormBoundaryLmFP6PI9B2gi7gdP;charset=UTF-8' not supported]
25-04-17.23:13:06.320 [http-nio-8080-exec-7] WARN  DefaultHandlerExceptionResolver - Resolved [org.springframework.web.HttpMediaTypeNotSupportedException: Content type 'multipart/form-data;boundary=----WebKitFormBoundaryhNJYTVK1Qc05R6VU;charset=UTF-8' not supported]
25-04-17.23:13:06.478 [http-nio-8080-exec-9] WARN  DefaultHandlerExceptionResolver - Resolved [org.springframework.web.HttpMediaTypeNotSupportedException: Content type 'multipart/form-data;boundary=----WebKitFormBoundarydkXzxhhLfOewlTg0;charset=UTF-8' not supported]
25-04-17.23:13:06.650 [http-nio-8080-exec-8] WARN  DefaultHandlerExceptionResolver - Resolved [org.springframework.web.HttpMediaTypeNotSupportedException: Content type 'multipart/form-data;boundary=----WebKitFormBoundaryS8deFNXxvhpm24s1;charset=UTF-8' not supported]
25-04-17.23:13:06.807 [http-nio-8080-exec-10] WARN  DefaultHandlerExceptionResolver - Resolved [org.springframework.web.HttpMediaTypeNotSupportedException: Content type 'multipart/form-data;boundary=----WebKitFormBoundaryEZt7VpktLk5jnTa9;charset=UTF-8' not supported]
25-04-17.23:13:06.974 [http-nio-8080-exec-1] WARN  DefaultHandlerExceptionResolver - Resolved [org.springframework.web.HttpMediaTypeNotSupportedException: Content type 'multipart/form-data;boundary=----WebKitFormBoundaryxUNChkmHJQuB25kx;charset=UTF-8' not supported]
25-04-17.23:13:07.132 [http-nio-8080-exec-2] WARN  DefaultHandlerExceptionResolver - Resolved [org.springframework.web.HttpMediaTypeNotSupportedException: Content type 'multipart/form-data;boundary=----WebKitFormBoundaryA0vYaUc9YotX6HaJ;charset=UTF-8' not supported]
25-04-17.23:13:07.306 [http-nio-8080-exec-4] WARN  DefaultHandlerExceptionResolver - Resolved [org.springframework.web.HttpMediaTypeNotSupportedException: Content type 'multipart/form-data;boundary=----WebKitFormBoundaryrsy7womyUa0VytX2;charset=UTF-8' not supported]
25-04-17.23:13:07.461 [http-nio-8080-exec-3] WARN  DefaultHandlerExceptionResolver - Resolved [org.springframework.web.HttpMediaTypeNotSupportedException: Content type 'multipart/form-data;boundary=----WebKitFormBoundaryGy82tXHmPjbK8rKA;charset=UTF-8' not supported]
25-04-17.23:13:07.622 [http-nio-8080-exec-5] WARN  DefaultHandlerExceptionResolver - Resolved [org.springframework.web.HttpMediaTypeNotSupportedException: Content type 'multipart/form-data;boundary=----WebKitFormBoundary7EJBIKHoLYS7fQ8Y;charset=UTF-8' not supported]
25-04-17.23:13:07.790 [http-nio-8080-exec-6] WARN  DefaultHandlerExceptionResolver - Resolved [org.springframework.web.HttpMediaTypeNotSupportedException: Content type 'multipart/form-data;boundary=----WebKitFormBoundarynefPyLChhpgONQhQ;charset=UTF-8' not supported]
25-04-17.23:13:13.854 [http-nio-8080-exec-7] WARN  DefaultHandlerExceptionResolver - Resolved [org.springframework.web.HttpMediaTypeNotSupportedException: Content type 'multipart/form-data;boundary=----WebKitFormBoundaryBQMJr8fTvYaXSjCX;charset=UTF-8' not supported]
25-04-17.23:13:14.549 [http-nio-8080-exec-9] WARN  DefaultHandlerExceptionResolver - Resolved [org.springframework.web.HttpMediaTypeNotSupportedException: Content type 'multipart/form-data;boundary=----WebKitFormBoundaryNUaMuTQow65VB7BW;charset=UTF-8' not supported]
25-04-17.23:13:14.794 [http-nio-8080-exec-8] WARN  DefaultHandlerExceptionResolver - Resolved [org.springframework.web.HttpMediaTypeNotSupportedException: Content type 'multipart/form-data;boundary=----WebKitFormBoundaryRmPVqdVowN0L7gip;charset=UTF-8' not supported]
25-04-17.23:13:14.985 [http-nio-8080-exec-10] WARN  DefaultHandlerExceptionResolver - Resolved [org.springframework.web.HttpMediaTypeNotSupportedException: Content type 'multipart/form-data;boundary=----WebKitFormBoundaryFa3zvhec1cjAPvif;charset=UTF-8' not supported]
25-04-17.23:13:15.216 [http-nio-8080-exec-1] WARN  DefaultHandlerExceptionResolver - Resolved [org.springframework.web.HttpMediaTypeNotSupportedException: Content type 'multipart/form-data;boundary=----WebKitFormBoundary1NRStRbpZDLQheBI;charset=UTF-8' not supported]
25-04-17.23:13:15.431 [http-nio-8080-exec-2] WARN  DefaultHandlerExceptionResolver - Resolved [org.springframework.web.HttpMediaTypeNotSupportedException: Content type 'multipart/form-data;boundary=----WebKitFormBoundaryb0L0KuOilpzYzXow;charset=UTF-8' not supported]
25-04-17.23:13:15.640 [http-nio-8080-exec-4] WARN  DefaultHandlerExceptionResolver - Resolved [org.springframework.web.HttpMediaTypeNotSupportedException: Content type 'multipart/form-data;boundary=----WebKitFormBoundaryPTMeHvmZJByBvTOD;charset=UTF-8' not supported]
25-04-17.23:13:15.858 [http-nio-8080-exec-3] WARN  DefaultHandlerExceptionResolver - Resolved [org.springframework.web.HttpMediaTypeNotSupportedException: Content type 'multipart/form-data;boundary=----WebKitFormBoundaryP7sOydlNgrKBV7RV;charset=UTF-8' not supported]
25-04-17.23:13:16.089 [http-nio-8080-exec-5] WARN  DefaultHandlerExceptionResolver - Resolved [org.springframework.web.HttpMediaTypeNotSupportedException: Content type 'multipart/form-data;boundary=----WebKitFormBoundary34uZeoChnWEoYPuz;charset=UTF-8' not supported]
25-04-17.23:13:26.039 [http-nio-8080-exec-7] WARN  DefaultHandlerExceptionResolver - Resolved [org.springframework.web.HttpRequestMethodNotSupportedException: Request method 'DELETE' not supported]
25-04-17.23:13:31.593 [http-nio-8080-exec-9] WARN  DefaultHandlerExceptionResolver - Resolved [org.springframework.web.HttpRequestMethodNotSupportedException: Request method 'DELETE' not supported]
25-04-17.23:32:05.482 [http-nio-8080-exec-3] WARN  DefaultHandlerExceptionResolver - Resolved [org.springframework.web.HttpRequestMethodNotSupportedException: Request method 'DELETE' not supported]
